
 BerkeleyGW version 3.0+git 62970aa-dirty by Woochang Kim <wkim94@login01.chn> at 2023-04-28 13:53:23 -0700
 Epsilon code, Complex version, run on 19-May-2023 at 14:25:43 -0700

 Running MPI version (parallel)
 Running with 128 MPI task(s)
 Computing the static inverse dielectric matrix

 We are using matrix communication scheme

 We are communicating via MPI

 We are using a truncated Coulomb interaction: cell slab
 Highest occupied band (unshifted grid) = 91
 Valence max    (unshifted grid) = -1.604594 eV
 Conduction min (unshifted grid) = .449381 eV
 Middle energy  (unshifted grid) = -.577607 eV
 Fermi  energy  (unshifted grid) = -.577607 eV

 Running with 16 valence pools
 Number of conduction bands per processor: 4
 Number of valence bands per processor: 6

 Memory available: 3792.8 MB per PE
 Memory required for execution: 35.0 MB per PE
 Memory required for vcoul: .0 MB per PE

 Cell Volume = 0.101481386E+05

 Number of electrons per unit cell (from ifmax) = 182.000000
 Number of electrons per unit cell (from occupations) = 182.000000
 Plasma Frequency = .949462 Ry

 - Screened Coulomb cutoff: 2.000 Ry
 - Total number of bands: 119
 - Number of q-points: 1

 Scissors parameters:
 - Valence:    es =   0.0000 eV, e0 =   0.0000 eV, edel =   0.0000
 - Conduction: es =   0.0000 eV, e0 =   0.0000 eV, edel =   0.0000


     q= 0.3333 0.0000 0.0000  nmtx=     478  nrk=  9

           independent matrix elements of chi       spin index= 1 1

          g          g**2          gp          gp**2          chi(g, gp)
    0    0    0   0.02358         0    0    0   0.02358       -0.0021895675   0.0000000000
    0    0    0   0.02358         0    0   -1   0.04127        0.0020627859  -0.0000025868
    0    0    0   0.02358         0    0    1   0.04127        0.0020627887  -0.0000026249
    0    0    0   0.02358        -1    0    0   0.09432        0.0000000025  -0.0000000025
    0    0    0   0.02358         0    0   -2   0.09433       -0.0017243502   0.0000091936
    0    0    0   0.02358         0    0    2   0.09433       -0.0017243550   0.0000092608
    0    0    0   0.02358        -1    0   -1   0.11201       -0.0000000027   0.0000000017
    0    0    0   0.02358        -1    0    1   0.11201       -0.0000000028   0.0000000017
    0    0    0   0.02358        -1   -1    0   0.16506        0.0000000002  -0.0000000006
    0    0    0   0.02358         0    1    0   0.16506        0.0000000033  -0.0000000023
    0    0    0   0.02358        -1    0   -2   0.16507        0.0000000035   0.0000000004
    0    0    0   0.02358        -1    0    2   0.16507        0.0000000037   0.0000000005
    0    0    0   0.02358        -1   -1   -1   0.18275       -0.0000000001   0.0000000005
    0    0    0   0.02358        -1   -1    1   0.18275       -0.0000000001   0.0000000005
    0    0    0   0.02358         0    1   -1   0.18275       -0.0000000036   0.0000000025
    0    0    0   0.02358         0    1    1   0.18275       -0.0000000035   0.0000000024
    0    0    0   0.02358         0    0   -3   0.18277        0.0012793521  -0.0000167913
    0    0    0   0.02358         0    0    3   0.18277        0.0012793575  -0.0000168716
    0    0    0   0.02358        -1   -1   -2   0.23581       -0.0000000001  -0.0000000001
    0    0    0   0.02358        -1   -1    2   0.23581       -0.0000000000  -0.0000000001
    0    0    0   0.02358         0    1   -2   0.23581        0.0000000042  -0.0000000029
    0    0    0   0.02358         0    1    2   0.23581        0.0000000041  -0.0000000027
    0    0    0   0.02358        -1    0   -3   0.25351       -0.0000000048  -0.0000000032
    0    0    0   0.02358        -1    0    3   0.25351       -0.0000000050  -0.0000000032
    0    0    0   0.02358         0   -1    0   0.30654       -0.0000000017   0.0000000060
    0    0    0   0.02358         1    1    0   0.30654        0.0000000031   0.0000000018
    0    0    0   0.02358         0    0   -4   0.30659       -0.0008483084   0.0000221159
    0    0    0   0.02358         0    0    4   0.30659       -0.0008483132   0.0000221900
    0    0    0   0.02358         0   -1   -1   0.32422        0.0000000024  -0.0000000055
    0    0    0   0.02358         2   -1   -2   1.93355        0.0000000006  -0.0000000001
    0    0    0   0.02358         2   -1    2   1.93355        0.0000000007   0.0000000001
    0    0    0   0.02358         3    1   -2   1.93355        0.0002255388   0.0002457457
    0    0    0   0.02358         3    1    2   1.93355        0.0002254948   0.0002457137
    0    0    0   0.02358        -1   -1  -10   1.93387        0.0000000005  -0.0000000011
    0    0    0   0.02358        -1   -1   10   1.93387        0.0000000004  -0.0000000011
    0    0    0   0.02358         0    1  -10   1.93387        0.0000000012  -0.0000000022
    0    0    0   0.02358         0    1   10   1.93387        0.0000000013  -0.0000000019
    0    0    0   0.02358         1   -2   -3   1.95125       -0.0000279935   0.0003916344
    0    0    0   0.02358         1   -2    3   1.95125       -0.0000280479   0.0003916612
    0    0    0   0.02358         3    2   -3   1.95125        0.0000000040   0.0000000027
    0    0    0   0.02358         3    2    3   1.95125        0.0000000037   0.0000000028
    0    0    0   0.02358        -3    0   -5   1.95131        0.0000000008  -0.0000000041
    0    0    0   0.02358        -3    0    5   1.95131        0.0000000008  -0.0000000041
    0    0   -1   0.04127         0    0   -1   0.04127       -0.0027754995   0.0000000000
    0    0    1   0.04127         0    0    1   0.04127       -0.0027755049   0.0000000000
   -1    0    0   0.09432        -1    0    0   0.09432       -0.0058079792   0.0000000000
    0    0   -2   0.09433         0    0   -2   0.09433       -0.0042097444   0.0000000000
    0    0    2   0.09433         0    0    2   0.09433       -0.0042097531   0.0000000000
   -1    0   -1   0.11201        -1    0   -1   0.11201       -0.0059291896   0.0000000000
   -1    0    1   0.11201        -1    0    1   0.11201       -0.0059291613   0.0000000000
   -1   -1    0   0.16506        -1   -1    0   0.16506       -0.0071907698   0.0000000000
    0    1    0   0.16506         0    1    0   0.16506       -0.0072662230   0.0000000000
   -1    0   -2   0.16507        -1    0   -2   0.16507       -0.0062300312   0.0000000000
   -1    0    2   0.16507        -1    0    2   0.16507       -0.0062299867   0.0000000000
   -1   -1   -1   0.18275        -1   -1   -1   0.18275       -0.0071133562   0.0000000000
   -1   -1    1   0.18275        -1   -1    1   0.18275       -0.0071134361   0.0000000000
    0    1   -1   0.18275         0    1   -1   0.18275       -0.0071828906   0.0000000000
    0    1    1   0.18275         0    1    1   0.18275       -0.0071828581   0.0000000000
    0    0   -3   0.18277         0    0   -3   0.18277       -0.0057672483   0.0000000000
    0    0    3   0.18277         0    0    3   0.18277       -0.0057672568   0.0000000000
   -1   -1   -2   0.23581        -1   -1   -2   0.23581       -0.0069221647   0.0000000000
   -1   -1    2   0.23581        -1   -1    2   0.23581       -0.0069222901   0.0000000000
    0    1   -2   0.23581         0    1   -2   0.23581       -0.0069786248   0.0000000000
    0    1    2   0.23581         0    1    2   0.23581       -0.0069785737   0.0000000000
   -1    0   -3   0.25351        -1    0   -3   0.25351       -0.0065567850   0.0000000000
   -1    0    3   0.25351        -1    0    3   0.25351       -0.0065567416   0.0000000000
    0   -1    0   0.30654         0   -1    0   0.30654       -0.0075976238   0.0000000000
    1    1    0   0.30654         1    1    0   0.30654       -0.0078392452   0.0000000000
    0    0   -4   0.30659         0    0   -4   0.30659       -0.0068131478   0.0000000000
    0    0    4   0.30659         0    0    4   0.30659       -0.0068131535   0.0000000000
    0   -1   -1   0.32422         0   -1   -1   0.32422       -0.0074166506   0.0000000000
   -2    1    2   1.22616         2   -1   -2   1.93355        0.0000000056   0.0000000073
   -3   -1   -2   1.22616         2   -1    2   1.93355        0.0000000014   0.0000000015
   -3   -1    2   1.22616         3    1   -2   1.93355        0.0007959449  -0.0004445687
   -2    0   -6   1.22627         3    1    2   1.93355        0.0000000046   0.0000000018
   -2    0    6   1.22627        -1   -1  -10   1.93387        0.0000000070   0.0000000042
   -1    0   -8   1.22636        -1   -1   10   1.93387        0.0000000021   0.0000000085
   -1    0    8   1.22636         0    1  -10   1.93387        0.0000000038   0.0000000039
   -1    2   -1   1.24383         0    1   10   1.93387       -0.0000000029  -0.0000000021
   -1    2    1   1.24383         1   -2   -3   1.95125        0.0007909861   0.0004027528
   -3   -2   -1   1.24383         1   -2    3   1.95125       -0.0000000004  -0.0000000012
   -3   -2    1   1.24383         3    2   -3   1.95125        0.0000000139  -0.0000000160
    1    0   -7   1.24399         3    2    3   1.95125       -0.0000000049  -0.0000000033
    1    0    7   1.24399        -3    0   -5   1.95131        0.0000000018   0.0000000090
   -1    2   -2   1.29690        -3    0    5   1.95131        0.0000000027   0.0000000032
