
 BerkeleyGW version 3.0+git 62970aa-dirty by Woochang Kim <wkim94@login01.chn> at 2023-04-28 13:53:23 -0700
 Epsilon code, Complex version, run on 19-May-2023 at 14:22:09 -0700

 Running MPI version (parallel)
 Running with 128 MPI task(s)
 Computing the static inverse dielectric matrix

 We are using matrix communication scheme

 We are communicating via MPI

 We are using a truncated Coulomb interaction: cell slab
 Highest occupied band (unshifted grid) = 91
 Valence max    (unshifted grid) = -1.604594 eV
 Conduction min (unshifted grid) = .449381 eV
 Middle energy  (unshifted grid) = -.577607 eV
 Fermi  energy  (unshifted grid) = -.577607 eV

 Highest occupied band (shifted grid) = 91
 Running with 16 valence pools
 Number of conduction bands per processor: 4
 Number of valence bands per processor: 6

 Memory available: 3800.4 MB per PE
 Memory required for execution: 47.8 MB per PE
 Memory required for vcoul: .0 MB per PE

 Cell Volume = 0.101481386E+05

 Number of electrons per unit cell (from ifmax) = 182.000000
 Number of electrons per unit cell (from occupations) = 182.000000
 Plasma Frequency = .949462 Ry

 - Screened Coulomb cutoff: 2.000 Ry
 - Total number of bands: 119
 - Number of q-points: 1

 Scissors parameters:
 - Valence:    es =   0.0000 eV, e0 =   0.0000 eV, edel =   0.0000
 - Conduction: es =   0.0000 eV, e0 =   0.0000 eV, edel =   0.0000
 Highest occupied band (shifted grid) = 91


     q= 0.0010 0.0000 0.0000  nmtx=     513  nrk=  9

           independent matrix elements of chi       spin index= 1 1

          g          g**2          gp          gp**2          chi(g, gp)
    0    0    0   0.00000         0    0    0   0.00000       -0.0000000234   0.0000000000
    0    0    0   0.00000         0    0   -1   0.01769        0.0000000221   0.0000002628
    0    0    0   0.00000         0    0    1   0.01769        0.0000000221  -0.0000002628
    0    0    0   0.00000         0    0   -2   0.07075       -0.0000000187  -0.0000004594
    0    0    0   0.00000         0    0    2   0.07075       -0.0000000187   0.0000004594
    0    0    0   0.00000         0    0   -3   0.15919        0.0000000141   0.0000005460
    0    0    0   0.00000         0    0    3   0.15919        0.0000000141  -0.0000005460
    0    0    0   0.00000        -1    0    0   0.21222        0.0000000093  -0.0000000223
    0    0    0   0.00000         1    0    0   0.21222        0.0000000093   0.0000000221
    0    0    0   0.00000         0   -1    0   0.21222       -0.0000000057  -0.0000000091
    0    0    0   0.00000         0    1    0   0.21222       -0.0000000057   0.0000000091
    0    0    0   0.00000        -1   -1    0   0.21222       -0.0000000003   0.0000000259
    0    0    0   0.00000         1    1    0   0.21222       -0.0000000003  -0.0000000259
    0    0    0   0.00000        -1    0   -1   0.22991       -0.0000000087   0.0000000217
    0    0    0   0.00000        -1    0    1   0.22991       -0.0000000091   0.0000000214
    0    0    0   0.00000         1    0   -1   0.22991       -0.0000000091  -0.0000000213
    0    0    0   0.00000         1    0    1   0.22991       -0.0000000087  -0.0000000216
    0    0    0   0.00000         0   -1   -1   0.22991        0.0000000053   0.0000000090
    0    0    0   0.00000         0   -1    1   0.22991        0.0000000057   0.0000000089
    0    0    0   0.00000         0    1   -1   0.22991        0.0000000057  -0.0000000089
    0    0    0   0.00000         0    1    1   0.22991        0.0000000053  -0.0000000090
    0    0    0   0.00000        -1   -1   -1   0.22991        0.0000000005  -0.0000000249
    0    0    0   0.00000        -1   -1    1   0.22991       -0.0000000000  -0.0000000250
    0    0    0   0.00000         1    1   -1   0.22991       -0.0000000000   0.0000000249
    0    0    0   0.00000         1    1    1   0.22991        0.0000000005   0.0000000248
    0    0    0   0.00000        -1    0   -2   0.28297        0.0000000076  -0.0000000198
    0    0    0   0.00000        -1    0    2   0.28297        0.0000000083  -0.0000000193
    0    0    0   0.00000         1    0   -2   0.28297        0.0000000083   0.0000000192
    0    0    0   0.00000         1    0    2   0.28297        0.0000000075   0.0000000197
    0    0    0   0.00000         0   -1   -2   0.28297       -0.0000000049  -0.0000000086
    0    0    0   0.00000         0   -1    2   0.28297       -0.0000000055  -0.0000000084
    0    0    0   0.00000         0    1   -2   0.28297       -0.0000000055   0.0000000084
    0    0    0   0.00000         1    1   10   1.98103       -0.0000000002  -0.0000000074
    0    0   -1   0.01769         0    0   -1   0.01769       -0.0008513951   0.0000000000
    0    0    1   0.01769         0    0    1   0.01769       -0.0008513951   0.0000000000
    0    0   -2   0.07075         0    0   -2   0.07075       -0.0029307826   0.0000000000
    0    0    2   0.07075         0    0    2   0.07075       -0.0029307825   0.0000000000
    0    0   -3   0.15919         0    0   -3   0.15919       -0.0051862211   0.0000000000
    0    0    3   0.15919         0    0    3   0.15919       -0.0051862210   0.0000000000
   -1    0    0   0.21222        -1    0    0   0.21222       -0.0076454191   0.0000000000
    1    0    0   0.21222         1    0    0   0.21222       -0.0076498757   0.0000000000
    0   -1    0   0.21222         0   -1    0   0.21222       -0.0076484285   0.0000000000
    0    1    0   0.21222         0    1    0   0.21222       -0.0076468795   0.0000000000
   -1   -1    0   0.21222        -1   -1    0   0.21222       -0.0076462012   0.0000000000
    1    1    0   0.21222         1    1    0   0.21222       -0.0076491084   0.0000000000
   -1    0   -1   0.22991        -1    0   -1   0.22991       -0.0074990638   0.0000000000
   -1    0    1   0.22991        -1    0    1   0.22991       -0.0074991391   0.0000000000
    1    0   -1   0.22991         1    0   -1   0.22991       -0.0075027693   0.0000000000
    1    0    1   0.22991         1    0    1   0.22991       -0.0075026939   0.0000000000
    0   -1   -1   0.22991         0   -1   -1   0.22991       -0.0075014773   0.0000000000
    0   -1    1   0.22991         0   -1    1   0.22991       -0.0075015528   0.0000000000
    0    1   -1   0.22991         0    1   -1   0.22991       -0.0075003670   0.0000000000
    0    1    1   0.22991         0    1    1   0.22991       -0.0075002920   0.0000000000
   -1   -1   -1   0.22991        -1   -1   -1   0.22991       -0.0074997389   0.0000000000
   -1   -1    1   0.22991        -1   -1    1   0.22991       -0.0074996629   0.0000000000
    1    1   -1   0.22991         1    1   -1   0.22991       -0.0075021075   0.0000000000
    1    1    1   0.22991         1    1    1   0.22991       -0.0075021829   0.0000000000
   -1    0   -2   0.28297        -1    0   -2   0.28297       -0.0071352582   0.0000000000
   -1    0    2   0.28297        -1    0    2   0.28297       -0.0071353732   0.0000000000
    1    0   -2   0.28297         1    0   -2   0.28297       -0.0071368797   0.0000000000
    1    0    2   0.28297         1    0    2   0.28297       -0.0071367646   0.0000000000
    0   -1   -2   0.28297         0   -1   -2   0.28297       -0.0071361306   0.0000000000
    0   -1    2   0.28297         0   -1    2   0.28297       -0.0071362459   0.0000000000
    0    1   -2   0.28297         0    1   -2   0.28297       -0.0071360139   0.0000000000
    0   -1    8   1.34426         1    1   10   1.98103       -0.0000000019   0.0000000020
