
 BerkeleyGW version 3.0+git 62970aa-dirty by Woochang Kim <wkim94@login01.chn> at 2023-04-28 13:53:23 -0700
 Epsilon code, Complex version, run on 19-May-2023 at 14:26:51 -0700

 Running MPI version (parallel)
 Running with 128 MPI task(s)
 Computing the static inverse dielectric matrix

 We are using matrix communication scheme

 We are communicating via MPI

 We are using a truncated Coulomb interaction: cell slab
 Highest occupied band (unshifted grid) = 91
 Valence max    (unshifted grid) = -1.604594 eV
 Conduction min (unshifted grid) = .449381 eV
 Middle energy  (unshifted grid) = -.577607 eV
 Fermi  energy  (unshifted grid) = -.577607 eV

 Running with 16 valence pools
 Number of conduction bands per processor: 4
 Number of valence bands per processor: 6

 Memory available: 3796.4 MB per PE
 Memory required for execution: 35.0 MB per PE
 Memory required for vcoul: .0 MB per PE

 Cell Volume = 0.101481386E+05

 Number of electrons per unit cell (from ifmax) = 182.000000
 Number of electrons per unit cell (from occupations) = 182.000000
 Plasma Frequency = .949462 Ry

 - Screened Coulomb cutoff: 2.000 Ry
 - Total number of bands: 119
 - Number of q-points: 1

 Scissors parameters:
 - Valence:    es =   0.0000 eV, e0 =   0.0000 eV, edel =   0.0000
 - Conduction: es =   0.0000 eV, e0 =   0.0000 eV, edel =   0.0000


     q= 0.3333 0.6667 0.0000  nmtx=     486  nrk=  9

           independent matrix elements of chi       spin index= 1 1

          g          g**2          gp          gp**2          chi(g, gp)
    0   -1    0   0.07074         0   -1    0   0.07074       -0.0049358452   0.0000000000
   -1   -1    0   0.07074        -1   -1    0   0.07074       -0.0049358450   0.0000000000
    0    0    0   0.07074         0   -1    0   0.07074        0.0000000017   0.0000000033
    0    0    0   0.07074        -1   -1    0   0.07074        0.0000000005   0.0000000005
    0    0    0   0.07074         0    0    0   0.07074       -0.0049358450   0.0000000000
    0    0    0   0.07074         0   -1   -1   0.08843       -0.0000000015  -0.0000000033
    0    0    0   0.07074         0   -1    1   0.08843       -0.0000000018  -0.0000000035
    0    0    0   0.07074        -1   -1   -1   0.08843       -0.0000000006  -0.0000000003
    0    0    0   0.07074        -1   -1    1   0.08843       -0.0000000006  -0.0000000003
    0    0    0   0.07074         0    0   -1   0.08843        0.0046503620   0.0000165415
    0    0    0   0.07074         0    0    1   0.08843        0.0046503451   0.0000164572
    0    0    0   0.07074         0   -1   -2   0.14149        0.0000000014   0.0000000035
    0    0    0   0.07074         0   -1    2   0.14149        0.0000000018   0.0000000039
    0    0    0   0.07074        -1   -1   -2   0.14149        0.0000000009  -0.0000000001
    0    0    0   0.07074        -1   -1    2   0.14149        0.0000000009  -0.0000000002
    0    0    0   0.07074         0    0   -2   0.14149       -0.0038872201  -0.0000586563
    0    0    0   0.07074         0    0    2   0.14149       -0.0038871908  -0.0000585067
    0    0    0   0.07074         0   -1   -3   0.22993       -0.0000000016  -0.0000000040
    0    0    0   0.07074         0   -1    3   0.22993       -0.0000000021  -0.0000000045
    0    0    0   0.07074        -1   -1   -3   0.22993       -0.0000000015   0.0000000006
    0    0    0   0.07074        -1   -1    3   0.22993       -0.0000000015   0.0000000007
    0    0    0   0.07074         0    0   -3   0.22993        0.0028813040   0.0001078878
    0    0    0   0.07074         0    0    3   0.22993        0.0028812703   0.0001077072
    0    0    0   0.07074         1    0    0   0.28296       -0.0000000013  -0.0000000318
    0    0    0   0.07074        -1   -2    0   0.28296       -0.0000000010  -0.0000000011
    0    0    0   0.07074        -1    0    0   0.28296        0.0000000168   0.0000000193
    0    0    0   0.07074         1    0   -1   0.30065        0.0000000017   0.0000000307
    0    0    0   0.07074         1    0    1   0.30065        0.0000000019   0.0000000305
    0    0    0   0.07074        -1   -2   -1   0.30065        0.0000000002   0.0000000012
    0    0    0   0.07074        -1   -2    1   0.30065        0.0000000002   0.0000000014
    0    0    0   0.07074        -1    0   -1   0.30065       -0.0000000172  -0.0000000186
    0    0    0   0.07074        -1    0    1   0.30065       -0.0000000174  -0.0000000185
    0    0    0   0.07074         1   -2   -7   1.99855       -0.0006643996   0.0009011753
    0    0    0   0.07074         1   -2    7   1.99855       -0.0006644385   0.0009011935
    0    0    0   0.07074        -3   -2   -7   1.99855        0.0000000061   0.0000000043
    0    0    0   0.07074        -3   -2    7   1.99855        0.0000000063   0.0000000042
    0    0    0   0.07074         1    2   -7   1.99855        0.0000000014  -0.0000000021
    0    0    0   0.07074         1    2    7   1.99855        0.0000000011  -0.0000000021
    0   -1   -1   0.08843         0   -1   -1   0.08843       -0.0051724520   0.0000000000
    0   -1    1   0.08843         0   -1    1   0.08843       -0.0051724189   0.0000000000
   -1   -1   -1   0.08843        -1   -1   -1   0.08843       -0.0051724517   0.0000000000
   -1   -1    1   0.08843        -1   -1    1   0.08843       -0.0051724186   0.0000000000
    0    0   -1   0.08843         0    0   -1   0.08843       -0.0051724518   0.0000000000
    0    0    1   0.08843         0    0    1   0.08843       -0.0051724188   0.0000000000
    0   -1   -2   0.14149         0   -1   -2   0.14149       -0.0057556216   0.0000000000
    0   -1    2   0.14149         0   -1    2   0.14149       -0.0057555695   0.0000000000
   -1   -1   -2   0.14149        -1   -1   -2   0.14149       -0.0057556214   0.0000000000
   -1   -1    2   0.14149        -1   -1    2   0.14149       -0.0057555692   0.0000000000
    0    0   -2   0.14149         0    0   -2   0.14149       -0.0057556214   0.0000000000
    0    0    2   0.14149         0    0    2   0.14149       -0.0057555694   0.0000000000
    0   -1   -3   0.22993         0   -1   -3   0.22993       -0.0063905301   0.0000000000
    0   -1    3   0.22993         0   -1    3   0.22993       -0.0063904790   0.0000000000
   -1   -1   -3   0.22993        -1   -1   -3   0.22993       -0.0063905299   0.0000000000
   -1   -1    3   0.22993        -1   -1    3   0.22993       -0.0063904786   0.0000000000
    0    0   -3   0.22993         0    0   -3   0.22993       -0.0063905299   0.0000000000
    0    0    3   0.22993         0    0    3   0.22993       -0.0063904789   0.0000000000
    1    0    0   0.28296         1    0    0   0.28296       -0.0076944964   0.0000000000
   -1   -2    0   0.28296        -1   -2    0   0.28296       -0.0076944959   0.0000000000
   -1    0    0   0.28296        -1    0    0   0.28296       -0.0076944959   0.0000000000
    1    0   -1   0.30065         1    0   -1   0.30065       -0.0075134655   0.0000000000
    1    0    1   0.30065         1    0    1   0.30065       -0.0075135435   0.0000000000
   -1   -2   -1   0.30065        -1   -2   -1   0.30065       -0.0075134652   0.0000000000
   -1   -2    1   0.30065        -1   -2    1   0.30065       -0.0075135428   0.0000000000
   -1    0   -1   0.30065        -1    0   -1   0.30065       -0.0075134650   0.0000000000
   -1    0    1   0.30065        -1    0    1   0.30065       -0.0075135429   0.0000000000
   -1   -1    8   1.20278         1   -2   -7   1.99855        0.0000000027  -0.0000000018
    0    0   -8   1.20278         1   -2    7   1.99855       -0.0009038424   0.0000950559
    0    0    8   1.20278        -3   -2   -7   1.99855        0.0000000061   0.0000000027
    1   -2   -3   1.29102        -3   -2    7   1.99855        0.0000000032   0.0000000054
    1   -2    3   1.29102         1    2   -7   1.99855        0.0000000041  -0.0000000024
   -3   -2   -3   1.29102         1    2    7   1.99855        0.0000000068   0.0000000101
