
 BerkeleyGW version 3.0+git 62970aa-dirty by Woochang Kim <wkim94@login01.chn> at 2023-04-28 13:53:23 -0700
 Epsilon code, Complex version, run on 19-May-2023 at 14:22:39 -0700

 Running MPI version (parallel)
 Running with 128 MPI task(s)
 Computing the static inverse dielectric matrix

 We are using matrix communication scheme

 We are communicating via MPI

 We are using a truncated Coulomb interaction: cell slab
 Highest occupied band (unshifted grid) = 91
 Valence max    (unshifted grid) = -1.604594 eV
 Conduction min (unshifted grid) = .449381 eV
 Middle energy  (unshifted grid) = -.577607 eV
 Fermi  energy  (unshifted grid) = -.577607 eV

 Running with 16 valence pools
 Number of conduction bands per processor: 4
 Number of valence bands per processor: 6

 Memory available: 3796.6 MB per PE
 Memory required for execution: 35.0 MB per PE
 Memory required for vcoul: .0 MB per PE

 Cell Volume = 0.101481386E+05

 Number of electrons per unit cell (from ifmax) = 182.000000
 Number of electrons per unit cell (from occupations) = 182.000000
 Plasma Frequency = .949462 Ry

 - Screened Coulomb cutoff: 2.000 Ry
 - Total number of bands: 119
 - Number of q-points: 1

 Scissors parameters:
 - Valence:    es =   0.0000 eV, e0 =   0.0000 eV, edel =   0.0000
 - Conduction: es =   0.0000 eV, e0 =   0.0000 eV, edel =   0.0000


     q= 0.0000 0.3333 0.0000  nmtx=     478  nrk=  9

           independent matrix elements of chi       spin index= 1 1

          g          g**2          gp          gp**2          chi(g, gp)
    0    0    0   0.02358         0    0    0   0.02358       -0.0021895674   0.0000000000
    0    0    0   0.02358         0    0   -1   0.04127        0.0020627858  -0.0000025867
    0    0    0   0.02358         0    0    1   0.04127        0.0020627886  -0.0000026249
    0    0    0   0.02358         0   -1    0   0.09432        0.0000000003  -0.0000000011
    0    0    0   0.02358         0    0   -2   0.09433       -0.0017243502   0.0000091935
    0    0    0   0.02358         0    0    2   0.09433       -0.0017243549   0.0000092607
    0    0    0   0.02358         0   -1   -1   0.11201       -0.0000000004   0.0000000008
    0    0    0   0.02358         0   -1    1   0.11201       -0.0000000004   0.0000000007
    0    0    0   0.02358        -1   -1    0   0.16506        0.0000000010   0.0000000005
    0    0    0   0.02358         1    0    0   0.16506       -0.0000000003  -0.0000000087
    0    0    0   0.02358         0   -1   -2   0.16507        0.0000000007   0.0000000002
    0    0    0   0.02358         0   -1    2   0.16507        0.0000000009   0.0000000004
    0    0    0   0.02358        -1   -1   -1   0.18275       -0.0000000011  -0.0000000004
    0    0    0   0.02358        -1   -1    1   0.18275       -0.0000000011  -0.0000000004
    0    0    0   0.02358         1    0   -1   0.18275        0.0000000003   0.0000000086
    0    0    0   0.02358         1    0    1   0.18275        0.0000000004   0.0000000085
    0    0    0   0.02358         0    0   -3   0.18277        0.0012793520  -0.0000167912
    0    0    0   0.02358         0    0    3   0.18277        0.0012793574  -0.0000168714
    0    0    0   0.02358        -1   -1   -2   0.23581        0.0000000017   0.0000000003
    0    0    0   0.02358        -1   -1    2   0.23581        0.0000000017   0.0000000002
    0    0    0   0.02358         1    0   -2   0.23581       -0.0000000004  -0.0000000083
    0    0    0   0.02358         1    0    2   0.23581       -0.0000000005  -0.0000000082
    0    0    0   0.02358         0   -1   -3   0.25351       -0.0000000014  -0.0000000015
    0    0    0   0.02358         0   -1    3   0.25351       -0.0000000016  -0.0000000018
    0    0    0   0.02358        -1    0    0   0.30654        0.0000000080   0.0000000121
    0    0    0   0.02358         1    1    0   0.30654        0.0000000022   0.0000000035
    0    0    0   0.02358         0    0   -4   0.30659       -0.0008483084   0.0000221157
    0    0    0   0.02358         0    0    4   0.30659       -0.0008483131   0.0000221898
    0    0    0   0.02358        -1    0   -1   0.32422       -0.0000000083  -0.0000000113
    0    0    0   0.02358        -1    2   -2   1.93355        0.0002255388   0.0002457457
    0    0    0   0.02358        -1    2    2   1.93355        0.0002254947   0.0002457138
    0    0    0   0.02358         1    3   -2   1.93355        0.0000000039   0.0000000022
    0    0    0   0.02358         1    3    2   1.93355        0.0000000039   0.0000000023
    0    0    0   0.02358        -1   -1  -10   1.93387        0.0000000003   0.0000000008
    0    0    0   0.02358        -1   -1   10   1.93387        0.0000000004   0.0000000009
    0    0    0   0.02358         1    0  -10   1.93387        0.0000000005  -0.0000000090
    0    0    0   0.02358         1    0   10   1.93387        0.0000000008  -0.0000000089
    0    0    0   0.02358        -2    1   -3   1.95125        0.0000000004   0.0000000025
    0    0    0   0.02358        -2    1    3   1.95125        0.0000000005   0.0000000024
    0    0    0   0.02358         2    3   -3   1.95125       -0.0000279935   0.0003916344
    0    0    0   0.02358         2    3    3   1.95125       -0.0000280478   0.0003916612
    0    0    0   0.02358         0   -3   -5   1.95131        0.0000000017  -0.0000000006
    0    0    0   0.02358         0   -3    5   1.95131        0.0000000017  -0.0000000006
    0    0   -1   0.04127         0    0   -1   0.04127       -0.0027754995   0.0000000000
    0    0    1   0.04127         0    0    1   0.04127       -0.0027755048   0.0000000000
    0   -1    0   0.09432         0   -1    0   0.09432       -0.0058079793   0.0000000000
    0    0   -2   0.09433         0    0   -2   0.09433       -0.0042097444   0.0000000000
    0    0    2   0.09433         0    0    2   0.09433       -0.0042097529   0.0000000000
    0   -1   -1   0.11201         0   -1   -1   0.11201       -0.0059291897   0.0000000000
    0   -1    1   0.11201         0   -1    1   0.11201       -0.0059291614   0.0000000000
   -1   -1    0   0.16506        -1   -1    0   0.16506       -0.0072662227   0.0000000000
    1    0    0   0.16506         1    0    0   0.16506       -0.0071907703   0.0000000000
    0   -1   -2   0.16507         0   -1   -2   0.16507       -0.0062300314   0.0000000000
    0   -1    2   0.16507         0   -1    2   0.16507       -0.0062299869   0.0000000000
   -1   -1   -1   0.18275        -1   -1   -1   0.18275       -0.0071828906   0.0000000000
   -1   -1    1   0.18275        -1   -1    1   0.18275       -0.0071828577   0.0000000000
    1    0   -1   0.18275         1    0   -1   0.18275       -0.0071133566   0.0000000000
    1    0    1   0.18275         1    0    1   0.18275       -0.0071134368   0.0000000000
    0    0   -3   0.18277         0    0   -3   0.18277       -0.0057672483   0.0000000000
    0    0    3   0.18277         0    0    3   0.18277       -0.0057672566   0.0000000000
   -1   -1   -2   0.23581        -1   -1   -2   0.23581       -0.0069786249   0.0000000000
   -1   -1    2   0.23581        -1   -1    2   0.23581       -0.0069785733   0.0000000000
    1    0   -2   0.23581         1    0   -2   0.23581       -0.0069221649   0.0000000000
    1    0    2   0.23581         1    0    2   0.23581       -0.0069222909   0.0000000000
    0   -1   -3   0.25351         0   -1   -3   0.25351       -0.0065567851   0.0000000000
    0   -1    3   0.25351         0   -1    3   0.25351       -0.0065567418   0.0000000000
   -1    0    0   0.30654        -1    0    0   0.30654       -0.0078392447   0.0000000000
    1    1    0   0.30654         1    1    0   0.30654       -0.0075976236   0.0000000000
    0    0   -4   0.30659         0    0   -4   0.30659       -0.0068131479   0.0000000000
    0    0    4   0.30659         0    0    4   0.30659       -0.0068131533   0.0000000000
   -1    0   -1   0.32422        -1    0   -1   0.32422       -0.0076415013   0.0000000000
    1   -2    2   1.22616        -1    2   -2   1.93355        0.0007959449  -0.0004445687
   -1   -3   -2   1.22616        -1    2    2   1.93355       -0.0000000019   0.0000000161
   -1   -3    2   1.22616         1    3   -2   1.93355        0.0000000050   0.0000000014
    0   -2   -6   1.22627         1    3    2   1.93355       -0.0006274391   0.0001985317
    0   -2    6   1.22627        -1   -1  -10   1.93387        0.0000000093  -0.0000000044
    0   -1   -8   1.22636        -1   -1   10   1.93387        0.0000000066   0.0000000185
    0   -1    8   1.22636         1    0  -10   1.93387        0.0000000035   0.0000000033
    2   -1   -1   1.24383         1    0   10   1.93387       -0.0000000031   0.0000000041
    2   -1    1   1.24383        -2    1   -3   1.95125        0.0000000059  -0.0000000079
   -2   -3   -1   1.24383        -2    1    3   1.95125        0.0000000005   0.0000000013
   -2   -3    1   1.24383         2    3   -3   1.95125        0.0007909858   0.0004027529
    0    1   -7   1.24399         2    3    3   1.95125       -0.0000000038  -0.0000000038
    0    1    7   1.24399         0   -3   -5   1.95131        0.0000000045   0.0000000046
    2   -1   -2   1.29690         0   -3    5   1.95131        0.0000000090   0.0000000023
