
 BerkeleyGW version 3.0+git 62970aa-dirty by Woochang Kim <wkim94@login01.chn> at 2023-04-28 13:53:23 -0700
 Epsilon code, Complex version, run on 19-May-2023 at 14:27:42 -0700

 Running MPI version (parallel)
 Running with 128 MPI task(s)
 Computing the static inverse dielectric matrix

 We are using matrix communication scheme

 We are communicating via MPI

 We are using a truncated Coulomb interaction: cell slab
 Highest occupied band (unshifted grid) = 91
 Valence max    (unshifted grid) = -1.604594 eV
 Conduction min (unshifted grid) = .449381 eV
 Middle energy  (unshifted grid) = -.577607 eV
 Fermi  energy  (unshifted grid) = -.577607 eV

 Running with 16 valence pools
 Number of conduction bands per processor: 4
 Number of valence bands per processor: 6

 Memory available: 3795.1 MB per PE
 Memory required for execution: 35.0 MB per PE
 Memory required for vcoul: .0 MB per PE

 Cell Volume = 0.101481386E+05

 Number of electrons per unit cell (from ifmax) = 182.000000
 Number of electrons per unit cell (from occupations) = 182.000000
 Plasma Frequency = .949462 Ry

 - Screened Coulomb cutoff: 2.000 Ry
 - Total number of bands: 119
 - Number of q-points: 1

 Scissors parameters:
 - Valence:    es =   0.0000 eV, e0 =   0.0000 eV, edel =   0.0000
 - Conduction: es =   0.0000 eV, e0 =   0.0000 eV, edel =   0.0000


     q= 0.6667 0.3333 0.0000  nmtx=     486  nrk=  9

           independent matrix elements of chi       spin index= 1 1

          g          g**2          gp          gp**2          chi(g, gp)
   -1    0    0   0.07074        -1    0    0   0.07074       -0.0049358449   0.0000000000
   -1   -1    0   0.07074        -1   -1    0   0.07074       -0.0049358449   0.0000000000
    0    0    0   0.07074        -1    0    0   0.07074        0.0000000071   0.0000000071
    0    0    0   0.07074        -1   -1    0   0.07074        0.0000000005   0.0000000005
    0    0    0   0.07074         0    0    0   0.07074       -0.0049358451   0.0000000000
    0    0    0   0.07074        -1    0   -1   0.08843       -0.0000000070  -0.0000000076
    0    0    0   0.07074        -1    0    1   0.08843       -0.0000000073  -0.0000000076
    0    0    0   0.07074        -1   -1   -1   0.08843       -0.0000000004  -0.0000000006
    0    0    0   0.07074        -1   -1    1   0.08843       -0.0000000005  -0.0000000005
    0    0    0   0.07074         0    0   -1   0.08843        0.0046503451  -0.0000164572
    0    0    0   0.07074         0    0    1   0.08843        0.0046503621  -0.0000165415
    0    0    0   0.07074        -1    0   -2   0.14149        0.0000000072   0.0000000090
    0    0    0   0.07074        -1    0    2   0.14149        0.0000000077   0.0000000090
    0    0    0   0.07074        -1   -1   -2   0.14149        0.0000000005   0.0000000007
    0    0    0   0.07074        -1   -1    2   0.14149        0.0000000006   0.0000000006
    0    0    0   0.07074         0    0   -2   0.14149       -0.0038871909   0.0000585066
    0    0    0   0.07074         0    0    2   0.14149       -0.0038872202   0.0000586563
    0    0    0   0.07074        -1    0   -3   0.22993       -0.0000000081  -0.0000000109
    0    0    0   0.07074        -1    0    3   0.22993       -0.0000000086  -0.0000000110
    0    0    0   0.07074        -1   -1   -3   0.22993       -0.0000000009  -0.0000000007
    0    0    0   0.07074        -1   -1    3   0.22993       -0.0000000011  -0.0000000006
    0    0    0   0.07074         0    0   -3   0.22993        0.0028812704  -0.0001077072
    0    0    0   0.07074         0    0    3   0.22993        0.0028813041  -0.0001078878
    0    0    0   0.07074        -2   -1    0   0.28296       -0.0000000036  -0.0000000126
    0    0    0   0.07074         0    1    0   0.28296        0.0000000058  -0.0000000097
    0    0    0   0.07074         0   -1    0   0.28296       -0.0000000024   0.0000000137
    0    0    0   0.07074        -2   -1   -1   0.30065        0.0000000017   0.0000000126
    0    0    0   0.07074        -2   -1    1   0.30065        0.0000000017   0.0000000125
    0    0    0   0.07074         0    1   -1   0.30065       -0.0000000062   0.0000000095
    0    0    0   0.07074         0    1    1   0.30065       -0.0000000059   0.0000000092
    0    0    0   0.07074         0   -1   -1   0.30065        0.0000000028  -0.0000000129
    0    0    0   0.07074         0   -1    1   0.30065        0.0000000025  -0.0000000131
    0    0    0   0.07074        -2    1   -7   1.99855        0.0000000028   0.0000000001
    0    0    0   0.07074        -2    1    7   1.99855        0.0000000026   0.0000000003
    0    0    0   0.07074         2    1   -7   1.99855       -0.0000000005   0.0000000153
    0    0    0   0.07074         2    1    7   1.99855       -0.0000000003   0.0000000157
    0    0    0   0.07074        -2   -3   -7   1.99855       -0.0006644385  -0.0009011934
    0    0    0   0.07074        -2   -3    7   1.99855       -0.0006643997  -0.0009011753
   -1    0   -1   0.08843        -1    0   -1   0.08843       -0.0051724187   0.0000000000
   -1    0    1   0.08843        -1    0    1   0.08843       -0.0051724516   0.0000000000
   -1   -1   -1   0.08843        -1   -1   -1   0.08843       -0.0051724187   0.0000000000
   -1   -1    1   0.08843        -1   -1    1   0.08843       -0.0051724516   0.0000000000
    0    0   -1   0.08843         0    0   -1   0.08843       -0.0051724188   0.0000000000
    0    0    1   0.08843         0    0    1   0.08843       -0.0051724519   0.0000000000
   -1    0   -2   0.14149        -1    0   -2   0.14149       -0.0057555693   0.0000000000
   -1    0    2   0.14149        -1    0    2   0.14149       -0.0057556213   0.0000000000
   -1   -1   -2   0.14149        -1   -1   -2   0.14149       -0.0057555693   0.0000000000
   -1   -1    2   0.14149        -1   -1    2   0.14149       -0.0057556213   0.0000000000
    0    0   -2   0.14149         0    0   -2   0.14149       -0.0057555695   0.0000000000
    0    0    2   0.14149         0    0    2   0.14149       -0.0057556216   0.0000000000
   -1    0   -3   0.22993        -1    0   -3   0.22993       -0.0063904789   0.0000000000
   -1    0    3   0.22993        -1    0    3   0.22993       -0.0063905298   0.0000000000
   -1   -1   -3   0.22993        -1   -1   -3   0.22993       -0.0063904789   0.0000000000
   -1   -1    3   0.22993        -1   -1    3   0.22993       -0.0063905298   0.0000000000
    0    0   -3   0.22993         0    0   -3   0.22993       -0.0063904789   0.0000000000
    0    0    3   0.22993         0    0    3   0.22993       -0.0063905301   0.0000000000
   -2   -1    0   0.28296        -2   -1    0   0.28296       -0.0076944958   0.0000000000
    0    1    0   0.28296         0    1    0   0.28296       -0.0076944962   0.0000000000
    0   -1    0   0.28296         0   -1    0   0.28296       -0.0076944965   0.0000000000
   -2   -1   -1   0.30065        -2   -1   -1   0.30065       -0.0075135429   0.0000000000
   -2   -1    1   0.30065        -2   -1    1   0.30065       -0.0075134648   0.0000000000
    0    1   -1   0.30065         0    1   -1   0.30065       -0.0075135431   0.0000000000
    0    1    1   0.30065         0    1    1   0.30065       -0.0075134655   0.0000000000
    0   -1   -1   0.30065         0   -1   -1   0.30065       -0.0075135435   0.0000000000
    0   -1    1   0.30065         0   -1    1   0.30065       -0.0075134656   0.0000000000
   -1   -1    8   1.20278        -2    1   -7   1.99855       -0.0009038425  -0.0000950559
    0    0   -8   1.20278        -2    1    7   1.99855        0.0000000027   0.0000000019
    0    0    8   1.20278         2    1   -7   1.99855       -0.0000000082   0.0000000123
   -2    1   -3   1.29102         2    1    7   1.99855        0.0000000027  -0.0000000053
   -2    1    3   1.29102        -2   -3   -7   1.99855        0.0000000041   0.0000000022
    2    1   -3   1.29102        -2   -3    7   1.99855        0.0000000064  -0.0000000100
