
 BerkeleyGW version 3.0+git 62970aa-dirty by Woochang Kim <wkim94@login01.chn> at 2023-04-28 13:53:23 -0700
 Epsilon code, Complex version, run on 16-May-2023 at 10:39:50 -0700

                                                                 ..o.          
                                                                .oxxo.         
                                                               .oxxxxo...      
                                                               oxxxxxxo.       
                                                              .oxxxxxxx.       
                                                              .ooooooxxo..     
                                                              .oooooooxo..     
                                                              .oooooxxo...     
                                                       .........oxooo......    
                                                 ............................  
                                             ................................. 
                                          .................................... 
           .          ..oo. ....  .................................oooxxxxxxxo.
     .............oxxxx@ox@@@x@x.....................o...........ooooooooooxx. 
    .o.........oox@x.oo........xxx@@............ooxxxxo..........ooooxxxxxoxo  
    .x........x@xxo...............o@xxo........oxxx@@@xoooooooooooooooxxxo...  
    .o......ox@@o..................oox@o.....ooxxx@xoooxxxxxxxoooooooooooo.... 
    o..ooooo@@xoooo....ooo...........x@o.....ooxxxxo   .oxxxxxxxxxxooooooo.... 
    . .oooo@@@@@@@@@@@@@@@@@@@@@@@@@@@@@@....ooooox.     .oxx@@@@@xxoo........ 
      .ooooxxxxxxxooooooxooooooooooooooxo...oooooxx.        ..ox@xxxoo.........
      .ooooooxxxx@xoooooooooooooxxoooooooooooxxxxx.            .oxxooooooooxxo.
     .oooooxxxxx@@@xxxxxxxxxxxxxxxxxxxxxxxxoxxxxo.                .oxxxxxxxxo. 
   ....oooxxxxx@@@xo..oxxx@@@@@@xxxxoxxoooooooxx.                  .oxxxoo..   
  .....ooxxxx@@xo.       ........    .ooooooooxxo                              
  ..oooxxxx@@@o                       .oooooooxoo.                             
  ....oxooxxxxx.                       .ooo..oooo.                             
  .....o.ooxxxxxo.                     .oooooooxo.                             
 ......ooooxxxxxxo.                     .ooooooxoo..                           
........ooxxxxxxxo..                     .o....oxoo...                         
.......ooooxxxxxxxo.                     ........oooo.                         
.ooooooo..ooxxxxoooo.                    .........ooo...                       
..oxo...ooooxxxoooo..                    .ooo......oooo...                     
  .ooooo....o.                            .oxxxoo....ooo....                   
    .oooooo...                              ...ooooo...ooo..                   
       ...                                     .oo.......                      
                                               ....ooo...                      
                      __              __                                       
 ______              [  |            [  |                 ._____  _          _ 
|_   _ \              | |  _          | |                /  ___ \| |        | |
  | |_) | .---.  _. _.| | / |  .---.  | | .---.  _    _ / /    \_|\ \  /\  / / 
  |  __'./ /__\\[ /`\_| '' <  / /__\\ | |/ /__\\| \  | | |   _____ \ \/  \/ /  
 _| |__| | \__. | |   | |`\ \ | \___. | || \___. \ \/ / \ \.___| |  \  /\  /   
|_______/ \.__./[_]  [__|  \_] \.__./[___]\.__./  \  /   \.____./    \/  \/    
                                                  / /                          
                                                 /_/                           
 --------------------------------------------------------------------------------
 Please cite the main BerkeleyGW paper when using results from this calculation:

 Jack Deslippe, Georgy Samsonidze, David A. Strubbe, Manish Jain, Marvin L.
 Cohen, and Steven G. Louie, "BerkeleyGW: A Massively Parallel Computer Package
 for the Calculation of the Quasiparticle and Optical Properties of Materials
 and Nanostructures," Comput. Phys. Commun. 183, 1269 (2012)

 Aditionally, PLEASE CITE ALL PAPERS REPORTED AT THE END OF THIS CALCULATION.
 --------------------------------------------------------------------------------

 Running MPI version (parallel)
 Running with 128 MPI task(s)
 Using OpenMP. Number of threads per MPI task: 1
 Number of threads used for sorting routines: 1

 Compilation flags:
 - Compiler: GNU
 - Para. flags: MPI, OMP
 - Math  flags: USESCALAPACK, UNPACKED, USEFFTW3, HDF5
 - Debug flags: 

 Running with verbosity level 1 (default).

 We will start a new calculation from scratch.

 Experimental Features:
  - FFTs Optimization Level: 0
  - Use HDF5 Parallel IO: F


 We`ll perform a uniform sampling of the full BZ.

 Computing the static inverse dielectric matrix

 We are using matrix communication scheme

 We are communicating via MPI

 We are using a truncated Coulomb interaction: cell slab
 Reading header of WFN
 Highest occupied band (unshifted grid) = 91
 Valence max    (unshifted grid) = -1.604594 eV
 Conduction min (unshifted grid) = .449381 eV
 Middle energy  (unshifted grid) = -.577607 eV
 Fermi  energy  (unshifted grid) = -.577607 eV

 Reading header of WFNq
 Highest occupied band (shifted grid) = 91

 Calculation parameters:
 - Cutoff of the dielectric matrix (Ry): 2.00
 - Total number of bands in the calculation: 119
 - Number of fully occupied valence bands: 91
 - Number of partially occ. conduction bands: 0
 - Monkhorst-Pack q-grid for epsilon(q): 3 3 1

 Running with 16 valence pools
 Number of conduction bands per processor: 4
 Number of valence bands per processor: 6

 Memory available: 3787.3 MB per PE
 Memory required for execution: 47.8 MB per PE
 Memory required for vcoul: .0 MB per PE

 Number of electrons per unit cell (from ifmax) = 182.000000
 Number of electrons per unit cell (from occupations) = 182.000000
 Plasma Frequency = .949462 Ry


 Started reading wavefunctions (WFN) with 1071 state(s) at 10:39:50.
 [ 10:39:50 |   0% ] state    1 / 1071.
 [ 10:39:50 |   0% ] state    3 / 1071, remaining: 4 s.
 [ 10:39:50 |  10% ] state  108 / 1071, remaining: 1 s.
 [ 10:39:50 |  20% ] state  215 / 1071, remaining: 1 s.
 [ 10:39:50 |  30% ] state  322 / 1071, remaining: 1 s.
 [ 10:39:50 |  40% ] state  429 / 1071, remaining: 0 s.
 [ 10:39:50 |  50% ] state  536 / 1071, remaining: 0 s.
 [ 10:39:51 |  60% ] state  643 / 1071, remaining: 0 s.
 [ 10:39:51 |  70% ] state  750 / 1071, remaining: 0 s.
 [ 10:39:51 |  80% ] state  857 / 1071, remaining: 0 s.
 [ 10:39:51 |  90% ] state  964 / 1071, remaining: 0 s.
 [ 10:39:51 | 100% ] state 1071 / 1071, remaining: 0 s.
 Finished reading wavefunctions (WFN) at 10:39:51.
 Elapsed time: 1 s.

 Initializing chi0mat.h5
 Initializing chimat.h5
 - Screened Coulomb cutoff: 2.000 Ry
 - Total number of bands: 119
 - Number of q-points: 9

 Scissors parameters:
 - Valence:    es =   0.0000 eV, e0 =   0.0000 eV, edel =   0.0000
 - Conduction: es =   0.0000 eV, e0 =   0.0000 eV, edel =   0.0000

 Q0 and |Q0| =  0.001000  0.000000  0.000000  0.000461
 Q  and |Q|  =  0.000000  0.333333  0.000000  0.153557
 Q  and |Q|  =  0.000000  0.666667  0.000000  0.307114
 Q  and |Q|  =  0.333333  0.000000  0.000000  0.153557
 Q  and |Q|  =  0.333333  0.333333  0.000000  0.153557
 Q  and |Q|  =  0.333333  0.666667  0.000000  0.265968
 Q  and |Q|  =  0.666667  0.000000  0.000000  0.307114
 Q  and |Q|  =  0.666667  0.333333  0.000000  0.265968
 Q  and |Q|  =  0.666667  0.666667  0.000000  0.307114

 GPU acceleration is : DISABLED

 Algorithms used:
 - mtxel         : CPU_ALGO
 - chi_summation : CPU_ALGO

 You have a slightly shifted q0 vector and a semiconductor.
 So, reading from WFNq.
 Reading header of WFNq
 Highest occupied band (shifted grid) = 91

 Started reading wavefunctions (WFNq) with 819 state(s) at 10:39:51.
 [ 10:39:51 |   0% ] state   1 / 819.
 [ 10:39:51 |   0% ] state   3 / 819, remaining: 3 s.
 [ 10:39:52 |  10% ] state  82 / 819, remaining: 4 s.
 [ 10:39:52 |  20% ] state 164 / 819, remaining: 2 s.
 [ 10:39:52 |  30% ] state 246 / 819, remaining: 2 s.
 [ 10:39:52 |  40% ] state 328 / 819, remaining: 1 s.
 [ 10:39:52 |  50% ] state 410 / 819, remaining: 1 s.
 [ 10:39:52 |  60% ] state 492 / 819, remaining: 1 s.
 [ 10:39:52 |  70% ] state 574 / 819, remaining: 0 s.
 [ 10:39:52 |  80% ] state 656 / 819, remaining: 0 s.
 [ 10:39:53 |  90% ] state 738 / 819, remaining: 0 s.
 Finished reading wavefunctions (WFNq) at 10:39:53.
 Elapsed time: 2 s.

 Summary of the WFN files:
 - Number of k-points in WFN: 9
 - Number of k-points in WFNq: 9
 - Number of k-points in the full BZ of WFN: 9

================================================================================
 10:39:53   Dealing with q =  0.001000  0.000000  0.000000                 1 / 9
================================================================================

 This is the special q->0 point.
 Rank of the polarizability matrix (nmtx): 513

 BLACS processor grid:   8 x  16; BLOCKSIZE =   32

 Number of k-points in the irreducible BZ(q) (nrk): 9

 Started calculation of matrix elements with 54 transition(s) at 10:39:53.
 [ 10:39:53 |   0% ] transition  1 / 54.
 [ 10:39:53 |   4% ] transition  3 / 54, remaining: 1 s.
 [ 10:39:53 |   9% ] transition  6 / 54, remaining: 1 s.
 [ 10:39:53 |  19% ] transition 11 / 54, remaining: 1 s.
 [ 10:39:53 |  30% ] transition 17 / 54, remaining: 1 s.
 [ 10:39:53 |  39% ] transition 22 / 54, remaining: 1 s.
 [ 10:39:53 |  50% ] transition 28 / 54, remaining: 0 s.
 [ 10:39:53 |  59% ] transition 33 / 54, remaining: 0 s.
 [ 10:39:53 |  69% ] transition 38 / 54, remaining: 0 s.
 [ 10:39:53 |  80% ] transition 44 / 54, remaining: 0 s.
 [ 10:39:53 |  89% ] transition 49 / 54, remaining: 0 s.
 Finished calculation of matrix elements at 10:39:53.
 Elapsed time: 1 s.

 Preparing simple convergence tests with 28 unoccupied bands.

 Started building polarizability matrix with 128 processor(s) at 10:39:54.
 [ 10:39:54 |   0% ] processor   1 / 128.
 [ 10:39:54 |   2% ] processor   3 / 128, remaining: 0 s.
 [ 10:39:54 |   9% ] processor  13 / 128, remaining: 0 s.
 [ 10:39:54 |  20% ] processor  26 / 128, remaining: 0 s.
 [ 10:39:54 |  30% ] processor  39 / 128, remaining: 0 s.
 [ 10:39:54 |  40% ] processor  52 / 128, remaining: 0 s.
 [ 10:39:54 |  50% ] processor  65 / 128, remaining: 0 s.
 [ 10:39:54 |  59% ] processor  77 / 128, remaining: 0 s.
 [ 10:39:54 |  70% ] processor  90 / 128, remaining: 0 s.
 [ 10:39:54 |  80% ] processor 103 / 128, remaining: 0 s.
 [ 10:39:54 |  90% ] processor 116 / 128, remaining: 0 s.
 Finished building polarizability matrix at 10:39:54.
 Elapsed time: 0 s.


 Writing polarizability matrix to file

 Started writing matrix with 513 column(s) at 10:39:54.
 [ 10:39:54 |   0% ] column   1 / 513.
 [ 10:39:54 |   0% ] column   3 / 513, remaining: 0 s.
 [ 10:39:54 |  10% ] column  52 / 513, remaining: 0 s.
 [ 10:39:54 |  20% ] column 103 / 513, remaining: 0 s.
 [ 10:39:54 |  30% ] column 154 / 513, remaining: 0 s.
 [ 10:39:54 |  40% ] column 206 / 513, remaining: 0 s.
 [ 10:39:54 |  50% ] column 257 / 513, remaining: 0 s.
 [ 10:39:54 |  60% ] column 308 / 513, remaining: 0 s.
 [ 10:39:54 |  70% ] column 360 / 513, remaining: 0 s.
 [ 10:39:54 |  80% ] column 411 / 513, remaining: 0 s.
 [ 10:39:54 |  90% ] column 462 / 513, remaining: 0 s.
 [ 10:39:54 | 100% ] column 513 / 513, remaining: 0 s.
 Finished writing matrix at 10:39:54.
 Elapsed time: 0 s.

 Ok

================================================================================
 10:39:54   Dealing with q =  0.000000  0.333333  0.000000                 2 / 9
================================================================================

 This is a regular non-zero q-point.
 Rank of the polarizability matrix (nmtx): 478

 BLACS processor grid:   8 x  16; BLOCKSIZE =   29

 Number of k-points in the irreducible BZ(q) (nrk): 9

 Started calculation of matrix elements with 54 transition(s) at 10:39:54.
 [ 10:39:54 |   0% ] transition  1 / 54.
 [ 10:39:54 |   4% ] transition  3 / 54, remaining: 1 s.
 [ 10:39:54 |   9% ] transition  6 / 54, remaining: 1 s.
 [ 10:39:54 |  19% ] transition 11 / 54, remaining: 1 s.
 [ 10:39:54 |  30% ] transition 17 / 54, remaining: 1 s.
 [ 10:39:54 |  39% ] transition 22 / 54, remaining: 1 s.
 [ 10:39:54 |  50% ] transition 28 / 54, remaining: 0 s.
 [ 10:39:54 |  59% ] transition 33 / 54, remaining: 0 s.
 [ 10:39:54 |  69% ] transition 38 / 54, remaining: 0 s.
 [ 10:39:54 |  80% ] transition 44 / 54, remaining: 0 s.
 [ 10:39:54 |  89% ] transition 49 / 54, remaining: 0 s.
 Finished calculation of matrix elements at 10:39:55.
 Elapsed time: 1 s.

 Preparing simple convergence tests with 28 unoccupied bands.

 Started building polarizability matrix with 128 processor(s) at 10:39:55.
 [ 10:39:55 |   0% ] processor   1 / 128.
 [ 10:39:55 |   2% ] processor   3 / 128, remaining: 0 s.
 [ 10:39:55 |   9% ] processor  13 / 128, remaining: 0 s.
 [ 10:39:55 |  20% ] processor  26 / 128, remaining: 0 s.
 [ 10:39:55 |  30% ] processor  39 / 128, remaining: 0 s.
 [ 10:39:55 |  40% ] processor  52 / 128, remaining: 0 s.
 [ 10:39:55 |  50% ] processor  65 / 128, remaining: 0 s.
 [ 10:39:55 |  59% ] processor  77 / 128, remaining: 0 s.
 [ 10:39:55 |  70% ] processor  90 / 128, remaining: 0 s.
 [ 10:39:55 |  80% ] processor 103 / 128, remaining: 0 s.
 [ 10:39:55 |  90% ] processor 116 / 128, remaining: 0 s.
 Finished building polarizability matrix at 10:39:55.
 Elapsed time: 0 s.


 Writing polarizability matrix to file

 Started writing matrix with 478 column(s) at 10:39:55.
 [ 10:39:55 |   0% ] column   1 / 478.
 [ 10:39:55 |   0% ] column   3 / 478, remaining: 0 s.
 [ 10:39:55 |  10% ] column  48 / 478, remaining: 0 s.
 [ 10:39:55 |  20% ] column  96 / 478, remaining: 0 s.
 [ 10:39:55 |  30% ] column 144 / 478, remaining: 0 s.
 [ 10:39:55 |  40% ] column 192 / 478, remaining: 0 s.
 [ 10:39:55 |  50% ] column 239 / 478, remaining: 0 s.
 [ 10:39:55 |  60% ] column 287 / 478, remaining: 0 s.
 [ 10:39:55 |  70% ] column 335 / 478, remaining: 0 s.
 [ 10:39:55 |  80% ] column 383 / 478, remaining: 0 s.
 [ 10:39:55 |  90% ] column 431 / 478, remaining: 0 s.
 [ 10:39:55 | 100% ] column 478 / 478, remaining: 0 s.
 Finished writing matrix at 10:39:55.
 Elapsed time: 0 s.

 Ok

================================================================================
 10:39:55   Dealing with q =  0.000000  0.666667  0.000000                 3 / 9
================================================================================

 This is a regular non-zero q-point.
 Rank of the polarizability matrix (nmtx): 478

 BLACS processor grid:   8 x  16; BLOCKSIZE =   29

 Number of k-points in the irreducible BZ(q) (nrk): 9

 Started calculation of matrix elements with 54 transition(s) at 10:39:55.
 [ 10:39:55 |   0% ] transition  1 / 54.
 [ 10:39:55 |   4% ] transition  3 / 54, remaining: 1 s.
 [ 10:39:55 |   9% ] transition  6 / 54, remaining: 1 s.
 [ 10:39:55 |  19% ] transition 11 / 54, remaining: 1 s.
 [ 10:39:55 |  30% ] transition 17 / 54, remaining: 1 s.
 [ 10:39:55 |  39% ] transition 22 / 54, remaining: 1 s.
 [ 10:39:55 |  50% ] transition 28 / 54, remaining: 0 s.
 [ 10:39:55 |  59% ] transition 33 / 54, remaining: 0 s.
 [ 10:39:55 |  69% ] transition 38 / 54, remaining: 0 s.
 [ 10:39:55 |  80% ] transition 44 / 54, remaining: 0 s.
 [ 10:39:56 |  89% ] transition 49 / 54, remaining: 0 s.
 Finished calculation of matrix elements at 10:39:56.
 Elapsed time: 1 s.

 Preparing simple convergence tests with 28 unoccupied bands.

 Started building polarizability matrix with 128 processor(s) at 10:39:56.
 [ 10:39:56 |   0% ] processor   1 / 128.
 [ 10:39:56 |   2% ] processor   3 / 128, remaining: 0 s.
 [ 10:39:56 |   9% ] processor  13 / 128, remaining: 0 s.
 [ 10:39:56 |  20% ] processor  26 / 128, remaining: 0 s.
 [ 10:39:56 |  30% ] processor  39 / 128, remaining: 0 s.
 [ 10:39:56 |  40% ] processor  52 / 128, remaining: 0 s.
 [ 10:39:56 |  50% ] processor  65 / 128, remaining: 0 s.
 [ 10:39:56 |  59% ] processor  77 / 128, remaining: 0 s.
 [ 10:39:56 |  70% ] processor  90 / 128, remaining: 0 s.
 [ 10:39:56 |  80% ] processor 103 / 128, remaining: 0 s.
 [ 10:39:56 |  90% ] processor 116 / 128, remaining: 0 s.
 Finished building polarizability matrix at 10:39:56.
 Elapsed time: 0 s.


 Writing polarizability matrix to file

 Started writing matrix with 478 column(s) at 10:39:56.
 [ 10:39:56 |   0% ] column   1 / 478.
 [ 10:39:56 |   0% ] column   3 / 478, remaining: 0 s.
 [ 10:39:56 |  10% ] column  48 / 478, remaining: 0 s.
 [ 10:39:56 |  20% ] column  96 / 478, remaining: 0 s.
 [ 10:39:56 |  30% ] column 144 / 478, remaining: 0 s.
 [ 10:39:56 |  40% ] column 192 / 478, remaining: 0 s.
 [ 10:39:56 |  50% ] column 239 / 478, remaining: 0 s.
 [ 10:39:56 |  60% ] column 287 / 478, remaining: 0 s.
 [ 10:39:56 |  70% ] column 335 / 478, remaining: 0 s.
 [ 10:39:56 |  80% ] column 383 / 478, remaining: 0 s.
 [ 10:39:56 |  90% ] column 431 / 478, remaining: 0 s.
 [ 10:39:56 | 100% ] column 478 / 478, remaining: 0 s.
 Finished writing matrix at 10:39:56.
 Elapsed time: 0 s.

 Ok

================================================================================
 10:39:56   Dealing with q =  0.333333  0.000000  0.000000                 4 / 9
================================================================================

 This is a regular non-zero q-point.
 Rank of the polarizability matrix (nmtx): 478

 BLACS processor grid:   8 x  16; BLOCKSIZE =   29

 Number of k-points in the irreducible BZ(q) (nrk): 9

 Started calculation of matrix elements with 54 transition(s) at 10:39:56.
 [ 10:39:56 |   0% ] transition  1 / 54.
 [ 10:39:56 |   4% ] transition  3 / 54, remaining: 1 s.
 [ 10:39:56 |   9% ] transition  6 / 54, remaining: 1 s.
 [ 10:39:56 |  19% ] transition 11 / 54, remaining: 1 s.
 [ 10:39:56 |  30% ] transition 17 / 54, remaining: 1 s.
 [ 10:39:56 |  39% ] transition 22 / 54, remaining: 1 s.
 [ 10:39:56 |  50% ] transition 28 / 54, remaining: 0 s.
 [ 10:39:56 |  59% ] transition 33 / 54, remaining: 0 s.
 [ 10:39:57 |  69% ] transition 38 / 54, remaining: 0 s.
 [ 10:39:57 |  80% ] transition 44 / 54, remaining: 0 s.
 [ 10:39:57 |  89% ] transition 49 / 54, remaining: 0 s.
 Finished calculation of matrix elements at 10:39:57.
 Elapsed time: 1 s.

 Preparing simple convergence tests with 28 unoccupied bands.

 Started building polarizability matrix with 128 processor(s) at 10:39:57.
 [ 10:39:57 |   0% ] processor   1 / 128.
 [ 10:39:57 |   2% ] processor   3 / 128, remaining: 0 s.
 [ 10:39:57 |   9% ] processor  13 / 128, remaining: 0 s.
 [ 10:39:57 |  20% ] processor  26 / 128, remaining: 0 s.
 [ 10:39:57 |  30% ] processor  39 / 128, remaining: 0 s.
 [ 10:39:57 |  40% ] processor  52 / 128, remaining: 0 s.
 [ 10:39:57 |  50% ] processor  65 / 128, remaining: 0 s.
 [ 10:39:57 |  59% ] processor  77 / 128, remaining: 0 s.
 [ 10:39:57 |  70% ] processor  90 / 128, remaining: 0 s.
 [ 10:39:57 |  80% ] processor 103 / 128, remaining: 0 s.
 [ 10:39:57 |  90% ] processor 116 / 128, remaining: 0 s.
 Finished building polarizability matrix at 10:39:57.
 Elapsed time: 0 s.


 Writing polarizability matrix to file

 Started writing matrix with 478 column(s) at 10:39:57.
 [ 10:39:57 |   0% ] column   1 / 478.
 [ 10:39:57 |   0% ] column   3 / 478, remaining: 0 s.
 [ 10:39:57 |  10% ] column  48 / 478, remaining: 0 s.
 [ 10:39:57 |  20% ] column  96 / 478, remaining: 0 s.
 [ 10:39:57 |  30% ] column 144 / 478, remaining: 0 s.
 [ 10:39:57 |  40% ] column 192 / 478, remaining: 0 s.
 [ 10:39:57 |  50% ] column 239 / 478, remaining: 0 s.
 [ 10:39:57 |  60% ] column 287 / 478, remaining: 0 s.
 [ 10:39:57 |  70% ] column 335 / 478, remaining: 0 s.
 [ 10:39:57 |  80% ] column 383 / 478, remaining: 0 s.
 [ 10:39:57 |  90% ] column 431 / 478, remaining: 0 s.
 [ 10:39:57 | 100% ] column 478 / 478, remaining: 0 s.
 Finished writing matrix at 10:39:57.
 Elapsed time: 0 s.

 Ok

================================================================================
 10:39:57   Dealing with q =  0.333333  0.333333  0.000000                 5 / 9
================================================================================

 This is a regular non-zero q-point.
 Rank of the polarizability matrix (nmtx): 478

 BLACS processor grid:   8 x  16; BLOCKSIZE =   29

 Number of k-points in the irreducible BZ(q) (nrk): 9

 Started calculation of matrix elements with 54 transition(s) at 10:39:57.
 [ 10:39:57 |   0% ] transition  1 / 54.
 [ 10:39:57 |   4% ] transition  3 / 54, remaining: 1 s.
 [ 10:39:57 |   9% ] transition  6 / 54, remaining: 1 s.
 [ 10:39:57 |  19% ] transition 11 / 54, remaining: 1 s.
 [ 10:39:57 |  30% ] transition 17 / 54, remaining: 1 s.
 [ 10:39:57 |  39% ] transition 22 / 54, remaining: 1 s.
 [ 10:39:57 |  50% ] transition 28 / 54, remaining: 0 s.
 [ 10:39:57 |  59% ] transition 33 / 54, remaining: 0 s.
 [ 10:39:58 |  69% ] transition 38 / 54, remaining: 0 s.
 [ 10:39:58 |  80% ] transition 44 / 54, remaining: 0 s.
 [ 10:39:58 |  89% ] transition 49 / 54, remaining: 0 s.
 Finished calculation of matrix elements at 10:39:58.
 Elapsed time: 1 s.

 Preparing simple convergence tests with 28 unoccupied bands.

 Started building polarizability matrix with 128 processor(s) at 10:39:58.
 [ 10:39:58 |   0% ] processor   1 / 128.
 [ 10:39:58 |   2% ] processor   3 / 128, remaining: 0 s.
 [ 10:39:58 |   9% ] processor  13 / 128, remaining: 0 s.
 [ 10:39:58 |  20% ] processor  26 / 128, remaining: 0 s.
 [ 10:39:58 |  30% ] processor  39 / 128, remaining: 0 s.
 [ 10:39:58 |  40% ] processor  52 / 128, remaining: 0 s.
 [ 10:39:58 |  50% ] processor  65 / 128, remaining: 0 s.
 [ 10:39:58 |  59% ] processor  77 / 128, remaining: 0 s.
 [ 10:39:58 |  70% ] processor  90 / 128, remaining: 0 s.
 [ 10:39:58 |  80% ] processor 103 / 128, remaining: 0 s.
 [ 10:39:58 |  90% ] processor 116 / 128, remaining: 0 s.
 Finished building polarizability matrix at 10:39:58.
 Elapsed time: 0 s.


 Writing polarizability matrix to file

 Started writing matrix with 478 column(s) at 10:39:58.
 [ 10:39:58 |   0% ] column   1 / 478.
 [ 10:39:58 |   0% ] column   3 / 478, remaining: 0 s.
 [ 10:39:58 |  10% ] column  48 / 478, remaining: 0 s.
 [ 10:39:58 |  20% ] column  96 / 478, remaining: 0 s.
 [ 10:39:58 |  30% ] column 144 / 478, remaining: 0 s.
 [ 10:39:58 |  40% ] column 192 / 478, remaining: 0 s.
 [ 10:39:58 |  50% ] column 239 / 478, remaining: 0 s.
 [ 10:39:58 |  60% ] column 287 / 478, remaining: 0 s.
 [ 10:39:58 |  70% ] column 335 / 478, remaining: 0 s.
 [ 10:39:58 |  80% ] column 383 / 478, remaining: 0 s.
 [ 10:39:58 |  90% ] column 431 / 478, remaining: 0 s.
 [ 10:39:58 | 100% ] column 478 / 478, remaining: 0 s.
 Finished writing matrix at 10:39:58.
 Elapsed time: 0 s.

 Ok

================================================================================
 10:39:58   Dealing with q =  0.333333  0.666667  0.000000                 6 / 9
================================================================================

 This is a regular non-zero q-point.
 Rank of the polarizability matrix (nmtx): 486

 BLACS processor grid:   8 x  16; BLOCKSIZE =   30

 Number of k-points in the irreducible BZ(q) (nrk): 9

 Started calculation of matrix elements with 54 transition(s) at 10:39:58.
 [ 10:39:58 |   0% ] transition  1 / 54.
 [ 10:39:58 |   4% ] transition  3 / 54, remaining: 1 s.
 [ 10:39:58 |   9% ] transition  6 / 54, remaining: 1 s.
 [ 10:39:58 |  19% ] transition 11 / 54, remaining: 1 s.
 [ 10:39:58 |  30% ] transition 17 / 54, remaining: 1 s.
 [ 10:39:58 |  39% ] transition 22 / 54, remaining: 1 s.
 [ 10:39:58 |  50% ] transition 28 / 54, remaining: 0 s.
 [ 10:39:59 |  59% ] transition 33 / 54, remaining: 0 s.
 [ 10:39:59 |  69% ] transition 38 / 54, remaining: 0 s.
 [ 10:39:59 |  80% ] transition 44 / 54, remaining: 0 s.
 [ 10:39:59 |  89% ] transition 49 / 54, remaining: 0 s.
 Finished calculation of matrix elements at 10:39:59.
 Elapsed time: 1 s.

 Preparing simple convergence tests with 28 unoccupied bands.

 Started building polarizability matrix with 128 processor(s) at 10:39:59.
 [ 10:39:59 |   0% ] processor   1 / 128.
 [ 10:39:59 |   2% ] processor   3 / 128, remaining: 0 s.
 [ 10:39:59 |   9% ] processor  13 / 128, remaining: 0 s.
 [ 10:39:59 |  20% ] processor  26 / 128, remaining: 0 s.
 [ 10:39:59 |  30% ] processor  39 / 128, remaining: 0 s.
 [ 10:39:59 |  40% ] processor  52 / 128, remaining: 0 s.
 [ 10:39:59 |  50% ] processor  65 / 128, remaining: 0 s.
 [ 10:39:59 |  59% ] processor  77 / 128, remaining: 0 s.
 [ 10:39:59 |  70% ] processor  90 / 128, remaining: 0 s.
 [ 10:39:59 |  80% ] processor 103 / 128, remaining: 0 s.
 [ 10:39:59 |  90% ] processor 116 / 128, remaining: 0 s.
 Finished building polarizability matrix at 10:39:59.
 Elapsed time: 0 s.


 Writing polarizability matrix to file

 Started writing matrix with 486 column(s) at 10:39:59.
 [ 10:39:59 |   0% ] column   1 / 486.
 [ 10:39:59 |   0% ] column   3 / 486, remaining: 0 s.
 [ 10:39:59 |  10% ] column  49 / 486, remaining: 0 s.
 [ 10:39:59 |  20% ] column  98 / 486, remaining: 0 s.
 [ 10:39:59 |  30% ] column 146 / 486, remaining: 0 s.
 [ 10:39:59 |  40% ] column 195 / 486, remaining: 0 s.
 [ 10:39:59 |  50% ] column 244 / 486, remaining: 0 s.
 [ 10:39:59 |  60% ] column 292 / 486, remaining: 0 s.
 [ 10:39:59 |  70% ] column 341 / 486, remaining: 0 s.
 [ 10:39:59 |  80% ] column 389 / 486, remaining: 0 s.
 [ 10:39:59 |  90% ] column 438 / 486, remaining: 0 s.
 Finished writing matrix at 10:39:59.
 Elapsed time: 0 s.

 Ok

================================================================================
 10:39:59   Dealing with q =  0.666667  0.000000  0.000000                 7 / 9
================================================================================

 This is a regular non-zero q-point.
 Rank of the polarizability matrix (nmtx): 478

 BLACS processor grid:   8 x  16; BLOCKSIZE =   29

 Number of k-points in the irreducible BZ(q) (nrk): 9

 Started calculation of matrix elements with 54 transition(s) at 10:39:59.
 [ 10:39:59 |   0% ] transition  1 / 54.
 [ 10:39:59 |   4% ] transition  3 / 54, remaining: 1 s.
 [ 10:39:59 |   9% ] transition  6 / 54, remaining: 1 s.
 [ 10:39:59 |  19% ] transition 11 / 54, remaining: 1 s.
 [ 10:39:59 |  30% ] transition 17 / 54, remaining: 1 s.
 [ 10:39:59 |  39% ] transition 22 / 54, remaining: 1 s.
 [ 10:40:00 |  50% ] transition 28 / 54, remaining: 0 s.
 [ 10:40:00 |  59% ] transition 33 / 54, remaining: 0 s.
 [ 10:40:00 |  69% ] transition 38 / 54, remaining: 0 s.
 [ 10:40:00 |  80% ] transition 44 / 54, remaining: 0 s.
 [ 10:40:00 |  89% ] transition 49 / 54, remaining: 0 s.
 Finished calculation of matrix elements at 10:40:00.
 Elapsed time: 1 s.

 Preparing simple convergence tests with 28 unoccupied bands.

 Started building polarizability matrix with 128 processor(s) at 10:40:00.
 [ 10:40:00 |   0% ] processor   1 / 128.
 [ 10:40:00 |   2% ] processor   3 / 128, remaining: 0 s.
 [ 10:40:00 |   9% ] processor  13 / 128, remaining: 0 s.
 [ 10:40:00 |  20% ] processor  26 / 128, remaining: 0 s.
 [ 10:40:00 |  30% ] processor  39 / 128, remaining: 0 s.
 [ 10:40:00 |  40% ] processor  52 / 128, remaining: 0 s.
 [ 10:40:00 |  50% ] processor  65 / 128, remaining: 0 s.
 [ 10:40:00 |  59% ] processor  77 / 128, remaining: 0 s.
 [ 10:40:00 |  70% ] processor  90 / 128, remaining: 0 s.
 [ 10:40:00 |  80% ] processor 103 / 128, remaining: 0 s.
 [ 10:40:00 |  90% ] processor 116 / 128, remaining: 0 s.
 Finished building polarizability matrix at 10:40:00.
 Elapsed time: 0 s.


 Writing polarizability matrix to file

 Started writing matrix with 478 column(s) at 10:40:01.
 [ 10:40:01 |   0% ] column   1 / 478.
 [ 10:40:01 |   0% ] column   3 / 478, remaining: 0 s.
 [ 10:40:01 |  10% ] column  48 / 478, remaining: 0 s.
 [ 10:40:01 |  20% ] column  96 / 478, remaining: 0 s.
 [ 10:40:01 |  30% ] column 144 / 478, remaining: 0 s.
 [ 10:40:01 |  40% ] column 192 / 478, remaining: 0 s.
 [ 10:40:01 |  50% ] column 239 / 478, remaining: 0 s.
 [ 10:40:01 |  60% ] column 287 / 478, remaining: 0 s.
 [ 10:40:01 |  70% ] column 335 / 478, remaining: 0 s.
 [ 10:40:01 |  80% ] column 383 / 478, remaining: 0 s.
 [ 10:40:01 |  90% ] column 431 / 478, remaining: 0 s.
 [ 10:40:01 | 100% ] column 478 / 478, remaining: 0 s.
 Finished writing matrix at 10:40:01.
 Elapsed time: 0 s.

 Ok

================================================================================
 10:40:01   Dealing with q =  0.666667  0.333333  0.000000                 8 / 9
================================================================================

 This is a regular non-zero q-point.
 Rank of the polarizability matrix (nmtx): 486

 BLACS processor grid:   8 x  16; BLOCKSIZE =   30

 Number of k-points in the irreducible BZ(q) (nrk): 9

 Started calculation of matrix elements with 54 transition(s) at 10:40:01.
 [ 10:40:01 |   0% ] transition  1 / 54.
 [ 10:40:01 |   4% ] transition  3 / 54, remaining: 1 s.
 [ 10:40:01 |   9% ] transition  6 / 54, remaining: 1 s.
 [ 10:40:01 |  19% ] transition 11 / 54, remaining: 1 s.
 [ 10:40:01 |  30% ] transition 17 / 54, remaining: 1 s.
 [ 10:40:01 |  39% ] transition 22 / 54, remaining: 1 s.
 [ 10:40:01 |  50% ] transition 28 / 54, remaining: 0 s.
 [ 10:40:01 |  59% ] transition 33 / 54, remaining: 0 s.
 [ 10:40:01 |  69% ] transition 38 / 54, remaining: 0 s.
 [ 10:40:02 |  80% ] transition 44 / 54, remaining: 0 s.
 [ 10:40:02 |  89% ] transition 49 / 54, remaining: 0 s.
 Finished calculation of matrix elements at 10:40:02.
 Elapsed time: 1 s.

 Preparing simple convergence tests with 28 unoccupied bands.

 Started building polarizability matrix with 128 processor(s) at 10:40:02.
 [ 10:40:02 |   0% ] processor   1 / 128.
 [ 10:40:02 |   2% ] processor   3 / 128, remaining: 0 s.
 [ 10:40:02 |   9% ] processor  13 / 128, remaining: 0 s.
 [ 10:40:02 |  20% ] processor  26 / 128, remaining: 0 s.
 [ 10:40:02 |  30% ] processor  39 / 128, remaining: 0 s.
 [ 10:40:02 |  40% ] processor  52 / 128, remaining: 0 s.
 [ 10:40:02 |  50% ] processor  65 / 128, remaining: 0 s.
 [ 10:40:02 |  59% ] processor  77 / 128, remaining: 0 s.
 [ 10:40:02 |  70% ] processor  90 / 128, remaining: 0 s.
 [ 10:40:02 |  80% ] processor 103 / 128, remaining: 0 s.
 [ 10:40:02 |  90% ] processor 116 / 128, remaining: 0 s.
 Finished building polarizability matrix at 10:40:02.
 Elapsed time: 0 s.


 Writing polarizability matrix to file

 Started writing matrix with 486 column(s) at 10:40:02.
 [ 10:40:02 |   0% ] column   1 / 486.
 [ 10:40:02 |   0% ] column   3 / 486, remaining: 0 s.
 [ 10:40:02 |  10% ] column  49 / 486, remaining: 0 s.
 [ 10:40:02 |  20% ] column  98 / 486, remaining: 0 s.
 [ 10:40:02 |  30% ] column 146 / 486, remaining: 0 s.
 [ 10:40:02 |  40% ] column 195 / 486, remaining: 0 s.
 [ 10:40:02 |  50% ] column 244 / 486, remaining: 0 s.
 [ 10:40:02 |  60% ] column 292 / 486, remaining: 0 s.
 [ 10:40:02 |  70% ] column 341 / 486, remaining: 0 s.
 [ 10:40:02 |  80% ] column 389 / 486, remaining: 0 s.
 [ 10:40:02 |  90% ] column 438 / 486, remaining: 0 s.
 Finished writing matrix at 10:40:02.
 Elapsed time: 0 s.

 Ok

================================================================================
 10:40:02   Dealing with q =  0.666667  0.666667  0.000000                 9 / 9
================================================================================

 This is a regular non-zero q-point.
 Rank of the polarizability matrix (nmtx): 478

 BLACS processor grid:   8 x  16; BLOCKSIZE =   29

 Number of k-points in the irreducible BZ(q) (nrk): 9

 Started calculation of matrix elements with 54 transition(s) at 10:40:02.
 [ 10:40:02 |   0% ] transition  1 / 54.
 [ 10:40:02 |   4% ] transition  3 / 54, remaining: 1 s.
 [ 10:40:02 |   9% ] transition  6 / 54, remaining: 1 s.
 [ 10:40:02 |  19% ] transition 11 / 54, remaining: 1 s.
 [ 10:40:02 |  30% ] transition 17 / 54, remaining: 1 s.
 [ 10:40:02 |  39% ] transition 22 / 54, remaining: 1 s.
 [ 10:40:02 |  50% ] transition 28 / 54, remaining: 0 s.
 [ 10:40:02 |  59% ] transition 33 / 54, remaining: 0 s.
 [ 10:40:03 |  69% ] transition 38 / 54, remaining: 0 s.
 [ 10:40:03 |  80% ] transition 44 / 54, remaining: 0 s.
 [ 10:40:03 |  89% ] transition 49 / 54, remaining: 0 s.
 Finished calculation of matrix elements at 10:40:03.
 Elapsed time: 1 s.

 Preparing simple convergence tests with 28 unoccupied bands.

 Started building polarizability matrix with 128 processor(s) at 10:40:03.
 [ 10:40:03 |   0% ] processor   1 / 128.
 [ 10:40:03 |   2% ] processor   3 / 128, remaining: 0 s.
 [ 10:40:03 |   9% ] processor  13 / 128, remaining: 0 s.
 [ 10:40:03 |  20% ] processor  26 / 128, remaining: 0 s.
 [ 10:40:03 |  30% ] processor  39 / 128, remaining: 0 s.
 [ 10:40:03 |  40% ] processor  52 / 128, remaining: 0 s.
 [ 10:40:03 |  50% ] processor  65 / 128, remaining: 0 s.
 [ 10:40:03 |  59% ] processor  77 / 128, remaining: 0 s.
 [ 10:40:03 |  70% ] processor  90 / 128, remaining: 0 s.
 [ 10:40:03 |  80% ] processor 103 / 128, remaining: 0 s.
 [ 10:40:03 |  90% ] processor 116 / 128, remaining: 0 s.
 Finished building polarizability matrix at 10:40:03.
 Elapsed time: 0 s.


 Writing polarizability matrix to file

 Started writing matrix with 478 column(s) at 10:40:03.
 [ 10:40:03 |   0% ] column   1 / 478.
 [ 10:40:03 |   0% ] column   3 / 478, remaining: 0 s.
 [ 10:40:03 |  10% ] column  48 / 478, remaining: 0 s.
 [ 10:40:03 |  20% ] column  96 / 478, remaining: 0 s.
 [ 10:40:03 |  30% ] column 144 / 478, remaining: 0 s.
 [ 10:40:03 |  40% ] column 192 / 478, remaining: 0 s.
 [ 10:40:03 |  50% ] column 239 / 478, remaining: 0 s.
 [ 10:40:03 |  60% ] column 287 / 478, remaining: 0 s.
 [ 10:40:03 |  70% ] column 335 / 478, remaining: 0 s.
 [ 10:40:03 |  80% ] column 383 / 478, remaining: 0 s.
 [ 10:40:03 |  90% ] column 431 / 478, remaining: 0 s.
 [ 10:40:03 | 100% ] column 478 / 478, remaining: 0 s.
 Finished writing matrix at 10:40:03.
 Elapsed time: 0 s.

 Ok


********************************************************************************
*                                                                              *
* Your calculation employed methods and algorithms published in peer-reviewed  *
* papers. Please, cite the following references to give proper credit to their *
*          authors and help support future development of BerkeleyGW.          *
*                                                                              *
********************************************************************************

 J. Deslippe, G. Samsonidze, D. A. Strubbe, M. Jain, M. L. Cohen, and S. G.
 Louie, BerkeleyGW: A Massively Parallel Computer Package for the Calculation
 of the Quasiparticle and Optical Properties of Materials and Nanostructures,
 Computer Physics Communications 183, 1269 (2012).

 M. S. Hybertsen and S. G. Louie, Electron Correlation in Semiconductors and
 Insulators: Band Gaps and Quasiparticle Energies, Phys. Rev. B 34, 5390
 (1986).

 S. Ismail-Beigi, Truncation of Periodic Image Interactions for Confined
 Systems, Phys. Rev. B 73, 233103 (2006).

********************************************************************************

 
 Timing information
 
                                CPU time (s)          WALL time (s)       Number
 Routine                       min        max        min        max     of calls
 -------------------------  ---------  ---------  ---------  ---------  --------
 - Eps (I/O) Comm                0.28       0.32       0.27       0.32      4353
 - Eps (I/O) IO                  0.00       0.08       0.00       0.08      4353
 - Input I/O                     0.02       0.42       0.01       0.96      3296
 - Input Comm                    0.35       2.42       0.33       2.42      3296
 - FFT Zero                      0.01       0.11       0.01       0.13      2430
 - FFT Put                       0.02       0.52       0.02       0.54      2430
 - FFT Plan                      0.01       0.45       0.01       0.50      4374
 - FFT Exec                      0.10       5.17       0.10       5.18      4374
 - FFT Mltply                    0.00       0.16       0.00       0.18      1944
 - FFT Conjg                     0.00       0.02       0.00       0.03       486
 - FFT Get                       0.00       0.01       0.00       0.02      1944
 - I/O TOTAL                     1.68       3.94       3.92       4.02        16
 - INPUT                         0.70       1.03       1.02       1.04         1
 - INPUT_Q                       0.58       1.87       1.87       1.88         1
 - FULLBZ                        0.00       0.02       0.00       0.04         1
 - GVEC                          0.06       0.08       0.06       0.08         9
 - SUBGRP                        0.00       0.00      -0.00       0.00         9
 - IRRBZ                         0.03       0.12       0.05       0.32         9
 - GENWF                         1.24       1.32       1.24       1.32       486
 - MTXEL                         0.15       6.46       0.15       6.48       486
 - RQSTAR                        0.00       0.00      -0.00       0.00        81
 - GMAP                          0.02       0.02       0.01       0.03        81
 - CHI SUM (COMM)                0.46       0.89       0.45       0.89      1152
 - CHI SUM (TOTAL)               0.90       7.54       0.90       7.54         9
 - GENWF (VAL)                   0.69       0.74       0.68       0.74       486
 - GENWF (COND)                  0.55       0.60       0.55       0.60        81
 - EPSINV (VCOUL)                0.00       0.02       0.00       0.02         9
 - JOB SETUP                     0.00       0.00       0.00       0.02         1
 - Q LOOP SETUP                  0.06       0.09       0.06       0.09         9
 - INIT CUTOFF                   0.00       0.00      -0.00       0.00         9
 - INIT SCALAPACK                0.02       0.05       0.02       0.05         9
 - INIT ARRAYS                   0.03       0.12       0.05       0.32         9
 - CONVERGE TESTS                0.00       0.16      -0.00       0.16         9
 - MTXEL (DENOM)                 0.00       0.00      -0.00       0.00      1944
 - MTXEL (FFT)                   0.15       6.46       0.15       6.48       486
 - GENWF (Ekin)                  0.02       0.03       0.02       0.04       162
 - GENWF (Sort)                  1.00       1.07       1.00       1.07       162
 - CHI SUM (zGEMM)               0.00       0.29      -0.00       0.30      1152
 - CHI SUM (PREP)                0.01       0.13       0.00       0.14      1152
 - CHI SUM (ARRAY ALLOC)         0.00       0.00      -0.00       0.01      1152
 - CHI SUM (BAR)                 0.00       6.64       0.00       6.64         9
 - FFT MLTPLY                    0.00       0.01      -0.00       0.01      1944
 - TOTAL                        10.74      13.25      13.30      13.30         1
 
 Job Done
 
