
 BerkeleyGW version 3.0+git 62970aa-dirty by Woochang Kim <wkim94@login01.chn> at 2023-04-28 13:53:23 -0700
 Epsilon code, Complex version, run on 16-May-2023 at 10:39:50 -0700

 Running MPI version (parallel)
 Running with 128 MPI task(s)
 Computing the static inverse dielectric matrix

 We are using matrix communication scheme

 We are communicating via MPI

 We are using a truncated Coulomb interaction: cell slab
 Highest occupied band (unshifted grid) = 91
 Valence max    (unshifted grid) = -1.604594 eV
 Conduction min (unshifted grid) = .449381 eV
 Middle energy  (unshifted grid) = -.577607 eV
 Fermi  energy  (unshifted grid) = -.577607 eV

 Highest occupied band (shifted grid) = 91
 Running with 16 valence pools
 Number of conduction bands per processor: 4
 Number of valence bands per processor: 6

 Memory available: 3787.3 MB per PE
 Memory required for execution: 47.8 MB per PE
 Memory required for vcoul: .0 MB per PE

 Cell Volume = 0.101481386E+05

 Number of electrons per unit cell (from ifmax) = 182.000000
 Number of electrons per unit cell (from occupations) = 182.000000
 Plasma Frequency = .949462 Ry

 - Screened Coulomb cutoff: 2.000 Ry
 - Total number of bands: 119
 - Number of q-points: 9

 Scissors parameters:
 - Valence:    es =   0.0000 eV, e0 =   0.0000 eV, edel =   0.0000
 - Conduction: es =   0.0000 eV, e0 =   0.0000 eV, edel =   0.0000
 Highest occupied band (shifted grid) = 91


     q= 0.0010 0.0000 0.0000  nmtx=     513  nrk=  9

           independent matrix elements of chi       spin index= 1 1

          g          g**2          gp          gp**2          chi(g, gp)
    0    0    0   0.00000         0    0    0   0.00000       -0.0000000234   0.0000000000
    0    0    0   0.00000         0    0   -1   0.01769        0.0000000221   0.0000002628
    0    0    0   0.00000         0    0    1   0.01769        0.0000000221  -0.0000002628
    0    0    0   0.00000         0    0   -2   0.07075       -0.0000000187  -0.0000004594
    0    0    0   0.00000         0    0    2   0.07075       -0.0000000187   0.0000004594
    0    0    0   0.00000         0    0   -3   0.15919        0.0000000141   0.0000005460
    0    0    0   0.00000         0    0    3   0.15919        0.0000000141  -0.0000005460
    0    0    0   0.00000        -1    0    0   0.21222        0.0000000093  -0.0000000223
    0    0    0   0.00000         1    0    0   0.21222        0.0000000093   0.0000000221
    0    0    0   0.00000         0   -1    0   0.21222       -0.0000000057  -0.0000000091
    0    0    0   0.00000         0    1    0   0.21222       -0.0000000057   0.0000000091
    0    0    0   0.00000        -1   -1    0   0.21222       -0.0000000003   0.0000000259
    0    0    0   0.00000         1    1    0   0.21222       -0.0000000003  -0.0000000259
    0    0    0   0.00000        -1    0   -1   0.22991       -0.0000000087   0.0000000217
    0    0    0   0.00000        -1    0    1   0.22991       -0.0000000091   0.0000000214
    0    0    0   0.00000         1    0   -1   0.22991       -0.0000000091  -0.0000000213
    0    0    0   0.00000         1    0    1   0.22991       -0.0000000087  -0.0000000216
    0    0    0   0.00000         0   -1   -1   0.22991        0.0000000053   0.0000000090
    0    0    0   0.00000         0   -1    1   0.22991        0.0000000057   0.0000000089
    0    0    0   0.00000         0    1   -1   0.22991        0.0000000057  -0.0000000089
    0    0    0   0.00000         0    1    1   0.22991        0.0000000053  -0.0000000090
    0    0    0   0.00000        -1   -1   -1   0.22991        0.0000000005  -0.0000000249
    0    0    0   0.00000        -1   -1    1   0.22991       -0.0000000000  -0.0000000250
    0    0    0   0.00000         1    1   -1   0.22991       -0.0000000000   0.0000000249
    0    0    0   0.00000         1    1    1   0.22991        0.0000000005   0.0000000248
    0    0    0   0.00000        -1    0   -2   0.28297        0.0000000076  -0.0000000198
    0    0    0   0.00000        -1    0    2   0.28297        0.0000000083  -0.0000000193
    0    0    0   0.00000         1    0   -2   0.28297        0.0000000083   0.0000000192
    0    0    0   0.00000         1    0    2   0.28297        0.0000000075   0.0000000197
    0    0    0   0.00000         0   -1   -2   0.28297       -0.0000000049  -0.0000000086
    0    0    0   0.00000         0   -1    2   0.28297       -0.0000000055  -0.0000000084
    0    0    0   0.00000         0    1   -2   0.28297       -0.0000000055   0.0000000084
    0    0    0   0.00000         1    1   10   1.98103       -0.0000000002  -0.0000000074
    0    0   -1   0.01769         0    0   -1   0.01769       -0.0008513951   0.0000000000
    0    0    1   0.01769         0    0    1   0.01769       -0.0008513951   0.0000000000
    0    0   -2   0.07075         0    0   -2   0.07075       -0.0029307826   0.0000000000
    0    0    2   0.07075         0    0    2   0.07075       -0.0029307825   0.0000000000
    0    0   -3   0.15919         0    0   -3   0.15919       -0.0051862211   0.0000000000
    0    0    3   0.15919         0    0    3   0.15919       -0.0051862210   0.0000000000
   -1    0    0   0.21222        -1    0    0   0.21222       -0.0076454191   0.0000000000
    1    0    0   0.21222         1    0    0   0.21222       -0.0076498757   0.0000000000
    0   -1    0   0.21222         0   -1    0   0.21222       -0.0076484285   0.0000000000
    0    1    0   0.21222         0    1    0   0.21222       -0.0076468795   0.0000000000
   -1   -1    0   0.21222        -1   -1    0   0.21222       -0.0076462012   0.0000000000
    1    1    0   0.21222         1    1    0   0.21222       -0.0076491084   0.0000000000
   -1    0   -1   0.22991        -1    0   -1   0.22991       -0.0074990638   0.0000000000
   -1    0    1   0.22991        -1    0    1   0.22991       -0.0074991391   0.0000000000
    1    0   -1   0.22991         1    0   -1   0.22991       -0.0075027693   0.0000000000
    1    0    1   0.22991         1    0    1   0.22991       -0.0075026939   0.0000000000
    0   -1   -1   0.22991         0   -1   -1   0.22991       -0.0075014773   0.0000000000
    0   -1    1   0.22991         0   -1    1   0.22991       -0.0075015528   0.0000000000
    0    1   -1   0.22991         0    1   -1   0.22991       -0.0075003670   0.0000000000
    0    1    1   0.22991         0    1    1   0.22991       -0.0075002920   0.0000000000
   -1   -1   -1   0.22991        -1   -1   -1   0.22991       -0.0074997389   0.0000000000
   -1   -1    1   0.22991        -1   -1    1   0.22991       -0.0074996629   0.0000000000
    1    1   -1   0.22991         1    1   -1   0.22991       -0.0075021075   0.0000000000
    1    1    1   0.22991         1    1    1   0.22991       -0.0075021829   0.0000000000
   -1    0   -2   0.28297        -1    0   -2   0.28297       -0.0071352582   0.0000000000
   -1    0    2   0.28297        -1    0    2   0.28297       -0.0071353732   0.0000000000
    1    0   -2   0.28297         1    0   -2   0.28297       -0.0071368797   0.0000000000
    1    0    2   0.28297         1    0    2   0.28297       -0.0071367646   0.0000000000
    0   -1   -2   0.28297         0   -1   -2   0.28297       -0.0071361306   0.0000000000
    0   -1    2   0.28297         0   -1    2   0.28297       -0.0071362459   0.0000000000
    0    1   -2   0.28297         0    1   -2   0.28297       -0.0071360139   0.0000000000
    0   -1    8   1.34426         1    1   10   1.98103       -0.0000000019   0.0000000020


     q= 0.0000 0.3333 0.0000  nmtx=     478  nrk=  9

           independent matrix elements of chi       spin index= 1 1

          g          g**2          gp          gp**2          chi(g, gp)
    0    0    0   0.02358         0    0    0   0.02358       -0.0021895674   0.0000000000
    0    0    0   0.02358         0    0   -1   0.04127        0.0020627858  -0.0000025867
    0    0    0   0.02358         0    0    1   0.04127        0.0020627886  -0.0000026249
    0    0    0   0.02358         0   -1    0   0.09432        0.0000000003  -0.0000000011
    0    0    0   0.02358         0    0   -2   0.09433       -0.0017243502   0.0000091935
    0    0    0   0.02358         0    0    2   0.09433       -0.0017243549   0.0000092607
    0    0    0   0.02358         0   -1   -1   0.11201       -0.0000000004   0.0000000008
    0    0    0   0.02358         0   -1    1   0.11201       -0.0000000004   0.0000000007
    0    0    0   0.02358        -1   -1    0   0.16506        0.0000000010   0.0000000005
    0    0    0   0.02358         1    0    0   0.16506       -0.0000000003  -0.0000000087
    0    0    0   0.02358         0   -1   -2   0.16507        0.0000000007   0.0000000002
    0    0    0   0.02358         0   -1    2   0.16507        0.0000000009   0.0000000004
    0    0    0   0.02358        -1   -1   -1   0.18275       -0.0000000011  -0.0000000004
    0    0    0   0.02358        -1   -1    1   0.18275       -0.0000000011  -0.0000000004
    0    0    0   0.02358         1    0   -1   0.18275        0.0000000003   0.0000000086
    0    0    0   0.02358         1    0    1   0.18275        0.0000000004   0.0000000085
    0    0    0   0.02358         0    0   -3   0.18277        0.0012793520  -0.0000167912
    0    0    0   0.02358         0    0    3   0.18277        0.0012793574  -0.0000168714
    0    0    0   0.02358        -1   -1   -2   0.23581        0.0000000017   0.0000000003
    0    0    0   0.02358        -1   -1    2   0.23581        0.0000000017   0.0000000002
    0    0    0   0.02358         1    0   -2   0.23581       -0.0000000004  -0.0000000083
    0    0    0   0.02358         1    0    2   0.23581       -0.0000000005  -0.0000000082
    0    0    0   0.02358         0   -1   -3   0.25351       -0.0000000014  -0.0000000015
    0    0    0   0.02358         0   -1    3   0.25351       -0.0000000016  -0.0000000018
    0    0    0   0.02358        -1    0    0   0.30654        0.0000000080   0.0000000121
    0    0    0   0.02358         1    1    0   0.30654        0.0000000022   0.0000000035
    0    0    0   0.02358         0    0   -4   0.30659       -0.0008483084   0.0000221157
    0    0    0   0.02358         0    0    4   0.30659       -0.0008483131   0.0000221898
    0    0    0   0.02358        -1    0   -1   0.32422       -0.0000000083  -0.0000000113
    0    0    0   0.02358        -1    2   -2   1.93355        0.0002255388   0.0002457457
    0    0    0   0.02358        -1    2    2   1.93355        0.0002254947   0.0002457138
    0    0    0   0.02358         1    3   -2   1.93355        0.0000000039   0.0000000022
    0    0    0   0.02358         1    3    2   1.93355        0.0000000039   0.0000000023
    0    0    0   0.02358        -1   -1  -10   1.93387        0.0000000003   0.0000000008
    0    0    0   0.02358        -1   -1   10   1.93387        0.0000000004   0.0000000009
    0    0    0   0.02358         1    0  -10   1.93387        0.0000000005  -0.0000000090
    0    0    0   0.02358         1    0   10   1.93387        0.0000000008  -0.0000000089
    0    0    0   0.02358        -2    1   -3   1.95125        0.0000000004   0.0000000025
    0    0    0   0.02358        -2    1    3   1.95125        0.0000000005   0.0000000024
    0    0    0   0.02358         2    3   -3   1.95125       -0.0000279935   0.0003916344
    0    0    0   0.02358         2    3    3   1.95125       -0.0000280478   0.0003916612
    0    0    0   0.02358         0   -3   -5   1.95131        0.0000000017  -0.0000000006
    0    0    0   0.02358         0   -3    5   1.95131        0.0000000017  -0.0000000006
    0    0   -1   0.04127         0    0   -1   0.04127       -0.0027754995   0.0000000000
    0    0    1   0.04127         0    0    1   0.04127       -0.0027755048   0.0000000000
    0   -1    0   0.09432         0   -1    0   0.09432       -0.0058079793   0.0000000000
    0    0   -2   0.09433         0    0   -2   0.09433       -0.0042097444   0.0000000000
    0    0    2   0.09433         0    0    2   0.09433       -0.0042097529   0.0000000000
    0   -1   -1   0.11201         0   -1   -1   0.11201       -0.0059291897   0.0000000000
    0   -1    1   0.11201         0   -1    1   0.11201       -0.0059291614   0.0000000000
   -1   -1    0   0.16506        -1   -1    0   0.16506       -0.0072662227   0.0000000000
    1    0    0   0.16506         1    0    0   0.16506       -0.0071907703   0.0000000000
    0   -1   -2   0.16507         0   -1   -2   0.16507       -0.0062300314   0.0000000000
    0   -1    2   0.16507         0   -1    2   0.16507       -0.0062299869   0.0000000000
   -1   -1   -1   0.18275        -1   -1   -1   0.18275       -0.0071828906   0.0000000000
   -1   -1    1   0.18275        -1   -1    1   0.18275       -0.0071828577   0.0000000000
    1    0   -1   0.18275         1    0   -1   0.18275       -0.0071133566   0.0000000000
    1    0    1   0.18275         1    0    1   0.18275       -0.0071134368   0.0000000000
    0    0   -3   0.18277         0    0   -3   0.18277       -0.0057672483   0.0000000000
    0    0    3   0.18277         0    0    3   0.18277       -0.0057672566   0.0000000000
   -1   -1   -2   0.23581        -1   -1   -2   0.23581       -0.0069786249   0.0000000000
   -1   -1    2   0.23581        -1   -1    2   0.23581       -0.0069785733   0.0000000000
    1    0   -2   0.23581         1    0   -2   0.23581       -0.0069221649   0.0000000000
    1    0    2   0.23581         1    0    2   0.23581       -0.0069222909   0.0000000000
    0   -1   -3   0.25351         0   -1   -3   0.25351       -0.0065567851   0.0000000000
    0   -1    3   0.25351         0   -1    3   0.25351       -0.0065567418   0.0000000000
   -1    0    0   0.30654        -1    0    0   0.30654       -0.0078392447   0.0000000000
    1    1    0   0.30654         1    1    0   0.30654       -0.0075976236   0.0000000000
    0    0   -4   0.30659         0    0   -4   0.30659       -0.0068131479   0.0000000000
    0    0    4   0.30659         0    0    4   0.30659       -0.0068131533   0.0000000000
   -1    0   -1   0.32422        -1    0   -1   0.32422       -0.0076415013   0.0000000000
    1   -2    2   1.22616        -1    2   -2   1.93355        0.0007959449  -0.0004445687
   -1   -3   -2   1.22616        -1    2    2   1.93355       -0.0000000019   0.0000000161
   -1   -3    2   1.22616         1    3   -2   1.93355        0.0000000050   0.0000000014
    0   -2   -6   1.22627         1    3    2   1.93355       -0.0006274391   0.0001985317
    0   -2    6   1.22627        -1   -1  -10   1.93387        0.0000000093  -0.0000000044
    0   -1   -8   1.22636        -1   -1   10   1.93387        0.0000000066   0.0000000185
    0   -1    8   1.22636         1    0  -10   1.93387        0.0000000035   0.0000000033
    2   -1   -1   1.24383         1    0   10   1.93387       -0.0000000031   0.0000000041
    2   -1    1   1.24383        -2    1   -3   1.95125        0.0000000059  -0.0000000079
   -2   -3   -1   1.24383        -2    1    3   1.95125        0.0000000005   0.0000000013
   -2   -3    1   1.24383         2    3   -3   1.95125        0.0007909858   0.0004027529
    0    1   -7   1.24399         2    3    3   1.95125       -0.0000000038  -0.0000000038
    0    1    7   1.24399         0   -3   -5   1.95131        0.0000000045   0.0000000046
    2   -1   -2   1.29690         0   -3    5   1.95131        0.0000000090   0.0000000023


     q= 0.0000 0.6667 0.0000  nmtx=     478  nrk=  9

           independent matrix elements of chi       spin index= 1 1

          g          g**2          gp          gp**2          chi(g, gp)
    0   -1    0   0.02358         0   -1    0   0.02358       -0.0021895674   0.0000000000
    0   -1   -1   0.04127         0   -1   -1   0.04127       -0.0027755049   0.0000000000
    0   -1    1   0.04127         0   -1    1   0.04127       -0.0027754995   0.0000000000
    0    0    0   0.09432         0   -1    0   0.02358        0.0000000003  -0.0000000011
    0    0    0   0.09432         0   -1   -1   0.04127       -0.0000000001   0.0000000007
    0    0    0   0.09432         0   -1    1   0.04127       -0.0000000005   0.0000000004
    0    0    0   0.09432         0    0    0   0.09432       -0.0058079792   0.0000000000
    0    0    0   0.09432         0   -1   -2   0.09433        0.0000000000   0.0000000007
    0    0    0   0.09432         0   -1    2   0.09433        0.0000000007   0.0000000012
    0    0    0   0.09432         0    0   -1   0.11201        0.0054731603  -0.0000144309
    0    0    0   0.09432         0    0    1   0.11201        0.0054731748  -0.0000145291
    0    0    0   0.09432        -1   -1    0   0.16506        0.0000000048  -0.0000000020
    0    0    0   0.09432         1    0    0   0.16506        0.0000000097  -0.0000000304
    0    0    0   0.09432         0    0   -2   0.16507       -0.0045774926   0.0000514314
    0    0    0   0.09432         0    0    2   0.16507       -0.0045775177   0.0000516062
    0    0    0   0.09432        -1   -1   -1   0.18275       -0.0000000046   0.0000000019
    0    0    0   0.09432        -1   -1    1   0.18275       -0.0000000047   0.0000000019
    0    0    0   0.09432         1    0   -1   0.18275       -0.0000000096   0.0000000293
    0    0    0   0.09432         1    0    1   0.18275       -0.0000000094   0.0000000291
    0    0    0   0.09432         0   -1   -3   0.18277       -0.0000000005  -0.0000000027
    0    0    0   0.09432         0   -1    3   0.18277       -0.0000000013  -0.0000000034
    0    0    0   0.09432        -1   -1   -2   0.23581        0.0000000043  -0.0000000017
    0    0    0   0.09432        -1   -1    2   0.23581        0.0000000045  -0.0000000017
    0    0    0   0.09432         1    0   -2   0.23581        0.0000000093  -0.0000000264
    0    0    0   0.09432         1    0    2   0.23581        0.0000000089  -0.0000000262
    0    0    0   0.09432         0    0   -3   0.25351        0.0033952226  -0.0000950825
    0    0    0   0.09432         0    0    3   0.25351        0.0033952516  -0.0000952943
    0    0    0   0.09432         1   -1    0   0.30654       -0.0000000031  -0.0000000003
    0    0    0   0.09432        -1   -2    0   0.30654       -0.0000000012  -0.0000000025
    0    0    0   0.09432         0   -1   -4   0.30659        0.0000000014   0.0000000048
    0    0    0   0.09432         0   -1    4   0.30659        0.0000000021   0.0000000054
    0    0    0   0.09432         1   -1   -1   0.32422        0.0000000021   0.0000000006
    0    0    0   0.09432         1   -3   -2   1.93355       -0.0000000013  -0.0000000006
    0    0    0   0.09432         1   -3    2   1.93355       -0.0000000016  -0.0000000007
    0    0    0   0.09432        -1   -4   -2   1.93355       -0.0000000028  -0.0000000145
    0    0    0   0.09432        -1   -4    2   1.93355       -0.0000000026  -0.0000000145
    0    0    0   0.09432        -1   -1  -10   1.93387        0.0000000013  -0.0000000006
    0    0    0   0.09432        -1   -1   10   1.93387        0.0000000013  -0.0000000002
    0    0    0   0.09432         1    0  -10   1.93387        0.0000000041  -0.0000000218
    0    0    0   0.09432         1    0   10   1.93387        0.0000000045  -0.0000000216
    0    0    0   0.09432         2   -2   -3   1.95125       -0.0000000004  -0.0000000148
    0    0    0   0.09432         2   -2    3   1.95125       -0.0000000006  -0.0000000150
    0    0    0   0.09432        -2   -4   -3   1.95125       -0.0000000030   0.0000000053
    0    0    0   0.09432        -2   -4    3   1.95125       -0.0000000029   0.0000000052
    0    0    0   0.09432         0    2   -5   1.95131        0.0000000141  -0.0000000066
    0    0    0   0.09432         0    2    5   1.95131        0.0000000140  -0.0000000067
    0   -1   -2   0.09433         0   -1   -2   0.09433       -0.0042097529   0.0000000000
    0   -1    2   0.09433         0   -1    2   0.09433       -0.0042097444   0.0000000000
    0    0   -1   0.11201         0    0   -1   0.11201       -0.0059291614   0.0000000000
    0    0    1   0.11201         0    0    1   0.11201       -0.0059291896   0.0000000000
   -1   -1    0   0.16506        -1   -1    0   0.16506       -0.0071907698   0.0000000000
    1    0    0   0.16506         1    0    0   0.16506       -0.0072662231   0.0000000000
    0    0   -2   0.16507         0    0   -2   0.16507       -0.0062299868   0.0000000000
    0    0    2   0.16507         0    0    2   0.16507       -0.0062300312   0.0000000000
   -1   -1   -1   0.18275        -1   -1   -1   0.18275       -0.0071134364   0.0000000000
   -1   -1    1   0.18275        -1   -1    1   0.18275       -0.0071133561   0.0000000000
    1    0   -1   0.18275         1    0   -1   0.18275       -0.0071828582   0.0000000000
    1    0    1   0.18275         1    0    1   0.18275       -0.0071828910   0.0000000000
    0   -1   -3   0.18277         0   -1   -3   0.18277       -0.0057672566   0.0000000000
    0   -1    3   0.18277         0   -1    3   0.18277       -0.0057672483   0.0000000000
   -1   -1   -2   0.23581        -1   -1   -2   0.23581       -0.0069222905   0.0000000000
   -1   -1    2   0.23581        -1   -1    2   0.23581       -0.0069221644   0.0000000000
    1    0   -2   0.23581         1    0   -2   0.23581       -0.0069785737   0.0000000000
    1    0    2   0.23581         1    0    2   0.23581       -0.0069786253   0.0000000000
    0    0   -3   0.25351         0    0   -3   0.25351       -0.0065567418   0.0000000000
    0    0    3   0.25351         0    0    3   0.25351       -0.0065567849   0.0000000000
    1   -1    0   0.30654         1   -1    0   0.30654       -0.0078392453   0.0000000000
   -1   -2    0   0.30654        -1   -2    0   0.30654       -0.0075976232   0.0000000000
    0   -1   -4   0.30659         0   -1   -4   0.30659       -0.0068131534   0.0000000000
    0   -1    4   0.30659         0   -1    4   0.30659       -0.0068131479   0.0000000000
    1   -1   -1   0.32422         1   -1   -1   0.32422       -0.0076415152   0.0000000000
   -1    1    2   1.22616         1   -3   -2   1.93355        0.0007959915   0.0004446307
    1    2   -2   1.22616         1   -3    2   1.93355       -0.0000000020  -0.0000000158
    1    2    2   1.22616        -1   -4   -2   1.93355        0.0000000052  -0.0000000013
    0    1   -6   1.22627        -1   -4    2   1.93355       -0.0006274276  -0.0001985528
    0    1    6   1.22627        -1   -1  -10   1.93387        0.0000000011  -0.0000000029
    0    0   -8   1.22636        -1   -1   10   1.93387        0.0000000035  -0.0000000033
    0    0    8   1.22636         1    0  -10   1.93387        0.0000000067  -0.0000000186
   -2    0   -1   1.24383         1    0   10   1.93387       -0.0000000072   0.0000000063
   -2    0    1   1.24383         2   -2   -3   1.95125        0.0000000057   0.0000000080
    2    2   -1   1.24383         2   -2    3   1.95125        0.0000000003  -0.0000000012
    2    2    1   1.24383        -2   -4   -3   1.95125        0.0007909441  -0.0004026936
    0   -2   -7   1.24399        -2   -4    3   1.95125       -0.0000000038   0.0000000034
    0   -2    7   1.24399         0    2   -5   1.95131        0.0000000046  -0.0000000048
   -2    0   -2   1.29690         0    2    5   1.95131        0.0000000091  -0.0000000022


     q= 0.3333 0.0000 0.0000  nmtx=     478  nrk=  9

           independent matrix elements of chi       spin index= 1 1

          g          g**2          gp          gp**2          chi(g, gp)
    0    0    0   0.02358         0    0    0   0.02358       -0.0021895675   0.0000000000
    0    0    0   0.02358         0    0   -1   0.04127        0.0020627859  -0.0000025868
    0    0    0   0.02358         0    0    1   0.04127        0.0020627887  -0.0000026249
    0    0    0   0.02358        -1    0    0   0.09432        0.0000000025  -0.0000000025
    0    0    0   0.02358         0    0   -2   0.09433       -0.0017243502   0.0000091936
    0    0    0   0.02358         0    0    2   0.09433       -0.0017243550   0.0000092608
    0    0    0   0.02358        -1    0   -1   0.11201       -0.0000000027   0.0000000017
    0    0    0   0.02358        -1    0    1   0.11201       -0.0000000028   0.0000000017
    0    0    0   0.02358        -1   -1    0   0.16506        0.0000000002  -0.0000000006
    0    0    0   0.02358         0    1    0   0.16506        0.0000000033  -0.0000000023
    0    0    0   0.02358        -1    0   -2   0.16507        0.0000000035   0.0000000004
    0    0    0   0.02358        -1    0    2   0.16507        0.0000000037   0.0000000005
    0    0    0   0.02358        -1   -1   -1   0.18275       -0.0000000001   0.0000000005
    0    0    0   0.02358        -1   -1    1   0.18275       -0.0000000001   0.0000000005
    0    0    0   0.02358         0    1   -1   0.18275       -0.0000000036   0.0000000025
    0    0    0   0.02358         0    1    1   0.18275       -0.0000000035   0.0000000024
    0    0    0   0.02358         0    0   -3   0.18277        0.0012793521  -0.0000167913
    0    0    0   0.02358         0    0    3   0.18277        0.0012793575  -0.0000168716
    0    0    0   0.02358        -1   -1   -2   0.23581       -0.0000000001  -0.0000000001
    0    0    0   0.02358        -1   -1    2   0.23581       -0.0000000000  -0.0000000001
    0    0    0   0.02358         0    1   -2   0.23581        0.0000000042  -0.0000000029
    0    0    0   0.02358         0    1    2   0.23581        0.0000000041  -0.0000000027
    0    0    0   0.02358        -1    0   -3   0.25351       -0.0000000048  -0.0000000032
    0    0    0   0.02358        -1    0    3   0.25351       -0.0000000050  -0.0000000032
    0    0    0   0.02358         0   -1    0   0.30654       -0.0000000017   0.0000000060
    0    0    0   0.02358         1    1    0   0.30654        0.0000000031   0.0000000018
    0    0    0   0.02358         0    0   -4   0.30659       -0.0008483084   0.0000221159
    0    0    0   0.02358         0    0    4   0.30659       -0.0008483132   0.0000221900
    0    0    0   0.02358         0   -1   -1   0.32422        0.0000000024  -0.0000000055
    0    0    0   0.02358         2   -1   -2   1.93355        0.0000000006  -0.0000000001
    0    0    0   0.02358         2   -1    2   1.93355        0.0000000007   0.0000000001
    0    0    0   0.02358         3    1   -2   1.93355        0.0002255388   0.0002457457
    0    0    0   0.02358         3    1    2   1.93355        0.0002254948   0.0002457137
    0    0    0   0.02358        -1   -1  -10   1.93387        0.0000000005  -0.0000000011
    0    0    0   0.02358        -1   -1   10   1.93387        0.0000000004  -0.0000000011
    0    0    0   0.02358         0    1  -10   1.93387        0.0000000012  -0.0000000022
    0    0    0   0.02358         0    1   10   1.93387        0.0000000013  -0.0000000019
    0    0    0   0.02358         1   -2   -3   1.95125       -0.0000279935   0.0003916344
    0    0    0   0.02358         1   -2    3   1.95125       -0.0000280479   0.0003916612
    0    0    0   0.02358         3    2   -3   1.95125        0.0000000040   0.0000000027
    0    0    0   0.02358         3    2    3   1.95125        0.0000000037   0.0000000028
    0    0    0   0.02358        -3    0   -5   1.95131        0.0000000008  -0.0000000041
    0    0    0   0.02358        -3    0    5   1.95131        0.0000000008  -0.0000000041
    0    0   -1   0.04127         0    0   -1   0.04127       -0.0027754995   0.0000000000
    0    0    1   0.04127         0    0    1   0.04127       -0.0027755049   0.0000000000
   -1    0    0   0.09432        -1    0    0   0.09432       -0.0058079792   0.0000000000
    0    0   -2   0.09433         0    0   -2   0.09433       -0.0042097444   0.0000000000
    0    0    2   0.09433         0    0    2   0.09433       -0.0042097531   0.0000000000
   -1    0   -1   0.11201        -1    0   -1   0.11201       -0.0059291896   0.0000000000
   -1    0    1   0.11201        -1    0    1   0.11201       -0.0059291613   0.0000000000
   -1   -1    0   0.16506        -1   -1    0   0.16506       -0.0071907698   0.0000000000
    0    1    0   0.16506         0    1    0   0.16506       -0.0072662230   0.0000000000
   -1    0   -2   0.16507        -1    0   -2   0.16507       -0.0062300312   0.0000000000
   -1    0    2   0.16507        -1    0    2   0.16507       -0.0062299867   0.0000000000
   -1   -1   -1   0.18275        -1   -1   -1   0.18275       -0.0071133562   0.0000000000
   -1   -1    1   0.18275        -1   -1    1   0.18275       -0.0071134361   0.0000000000
    0    1   -1   0.18275         0    1   -1   0.18275       -0.0071828906   0.0000000000
    0    1    1   0.18275         0    1    1   0.18275       -0.0071828581   0.0000000000
    0    0   -3   0.18277         0    0   -3   0.18277       -0.0057672483   0.0000000000
    0    0    3   0.18277         0    0    3   0.18277       -0.0057672568   0.0000000000
   -1   -1   -2   0.23581        -1   -1   -2   0.23581       -0.0069221647   0.0000000000
   -1   -1    2   0.23581        -1   -1    2   0.23581       -0.0069222901   0.0000000000
    0    1   -2   0.23581         0    1   -2   0.23581       -0.0069786248   0.0000000000
    0    1    2   0.23581         0    1    2   0.23581       -0.0069785737   0.0000000000
   -1    0   -3   0.25351        -1    0   -3   0.25351       -0.0065567850   0.0000000000
   -1    0    3   0.25351        -1    0    3   0.25351       -0.0065567416   0.0000000000
    0   -1    0   0.30654         0   -1    0   0.30654       -0.0075976238   0.0000000000
    1    1    0   0.30654         1    1    0   0.30654       -0.0078392452   0.0000000000
    0    0   -4   0.30659         0    0   -4   0.30659       -0.0068131478   0.0000000000
    0    0    4   0.30659         0    0    4   0.30659       -0.0068131535   0.0000000000
    0   -1   -1   0.32422         0   -1   -1   0.32422       -0.0074166506   0.0000000000
   -2    1    2   1.22616         2   -1   -2   1.93355        0.0000000056   0.0000000073
   -3   -1   -2   1.22616         2   -1    2   1.93355        0.0000000014   0.0000000015
   -3   -1    2   1.22616         3    1   -2   1.93355        0.0007959449  -0.0004445687
   -2    0   -6   1.22627         3    1    2   1.93355        0.0000000046   0.0000000018
   -2    0    6   1.22627        -1   -1  -10   1.93387        0.0000000070   0.0000000042
   -1    0   -8   1.22636        -1   -1   10   1.93387        0.0000000021   0.0000000085
   -1    0    8   1.22636         0    1  -10   1.93387        0.0000000038   0.0000000039
   -1    2   -1   1.24383         0    1   10   1.93387       -0.0000000029  -0.0000000021
   -1    2    1   1.24383         1   -2   -3   1.95125        0.0007909861   0.0004027528
   -3   -2   -1   1.24383         1   -2    3   1.95125       -0.0000000004  -0.0000000012
   -3   -2    1   1.24383         3    2   -3   1.95125        0.0000000139  -0.0000000160
    1    0   -7   1.24399         3    2    3   1.95125       -0.0000000049  -0.0000000033
    1    0    7   1.24399        -3    0   -5   1.95131        0.0000000018   0.0000000090
   -1    2   -2   1.29690        -3    0    5   1.95131        0.0000000027   0.0000000032


     q= 0.3333 0.3333 0.0000  nmtx=     478  nrk=  9

           independent matrix elements of chi       spin index= 1 1

          g          g**2          gp          gp**2          chi(g, gp)
    0    0    0   0.02358         0    0    0   0.02358       -0.0021895675   0.0000000000
    0    0    0   0.02358         0    0   -1   0.04127        0.0020627887   0.0000026249
    0    0    0   0.02358         0    0    1   0.04127        0.0020627858   0.0000025867
    0    0    0   0.02358        -1   -1    0   0.09432       -0.0000000014   0.0000000017
    0    0    0   0.02358         0    0   -2   0.09433       -0.0017243550  -0.0000092608
    0    0    0   0.02358         0    0    2   0.09433       -0.0017243502  -0.0000091935
    0    0    0   0.02358        -1   -1   -1   0.11201        0.0000000012  -0.0000000015
    0    0    0   0.02358        -1   -1    1   0.11201        0.0000000012  -0.0000000015
    0    0    0   0.02358        -1    0    0   0.16506        0.0000000095   0.0000000037
    0    0    0   0.02358         0   -1    0   0.16506       -0.0000000012   0.0000000034
    0    0    0   0.02358        -1   -1   -2   0.16507       -0.0000000006   0.0000000012
    0    0    0   0.02358        -1   -1    2   0.16507       -0.0000000006   0.0000000010
    0    0    0   0.02358        -1    0   -1   0.18275       -0.0000000098  -0.0000000039
    0    0    0   0.02358        -1    0    1   0.18275       -0.0000000099  -0.0000000039
    0    0    0   0.02358         0   -1   -1   0.18275        0.0000000013  -0.0000000032
    0    0    0   0.02358         0   -1    1   0.18275        0.0000000012  -0.0000000033
    0    0    0   0.02358         0    0   -3   0.18277        0.0012793576   0.0000168716
    0    0    0   0.02358         0    0    3   0.18277        0.0012793520   0.0000167912
    0    0    0   0.02358        -1    0   -2   0.23581        0.0000000109   0.0000000045
    0    0    0   0.02358        -1    0    2   0.23581        0.0000000110   0.0000000044
    0    0    0   0.02358         0   -1   -2   0.23581       -0.0000000015   0.0000000029
    0    0    0   0.02358         0   -1    2   0.23581       -0.0000000013   0.0000000030
    0    0    0   0.02358        -1   -1   -3   0.25351       -0.0000000003  -0.0000000007
    0    0    0   0.02358        -1   -1    3   0.25351       -0.0000000003  -0.0000000005
    0    0    0   0.02358         1    0    0   0.30654       -0.0000000040  -0.0000000141
    0    0    0   0.02358         0    1    0   0.30654        0.0000000030  -0.0000000059
    0    0    0   0.02358         0    0   -4   0.30659       -0.0008483133  -0.0000221899
    0    0    0   0.02358         0    0    4   0.30659       -0.0008483084  -0.0000221158
    0    0    0   0.02358         1    0   -1   0.32422        0.0000000049   0.0000000135
    0    0    0   0.02358         3    2   -2   1.93355        0.0000000015  -0.0000000012
    0    0    0   0.02358         3    2    2   1.93355        0.0000000015  -0.0000000013
    0    0    0   0.02358         2    3   -2   1.93355        0.0002254946  -0.0002457138
    0    0    0   0.02358         2    3    2   1.93355        0.0002255387  -0.0002457456
    0    0    0   0.02358        -1    0  -10   1.93387        0.0000000057   0.0000000049
    0    0    0   0.02358        -1    0   10   1.93387        0.0000000054   0.0000000053
    0    0    0   0.02358         0   -1  -10   1.93387       -0.0000000005   0.0000000040
    0    0    0   0.02358         0   -1   10   1.93387       -0.0000000007   0.0000000039
    0    0    0   0.02358         3    1   -3   1.95125       -0.0000280480  -0.0003916613
    0    0    0   0.02358         3    1    3   1.95125       -0.0000279936  -0.0003916343
    0    0    0   0.02358         1    3   -3   1.95125        0.0000000082  -0.0000000071
    0    0    0   0.02358         1    3    3   1.95125        0.0000000085  -0.0000000069
    0    0    0   0.02358        -3   -3   -5   1.95131        0.0000000035   0.0000000099
    0    0    0   0.02358        -3   -3    5   1.95131        0.0000000032   0.0000000098
    0    0   -1   0.04127         0    0   -1   0.04127       -0.0027755050   0.0000000000
    0    0    1   0.04127         0    0    1   0.04127       -0.0027754995   0.0000000000
   -1   -1    0   0.09432        -1   -1    0   0.09432       -0.0058079791   0.0000000000
    0    0   -2   0.09433         0    0   -2   0.09433       -0.0042097531   0.0000000000
    0    0    2   0.09433         0    0    2   0.09433       -0.0042097444   0.0000000000
   -1   -1   -1   0.11201        -1   -1   -1   0.11201       -0.0059291613   0.0000000000
   -1   -1    1   0.11201        -1   -1    1   0.11201       -0.0059291894   0.0000000000
   -1    0    0   0.16506        -1    0    0   0.16506       -0.0072662227   0.0000000000
    0   -1    0   0.16506         0   -1    0   0.16506       -0.0071907704   0.0000000000
   -1   -1   -2   0.16507        -1   -1   -2   0.16507       -0.0062299868   0.0000000000
   -1   -1    2   0.16507        -1   -1    2   0.16507       -0.0062300310   0.0000000000
   -1    0   -1   0.18275        -1    0   -1   0.18275       -0.0071828578   0.0000000000
   -1    0    1   0.18275        -1    0    1   0.18275       -0.0071828905   0.0000000000
    0   -1   -1   0.18275         0   -1   -1   0.18275       -0.0071134369   0.0000000000
    0   -1    1   0.18275         0   -1    1   0.18275       -0.0071133566   0.0000000000
    0    0   -3   0.18277         0    0   -3   0.18277       -0.0057672568   0.0000000000
    0    0    3   0.18277         0    0    3   0.18277       -0.0057672482   0.0000000000
   -1    0   -2   0.23581        -1    0   -2   0.23581       -0.0069785734   0.0000000000
   -1    0    2   0.23581        -1    0    2   0.23581       -0.0069786248   0.0000000000
    0   -1   -2   0.23581         0   -1   -2   0.23581       -0.0069222909   0.0000000000
    0   -1    2   0.23581         0   -1    2   0.23581       -0.0069221650   0.0000000000
   -1   -1   -3   0.25351        -1   -1   -3   0.25351       -0.0065567418   0.0000000000
   -1   -1    3   0.25351        -1   -1    3   0.25351       -0.0065567847   0.0000000000
    1    0    0   0.30654         1    0    0   0.30654       -0.0075976238   0.0000000000
    0    1    0   0.30654         0    1    0   0.30654       -0.0078392452   0.0000000000
    0    0   -4   0.30659         0    0   -4   0.30659       -0.0068131535   0.0000000000
    0    0    4   0.30659         0    0    4   0.30659       -0.0068131478   0.0000000000
    1    0   -1   0.32422         1    0   -1   0.32422       -0.0074165596   0.0000000000
   -3   -2    2   1.22616         3    2   -2   1.93355        0.0000000137  -0.0000000147
   -2   -3   -2   1.22616         3    2    2   1.93355       -0.0000000015  -0.0000000050
   -2   -3    2   1.22616         2    3   -2   1.93355        0.0007959913   0.0004446307
   -2   -2   -6   1.22627         2    3    2   1.93355        0.0000000070  -0.0000000028
   -2   -2    6   1.22627        -1    0  -10   1.93387        0.0000000029   0.0000000034
   -1   -1   -8   1.22636        -1    0   10   1.93387        0.0000000025  -0.0000000093
   -1   -1    8   1.22636         0   -1  -10   1.93387        0.0000000061  -0.0000000176
   -3   -1   -1   1.24383         0   -1   10   1.93387       -0.0000000078   0.0000000056
   -3   -1    1   1.24383         3    1   -3   1.95125        0.0007909439  -0.0004026939
   -1   -3   -1   1.24383         3    1    3   1.95125        0.0000000015   0.0000000045
   -1   -3    1   1.24383         1    3   -3   1.95125        0.0000000052   0.0000000017
    1    1   -7   1.24399         1    3    3   1.95125       -0.0000000104   0.0000000064
    1    1    7   1.24399        -3   -3   -5   1.95131        0.0000000030  -0.0000000186
   -3   -1   -2   1.29690        -3   -3    5   1.95131        0.0000000061  -0.0000000051


     q= 0.3333 0.6667 0.0000  nmtx=     486  nrk=  9

           independent matrix elements of chi       spin index= 1 1

          g          g**2          gp          gp**2          chi(g, gp)
    0   -1    0   0.07074         0   -1    0   0.07074       -0.0049358452   0.0000000000
   -1   -1    0   0.07074        -1   -1    0   0.07074       -0.0049358450   0.0000000000
    0    0    0   0.07074         0   -1    0   0.07074        0.0000000017   0.0000000033
    0    0    0   0.07074        -1   -1    0   0.07074        0.0000000005   0.0000000005
    0    0    0   0.07074         0    0    0   0.07074       -0.0049358450   0.0000000000
    0    0    0   0.07074         0   -1   -1   0.08843       -0.0000000015  -0.0000000033
    0    0    0   0.07074         0   -1    1   0.08843       -0.0000000018  -0.0000000035
    0    0    0   0.07074        -1   -1   -1   0.08843       -0.0000000006  -0.0000000003
    0    0    0   0.07074        -1   -1    1   0.08843       -0.0000000006  -0.0000000003
    0    0    0   0.07074         0    0   -1   0.08843        0.0046503620   0.0000165415
    0    0    0   0.07074         0    0    1   0.08843        0.0046503451   0.0000164572
    0    0    0   0.07074         0   -1   -2   0.14149        0.0000000014   0.0000000035
    0    0    0   0.07074         0   -1    2   0.14149        0.0000000018   0.0000000039
    0    0    0   0.07074        -1   -1   -2   0.14149        0.0000000009  -0.0000000001
    0    0    0   0.07074        -1   -1    2   0.14149        0.0000000009  -0.0000000002
    0    0    0   0.07074         0    0   -2   0.14149       -0.0038872201  -0.0000586563
    0    0    0   0.07074         0    0    2   0.14149       -0.0038871908  -0.0000585067
    0    0    0   0.07074         0   -1   -3   0.22993       -0.0000000016  -0.0000000040
    0    0    0   0.07074         0   -1    3   0.22993       -0.0000000021  -0.0000000045
    0    0    0   0.07074        -1   -1   -3   0.22993       -0.0000000015   0.0000000006
    0    0    0   0.07074        -1   -1    3   0.22993       -0.0000000015   0.0000000007
    0    0    0   0.07074         0    0   -3   0.22993        0.0028813040   0.0001078878
    0    0    0   0.07074         0    0    3   0.22993        0.0028812703   0.0001077072
    0    0    0   0.07074         1    0    0   0.28296       -0.0000000013  -0.0000000318
    0    0    0   0.07074        -1   -2    0   0.28296       -0.0000000010  -0.0000000011
    0    0    0   0.07074        -1    0    0   0.28296        0.0000000168   0.0000000193
    0    0    0   0.07074         1    0   -1   0.30065        0.0000000017   0.0000000307
    0    0    0   0.07074         1    0    1   0.30065        0.0000000019   0.0000000305
    0    0    0   0.07074        -1   -2   -1   0.30065        0.0000000002   0.0000000012
    0    0    0   0.07074        -1   -2    1   0.30065        0.0000000002   0.0000000014
    0    0    0   0.07074        -1    0   -1   0.30065       -0.0000000172  -0.0000000186
    0    0    0   0.07074        -1    0    1   0.30065       -0.0000000174  -0.0000000185
    0    0    0   0.07074         1   -2   -7   1.99855       -0.0006643996   0.0009011753
    0    0    0   0.07074         1   -2    7   1.99855       -0.0006644385   0.0009011935
    0    0    0   0.07074        -3   -2   -7   1.99855        0.0000000061   0.0000000043
    0    0    0   0.07074        -3   -2    7   1.99855        0.0000000063   0.0000000042
    0    0    0   0.07074         1    2   -7   1.99855        0.0000000014  -0.0000000021
    0    0    0   0.07074         1    2    7   1.99855        0.0000000011  -0.0000000021
    0   -1   -1   0.08843         0   -1   -1   0.08843       -0.0051724520   0.0000000000
    0   -1    1   0.08843         0   -1    1   0.08843       -0.0051724189   0.0000000000
   -1   -1   -1   0.08843        -1   -1   -1   0.08843       -0.0051724517   0.0000000000
   -1   -1    1   0.08843        -1   -1    1   0.08843       -0.0051724186   0.0000000000
    0    0   -1   0.08843         0    0   -1   0.08843       -0.0051724518   0.0000000000
    0    0    1   0.08843         0    0    1   0.08843       -0.0051724188   0.0000000000
    0   -1   -2   0.14149         0   -1   -2   0.14149       -0.0057556216   0.0000000000
    0   -1    2   0.14149         0   -1    2   0.14149       -0.0057555695   0.0000000000
   -1   -1   -2   0.14149        -1   -1   -2   0.14149       -0.0057556214   0.0000000000
   -1   -1    2   0.14149        -1   -1    2   0.14149       -0.0057555692   0.0000000000
    0    0   -2   0.14149         0    0   -2   0.14149       -0.0057556214   0.0000000000
    0    0    2   0.14149         0    0    2   0.14149       -0.0057555694   0.0000000000
    0   -1   -3   0.22993         0   -1   -3   0.22993       -0.0063905301   0.0000000000
    0   -1    3   0.22993         0   -1    3   0.22993       -0.0063904790   0.0000000000
   -1   -1   -3   0.22993        -1   -1   -3   0.22993       -0.0063905299   0.0000000000
   -1   -1    3   0.22993        -1   -1    3   0.22993       -0.0063904786   0.0000000000
    0    0   -3   0.22993         0    0   -3   0.22993       -0.0063905299   0.0000000000
    0    0    3   0.22993         0    0    3   0.22993       -0.0063904789   0.0000000000
    1    0    0   0.28296         1    0    0   0.28296       -0.0076944964   0.0000000000
   -1   -2    0   0.28296        -1   -2    0   0.28296       -0.0076944959   0.0000000000
   -1    0    0   0.28296        -1    0    0   0.28296       -0.0076944959   0.0000000000
    1    0   -1   0.30065         1    0   -1   0.30065       -0.0075134655   0.0000000000
    1    0    1   0.30065         1    0    1   0.30065       -0.0075135435   0.0000000000
   -1   -2   -1   0.30065        -1   -2   -1   0.30065       -0.0075134652   0.0000000000
   -1   -2    1   0.30065        -1   -2    1   0.30065       -0.0075135428   0.0000000000
   -1    0   -1   0.30065        -1    0   -1   0.30065       -0.0075134650   0.0000000000
   -1    0    1   0.30065        -1    0    1   0.30065       -0.0075135429   0.0000000000
   -1   -1    8   1.20278         1   -2   -7   1.99855        0.0000000027  -0.0000000018
    0    0   -8   1.20278         1   -2    7   1.99855       -0.0009038424   0.0000950559
    0    0    8   1.20278        -3   -2   -7   1.99855        0.0000000061   0.0000000027
    1   -2   -3   1.29102        -3   -2    7   1.99855        0.0000000032   0.0000000054
    1   -2    3   1.29102         1    2   -7   1.99855        0.0000000041  -0.0000000024
   -3   -2   -3   1.29102         1    2    7   1.99855        0.0000000068   0.0000000101


     q= 0.6667 0.0000 0.0000  nmtx=     478  nrk=  9

           independent matrix elements of chi       spin index= 1 1

          g          g**2          gp          gp**2          chi(g, gp)
   -1    0    0   0.02358        -1    0    0   0.02358       -0.0021895674   0.0000000000
   -1    0   -1   0.04127        -1    0   -1   0.04127       -0.0027755049   0.0000000000
   -1    0    1   0.04127        -1    0    1   0.04127       -0.0027754994   0.0000000000
    0    0    0   0.09432        -1    0    0   0.02358        0.0000000025  -0.0000000025
    0    0    0   0.09432        -1    0   -1   0.04127       -0.0000000024   0.0000000013
    0    0    0   0.09432        -1    0    1   0.04127       -0.0000000029   0.0000000012
    0    0    0   0.09432         0    0    0   0.09432       -0.0058079794   0.0000000000
    0    0    0   0.09432        -1    0   -2   0.09433        0.0000000029   0.0000000020
    0    0    0   0.09432        -1    0    2   0.09433        0.0000000036   0.0000000021
    0    0    0   0.09432         0    0   -1   0.11201        0.0054731605  -0.0000144309
    0    0    0   0.09432         0    0    1   0.11201        0.0054731750  -0.0000145292
    0    0    0   0.09432        -1   -1    0   0.16506        0.0000000042  -0.0000000034
    0    0    0   0.09432         0    1    0   0.16506        0.0000000057  -0.0000000114
    0    0    0   0.09432         0    0   -2   0.16507       -0.0045774928   0.0000514316
    0    0    0   0.09432         0    0    2   0.16507       -0.0045775179   0.0000516063
    0    0    0   0.09432        -1   -1   -1   0.18275       -0.0000000038   0.0000000030
    0    0    0   0.09432        -1   -1    1   0.18275       -0.0000000040   0.0000000030
    0    0    0   0.09432         0    1   -1   0.18275       -0.0000000059   0.0000000113
    0    0    0   0.09432         0    1    1   0.18275       -0.0000000055   0.0000000110
    0    0    0   0.09432        -1    0   -3   0.18277       -0.0000000043  -0.0000000064
    0    0    0   0.09432        -1    0    3   0.18277       -0.0000000050  -0.0000000065
    0    0    0   0.09432        -1   -1   -2   0.23581        0.0000000031  -0.0000000019
    0    0    0   0.09432        -1   -1    2   0.23581        0.0000000033  -0.0000000019
    0    0    0   0.09432         0    1   -2   0.23581        0.0000000061  -0.0000000109
    0    0    0   0.09432         0    1    2   0.23581        0.0000000054  -0.0000000104
    0    0    0   0.09432         0    0   -3   0.25351        0.0033952227  -0.0000950828
    0    0    0   0.09432         0    0    3   0.25351        0.0033952518  -0.0000952946
    0    0    0   0.09432        -1    1    0   0.30654        0.0000000003   0.0000000013
    0    0    0   0.09432        -2   -1    0   0.30654       -0.0000000025  -0.0000000044
    0    0    0   0.09432        -1    0   -4   0.30659        0.0000000064   0.0000000108
    0    0    0   0.09432        -1    0    4   0.30659        0.0000000068   0.0000000110
    0    0    0   0.09432        -1    1   -1   0.32422       -0.0000000013  -0.0000000013
    0    0    0   0.09432        -3    1   -2   1.93355       -0.0000000021  -0.0000000326
    0    0    0   0.09432        -3    1    2   1.93355       -0.0000000014  -0.0000000327
    0    0    0   0.09432        -4   -1   -2   1.93355       -0.0000000027   0.0000000015
    0    0    0   0.09432        -4   -1    2   1.93355       -0.0000000033   0.0000000014
    0    0    0   0.09432        -1   -1  -10   1.93387        0.0000000016  -0.0000000030
    0    0    0   0.09432        -1   -1   10   1.93387        0.0000000014  -0.0000000028
    0    0    0   0.09432         0    1  -10   1.93387        0.0000000013  -0.0000000075
    0    0    0   0.09432         0    1   10   1.93387        0.0000000015  -0.0000000071
    0    0    0   0.09432        -2    2   -3   1.95125       -0.0000000034   0.0000000133
    0    0    0   0.09432        -2    2    3   1.95125       -0.0000000033   0.0000000129
    0    0    0   0.09432        -4   -2   -3   1.95125        0.0000000007  -0.0000000021
    0    0    0   0.09432        -4   -2    3   1.95125        0.0000000009  -0.0000000021
    0    0    0   0.09432         2    0   -5   1.95131        0.0000000027   0.0000000009
    0    0    0   0.09432         2    0    5   1.95131        0.0000000026   0.0000000007
   -1    0   -2   0.09433        -1    0   -2   0.09433       -0.0042097530   0.0000000000
   -1    0    2   0.09433        -1    0    2   0.09433       -0.0042097443   0.0000000000
    0    0   -1   0.11201         0    0   -1   0.11201       -0.0059291616   0.0000000000
    0    0    1   0.11201         0    0    1   0.11201       -0.0059291899   0.0000000000
   -1   -1    0   0.16506        -1   -1    0   0.16506       -0.0072662228   0.0000000000
    0    1    0   0.16506         0    1    0   0.16506       -0.0071907702   0.0000000000
    0    0   -2   0.16507         0    0   -2   0.16507       -0.0062299871   0.0000000000
    0    0    2   0.16507         0    0    2   0.16507       -0.0062300315   0.0000000000
   -1   -1   -1   0.18275        -1   -1   -1   0.18275       -0.0071828580   0.0000000000
   -1   -1    1   0.18275        -1   -1    1   0.18275       -0.0071828904   0.0000000000
    0    1   -1   0.18275         0    1   -1   0.18275       -0.0071134366   0.0000000000
    0    1    1   0.18275         0    1    1   0.18275       -0.0071133566   0.0000000000
   -1    0   -3   0.18277        -1    0   -3   0.18277       -0.0057672567   0.0000000000
   -1    0    3   0.18277        -1    0    3   0.18277       -0.0057672481   0.0000000000
   -1   -1   -2   0.23581        -1   -1   -2   0.23581       -0.0069785737   0.0000000000
   -1   -1    2   0.23581        -1   -1    2   0.23581       -0.0069786247   0.0000000000
    0    1   -2   0.23581         0    1   -2   0.23581       -0.0069222906   0.0000000000
    0    1    2   0.23581         0    1    2   0.23581       -0.0069221650   0.0000000000
    0    0   -3   0.25351         0    0   -3   0.25351       -0.0065567419   0.0000000000
    0    0    3   0.25351         0    0    3   0.25351       -0.0065567852   0.0000000000
   -1    1    0   0.30654        -1    1    0   0.30654       -0.0075976235   0.0000000000
   -2   -1    0   0.30654        -2   -1    0   0.30654       -0.0078392447   0.0000000000
   -1    0   -4   0.30659        -1    0   -4   0.30659       -0.0068131535   0.0000000000
   -1    0    4   0.30659        -1    0    4   0.30659       -0.0068131477   0.0000000000
   -1    1   -1   0.32422        -1    1   -1   0.32422       -0.0074165593   0.0000000000
    1   -1    2   1.22616        -3    1   -2   1.93355        0.0000000060  -0.0000000073
    2    1   -2   1.22616        -3    1    2   1.93355        0.0000000017  -0.0000000016
    2    1    2   1.22616        -4   -1   -2   1.93355        0.0007959915   0.0004446307
    1    0   -6   1.22627        -4   -1    2   1.93355        0.0000000046  -0.0000000019
    1    0    6   1.22627        -1   -1  -10   1.93387        0.0000000182   0.0000000144
    0    0   -8   1.22636        -1   -1   10   1.93387        0.0000000038  -0.0000000038
    0    0    8   1.22636         0    1  -10   1.93387        0.0000000021  -0.0000000085
    0   -2   -1   1.24383         0    1   10   1.93387       -0.0000000019   0.0000000038
    0   -2    1   1.24383        -2    2   -3   1.95125        0.0007909441  -0.0004026938
    2    2   -1   1.24383        -2    2    3   1.95125       -0.0000000005   0.0000000010
    2    2    1   1.24383        -4   -2   -3   1.95125        0.0000000134   0.0000000164
   -2    0   -7   1.24399        -4   -2    3   1.95125       -0.0000000048   0.0000000028
   -2    0    7   1.24399         2    0   -5   1.95131        0.0000000016  -0.0000000093
    0   -2   -2   1.29690         2    0    5   1.95131        0.0000000027  -0.0000000031


     q= 0.6667 0.3333 0.0000  nmtx=     486  nrk=  9

           independent matrix elements of chi       spin index= 1 1

          g          g**2          gp          gp**2          chi(g, gp)
   -1    0    0   0.07074        -1    0    0   0.07074       -0.0049358449   0.0000000000
   -1   -1    0   0.07074        -1   -1    0   0.07074       -0.0049358449   0.0000000000
    0    0    0   0.07074        -1    0    0   0.07074        0.0000000071   0.0000000071
    0    0    0   0.07074        -1   -1    0   0.07074        0.0000000005   0.0000000005
    0    0    0   0.07074         0    0    0   0.07074       -0.0049358451   0.0000000000
    0    0    0   0.07074        -1    0   -1   0.08843       -0.0000000070  -0.0000000076
    0    0    0   0.07074        -1    0    1   0.08843       -0.0000000073  -0.0000000076
    0    0    0   0.07074        -1   -1   -1   0.08843       -0.0000000004  -0.0000000006
    0    0    0   0.07074        -1   -1    1   0.08843       -0.0000000005  -0.0000000005
    0    0    0   0.07074         0    0   -1   0.08843        0.0046503451  -0.0000164572
    0    0    0   0.07074         0    0    1   0.08843        0.0046503621  -0.0000165415
    0    0    0   0.07074        -1    0   -2   0.14149        0.0000000072   0.0000000090
    0    0    0   0.07074        -1    0    2   0.14149        0.0000000077   0.0000000090
    0    0    0   0.07074        -1   -1   -2   0.14149        0.0000000005   0.0000000007
    0    0    0   0.07074        -1   -1    2   0.14149        0.0000000006   0.0000000006
    0    0    0   0.07074         0    0   -2   0.14149       -0.0038871909   0.0000585066
    0    0    0   0.07074         0    0    2   0.14149       -0.0038872202   0.0000586563
    0    0    0   0.07074        -1    0   -3   0.22993       -0.0000000081  -0.0000000109
    0    0    0   0.07074        -1    0    3   0.22993       -0.0000000086  -0.0000000110
    0    0    0   0.07074        -1   -1   -3   0.22993       -0.0000000009  -0.0000000007
    0    0    0   0.07074        -1   -1    3   0.22993       -0.0000000011  -0.0000000006
    0    0    0   0.07074         0    0   -3   0.22993        0.0028812704  -0.0001077072
    0    0    0   0.07074         0    0    3   0.22993        0.0028813041  -0.0001078878
    0    0    0   0.07074        -2   -1    0   0.28296       -0.0000000036  -0.0000000126
    0    0    0   0.07074         0    1    0   0.28296        0.0000000058  -0.0000000097
    0    0    0   0.07074         0   -1    0   0.28296       -0.0000000024   0.0000000137
    0    0    0   0.07074        -2   -1   -1   0.30065        0.0000000017   0.0000000126
    0    0    0   0.07074        -2   -1    1   0.30065        0.0000000017   0.0000000125
    0    0    0   0.07074         0    1   -1   0.30065       -0.0000000062   0.0000000095
    0    0    0   0.07074         0    1    1   0.30065       -0.0000000059   0.0000000092
    0    0    0   0.07074         0   -1   -1   0.30065        0.0000000028  -0.0000000129
    0    0    0   0.07074         0   -1    1   0.30065        0.0000000025  -0.0000000131
    0    0    0   0.07074        -2    1   -7   1.99855        0.0000000028   0.0000000001
    0    0    0   0.07074        -2    1    7   1.99855        0.0000000026   0.0000000003
    0    0    0   0.07074         2    1   -7   1.99855       -0.0000000005   0.0000000153
    0    0    0   0.07074         2    1    7   1.99855       -0.0000000003   0.0000000157
    0    0    0   0.07074        -2   -3   -7   1.99855       -0.0006644385  -0.0009011934
    0    0    0   0.07074        -2   -3    7   1.99855       -0.0006643997  -0.0009011753
   -1    0   -1   0.08843        -1    0   -1   0.08843       -0.0051724187   0.0000000000
   -1    0    1   0.08843        -1    0    1   0.08843       -0.0051724516   0.0000000000
   -1   -1   -1   0.08843        -1   -1   -1   0.08843       -0.0051724187   0.0000000000
   -1   -1    1   0.08843        -1   -1    1   0.08843       -0.0051724516   0.0000000000
    0    0   -1   0.08843         0    0   -1   0.08843       -0.0051724188   0.0000000000
    0    0    1   0.08843         0    0    1   0.08843       -0.0051724519   0.0000000000
   -1    0   -2   0.14149        -1    0   -2   0.14149       -0.0057555693   0.0000000000
   -1    0    2   0.14149        -1    0    2   0.14149       -0.0057556213   0.0000000000
   -1   -1   -2   0.14149        -1   -1   -2   0.14149       -0.0057555693   0.0000000000
   -1   -1    2   0.14149        -1   -1    2   0.14149       -0.0057556213   0.0000000000
    0    0   -2   0.14149         0    0   -2   0.14149       -0.0057555695   0.0000000000
    0    0    2   0.14149         0    0    2   0.14149       -0.0057556216   0.0000000000
   -1    0   -3   0.22993        -1    0   -3   0.22993       -0.0063904789   0.0000000000
   -1    0    3   0.22993        -1    0    3   0.22993       -0.0063905298   0.0000000000
   -1   -1   -3   0.22993        -1   -1   -3   0.22993       -0.0063904789   0.0000000000
   -1   -1    3   0.22993        -1   -1    3   0.22993       -0.0063905298   0.0000000000
    0    0   -3   0.22993         0    0   -3   0.22993       -0.0063904789   0.0000000000
    0    0    3   0.22993         0    0    3   0.22993       -0.0063905301   0.0000000000
   -2   -1    0   0.28296        -2   -1    0   0.28296       -0.0076944958   0.0000000000
    0    1    0   0.28296         0    1    0   0.28296       -0.0076944962   0.0000000000
    0   -1    0   0.28296         0   -1    0   0.28296       -0.0076944965   0.0000000000
   -2   -1   -1   0.30065        -2   -1   -1   0.30065       -0.0075135429   0.0000000000
   -2   -1    1   0.30065        -2   -1    1   0.30065       -0.0075134648   0.0000000000
    0    1   -1   0.30065         0    1   -1   0.30065       -0.0075135431   0.0000000000
    0    1    1   0.30065         0    1    1   0.30065       -0.0075134655   0.0000000000
    0   -1   -1   0.30065         0   -1   -1   0.30065       -0.0075135435   0.0000000000
    0   -1    1   0.30065         0   -1    1   0.30065       -0.0075134656   0.0000000000
   -1   -1    8   1.20278        -2    1   -7   1.99855       -0.0009038425  -0.0000950559
    0    0   -8   1.20278        -2    1    7   1.99855        0.0000000027   0.0000000019
    0    0    8   1.20278         2    1   -7   1.99855       -0.0000000082   0.0000000123
   -2    1   -3   1.29102         2    1    7   1.99855        0.0000000027  -0.0000000053
   -2    1    3   1.29102        -2   -3   -7   1.99855        0.0000000041   0.0000000022
    2    1   -3   1.29102        -2   -3    7   1.99855        0.0000000064  -0.0000000100


     q= 0.6667 0.6667 0.0000  nmtx=     478  nrk=  9

           independent matrix elements of chi       spin index= 1 1

          g          g**2          gp          gp**2          chi(g, gp)
   -1   -1    0   0.02358        -1   -1    0   0.02358       -0.0021895674   0.0000000000
   -1   -1   -1   0.04127        -1   -1   -1   0.04127       -0.0027754994   0.0000000000
   -1   -1    1   0.04127        -1   -1    1   0.04127       -0.0027755049   0.0000000000
    0    0    0   0.09432        -1   -1    0   0.02358       -0.0000000014   0.0000000016
    0    0    0   0.09432        -1   -1   -1   0.04127        0.0000000013  -0.0000000015
    0    0    0   0.09432        -1   -1    1   0.04127        0.0000000013  -0.0000000014
    0    0    0   0.09432         0    0    0   0.09432       -0.0058079795   0.0000000000
    0    0    0   0.09432        -1   -1   -2   0.09433       -0.0000000009   0.0000000010
    0    0    0   0.09432        -1   -1    2   0.09433       -0.0000000008   0.0000000008
    0    0    0   0.09432         0    0   -1   0.11201        0.0054731750   0.0000145292
    0    0    0   0.09432         0    0    1   0.11201        0.0054731605   0.0000144309
    0    0    0   0.09432        -1    0    0   0.16506        0.0000000175   0.0000000233
    0    0    0   0.09432         0   -1    0   0.16506        0.0000000019   0.0000000137
    0    0    0   0.09432         0    0   -2   0.16507       -0.0045775179  -0.0000516064
    0    0    0   0.09432         0    0    2   0.16507       -0.0045774929  -0.0000514315
    0    0    0   0.09432        -1    0   -1   0.18275       -0.0000000173  -0.0000000228
    0    0    0   0.09432        -1    0    1   0.18275       -0.0000000176  -0.0000000228
    0    0    0   0.09432         0   -1   -1   0.18275       -0.0000000016  -0.0000000129
    0    0    0   0.09432         0   -1    1   0.18275       -0.0000000019  -0.0000000131
    0    0    0   0.09432        -1   -1   -3   0.18277       -0.0000000000  -0.0000000002
    0    0    0   0.09432        -1   -1    3   0.18277       -0.0000000001  -0.0000000001
    0    0    0   0.09432        -1    0   -2   0.23581        0.0000000172   0.0000000215
    0    0    0   0.09432        -1    0    2   0.23581        0.0000000176   0.0000000215
    0    0    0   0.09432         0   -1   -2   0.23581        0.0000000012   0.0000000112
    0    0    0   0.09432         0   -1    2   0.23581        0.0000000017   0.0000000115
    0    0    0   0.09432         0    0   -3   0.25351        0.0033952518   0.0000952945
    0    0    0   0.09432         0    0    3   0.25351        0.0033952228   0.0000950827
    0    0    0   0.09432        -2   -1    0   0.30654        0.0000000063  -0.0000000039
    0    0    0   0.09432        -1   -2    0   0.30654       -0.0000000018  -0.0000000023
    0    0    0   0.09432        -1   -1   -4   0.30659        0.0000000013  -0.0000000004
    0    0    0   0.09432        -1   -1    4   0.30659        0.0000000012  -0.0000000005
    0    0    0   0.09432        -2   -1   -1   0.32422       -0.0000000077   0.0000000039
    0    0    0   0.09432        -4   -3   -2   1.93355        0.0000000033   0.0000000066
    0    0    0   0.09432        -4   -3    2   1.93355        0.0000000034   0.0000000067
    0    0    0   0.09432        -3   -4   -2   1.93355        0.0000000002   0.0000000009
    0    0    0   0.09432        -3   -4    2   1.93355        0.0000000005   0.0000000010
    0    0    0   0.09432        -1    0  -10   1.93387        0.0000000092   0.0000000165
    0    0    0   0.09432        -1    0   10   1.93387        0.0000000085   0.0000000172
    0    0    0   0.09432         0   -1  -10   1.93387       -0.0000000002   0.0000000099
    0    0    0   0.09432         0   -1   10   1.93387       -0.0000000005   0.0000000099
    0    0    0   0.09432        -4   -2   -3   1.95125        0.0000000001  -0.0000000019
    0    0    0   0.09432        -4   -2    3   1.95125        0.0000000003  -0.0000000020
    0    0    0   0.09432        -2   -4   -3   1.95125       -0.0000000018   0.0000000064
    0    0    0   0.09432        -2   -4    3   1.95125       -0.0000000017   0.0000000063
    0    0    0   0.09432         2    2   -5   1.95131        0.0000000053   0.0000000036
    0    0    0   0.09432         2    2    5   1.95131        0.0000000055   0.0000000038
   -1   -1   -2   0.09433        -1   -1   -2   0.09433       -0.0042097443   0.0000000000
   -1   -1    2   0.09433        -1   -1    2   0.09433       -0.0042097530   0.0000000000
    0    0   -1   0.11201         0    0   -1   0.11201       -0.0059291898   0.0000000000
    0    0    1   0.11201         0    0    1   0.11201       -0.0059291616   0.0000000000
   -1    0    0   0.16506        -1    0    0   0.16506       -0.0071907699   0.0000000000
    0   -1    0   0.16506         0   -1    0   0.16506       -0.0072662233   0.0000000000
    0    0   -2   0.16507         0    0   -2   0.16507       -0.0062300314   0.0000000000
    0    0    2   0.16507         0    0    2   0.16507       -0.0062299871   0.0000000000
   -1    0   -1   0.18275        -1    0   -1   0.18275       -0.0071133562   0.0000000000
   -1    0    1   0.18275        -1    0    1   0.18275       -0.0071134364   0.0000000000
    0   -1   -1   0.18275         0   -1   -1   0.18275       -0.0071828910   0.0000000000
    0   -1    1   0.18275         0   -1    1   0.18275       -0.0071828583   0.0000000000
   -1   -1   -3   0.18277        -1   -1   -3   0.18277       -0.0057672481   0.0000000000
   -1   -1    3   0.18277        -1   -1    3   0.18277       -0.0057672567   0.0000000000
   -1    0   -2   0.23581        -1    0   -2   0.23581       -0.0069221646   0.0000000000
   -1    0    2   0.23581        -1    0    2   0.23581       -0.0069222904   0.0000000000
    0   -1   -2   0.23581         0   -1   -2   0.23581       -0.0069786253   0.0000000000
    0   -1    2   0.23581         0   -1    2   0.23581       -0.0069785739   0.0000000000
    0    0   -3   0.25351         0    0   -3   0.25351       -0.0065567851   0.0000000000
    0    0    3   0.25351         0    0    3   0.25351       -0.0065567421   0.0000000000
   -2   -1    0   0.30654        -2   -1    0   0.30654       -0.0075976231   0.0000000000
   -1   -2    0   0.30654        -1   -2    0   0.30654       -0.0078392451   0.0000000000
   -1   -1   -4   0.30659        -1   -1   -4   0.30659       -0.0068131477   0.0000000000
   -1   -1    4   0.30659        -1   -1    4   0.30659       -0.0068131534   0.0000000000
   -2   -1   -1   0.32422        -2   -1   -1   0.32422       -0.0074166501   0.0000000000
    2    1    2   1.22616        -4   -3   -2   1.93355        0.0000000132   0.0000000151
    1    2   -2   1.22616        -4   -3    2   1.93355       -0.0000000014   0.0000000050
    1    2    2   1.22616        -3   -4   -2   1.93355        0.0007959450  -0.0004445685
    1    1   -6   1.22627        -3   -4    2   1.93355        0.0000000073   0.0000000026
    1    1    6   1.22627        -1    0  -10   1.93387        0.0000000129   0.0000000119
    0    0   -8   1.22636        -1    0   10   1.93387        0.0000000061   0.0000000176
    0    0    8   1.22636         0   -1  -10   1.93387        0.0000000025   0.0000000093
    2    0   -1   1.24383         0   -1   10   1.93387       -0.0000000062  -0.0000000065
    2    0    1   1.24383        -4   -2   -3   1.95125        0.0007909861   0.0004027529
    0    2   -1   1.24383        -4   -2    3   1.95125        0.0000000017  -0.0000000041
    0    2    1   1.24383        -2   -4   -3   1.95125        0.0000000054  -0.0000000017
   -2   -2   -7   1.24399        -2   -4    3   1.95125       -0.0000000106  -0.0000000070
   -2   -2    7   1.24399         2    2   -5   1.95131        0.0000000031   0.0000000184
    2    0   -2   1.29690         2    2    5   1.95131        0.0000000060   0.0000000052
