TACC:  Starting up job 5407014 
TACC:  Starting parallel tasks... 

 BerkeleyGW version 3.0
 Epsilon code, Complex version, run on 20-Apr-2023 at 13:28:19 -0500

                                                                 ..o.          
                                                                .oxxo.         
                                                               .oxxxxo...      
                                                               oxxxxxxo.       
                                                              .oxxxxxxx.       
                                                              .ooooooxxo..     
                                                              .oooooooxo..     
                                                              .oooooxxo...     
                                                       .........oxooo......    
                                                 ............................  
                                             ................................. 
                                          .................................... 
           .          ..oo. ....  .................................oooxxxxxxxo.
     .............oxxxx@ox@@@x@x.....................o...........ooooooooooxx. 
    .o.........oox@x.oo........xxx@@............ooxxxxo..........ooooxxxxxoxo  
    .x........x@xxo...............o@xxo........oxxx@@@xoooooooooooooooxxxo...  
    .o......ox@@o..................oox@o.....ooxxx@xoooxxxxxxxoooooooooooo.... 
    o..ooooo@@xoooo....ooo...........x@o.....ooxxxxo   .oxxxxxxxxxxooooooo.... 
    . .oooo@@@@@@@@@@@@@@@@@@@@@@@@@@@@@@....ooooox.     .oxx@@@@@xxoo........ 
      .ooooxxxxxxxooooooxooooooooooooooxo...oooooxx.        ..ox@xxxoo.........
      .ooooooxxxx@xoooooooooooooxxoooooooooooxxxxx.            .oxxooooooooxxo.
     .oooooxxxxx@@@xxxxxxxxxxxxxxxxxxxxxxxxoxxxxo.                .oxxxxxxxxo. 
   ....oooxxxxx@@@xo..oxxx@@@@@@xxxxoxxoooooooxx.                  .oxxxoo..   
  .....ooxxxx@@xo.       ........    .ooooooooxxo                              
  ..oooxxxx@@@o                       .oooooooxoo.                             
  ....oxooxxxxx.                       .ooo..oooo.                             
  .....o.ooxxxxxo.                     .oooooooxo.                             
 ......ooooxxxxxxo.                     .ooooooxoo..                           
........ooxxxxxxxo..                     .o....oxoo...                         
.......ooooxxxxxxxo.                     ........oooo.                         
.ooooooo..ooxxxxoooo.                    .........ooo...                       
..oxo...ooooxxxoooo..                    .ooo......oooo...                     
  .ooooo....o.                            .oxxxoo....ooo....                   
    .oooooo...                              ...ooooo...ooo..                   
       ...                                     .oo.......                      
                                               ....ooo...                      
                      __              __                                       
 ______              [  |            [  |                 ._____  _          _ 
|_   _ \              | |  _          | |                /  ___ \| |        | |
  | |_) | .---.  _. _.| | / |  .---.  | | .---.  _    _ / /    \_|\ \  /\  / / 
  |  __'./ /__\\[ /`\_| '' <  / /__\\ | |/ /__\\| \  | | |   _____ \ \/  \/ /  
 _| |__| | \__. | |   | |`\ \ | \___. | || \___. \ \/ / \ \.___| |  \  /\  /   
|_______/ \.__./[_]  [__|  \_] \.__./[___]\.__./  \  /   \.____./    \/  \/    
                                                  / /                          
                                                 /_/                           
 --------------------------------------------------------------------------------
 Please cite the main BerkeleyGW paper when using results from this calculation:

 Jack Deslippe, Georgy Samsonidze, David A. Strubbe, Manish Jain, Marvin L.
 Cohen, and Steven G. Louie, "BerkeleyGW: A Massively Parallel Computer Package
 for the Calculation of the Quasiparticle and Optical Properties of Materials
 and Nanostructures," Comput. Phys. Commun. 183, 1269 (2012)

 Aditionally, PLEASE CITE ALL PAPERS REPORTED AT THE END OF THIS CALCULATION.
 --------------------------------------------------------------------------------

 Running MPI version (parallel)
 Running with 224 MPI task(s)
 Using OpenMP. Number of threads per MPI task: 1
 Number of threads used for sorting routines: 1

 Compilation flags:
 - Compiler: INTEL
 - Para. flags: MPI, OMP
 - Math  flags: USESCALAPACK, UNPACKED, USEFFTW3, HDF5, USEVORO
 - Debug flags: 

 Running with verbosity level 1 (default).

 We will start a new calculation from scratch.

 Experimental Features:
  - FFTs Optimization Level: 0
  - Use HDF5 Parallel IO: F

 
 We`ll perform a uniform sampling of the full BZ.
 
 Computing the static inverse dielectric matrix

 We are using matrix communication scheme

 We are communicating via MPI

 We are using a truncated Coulomb interaction: cell slab
 Reading header of WFN
 Highest occupied band (unshifted grid) = 91
 Valence max    (unshifted grid) = -1.604594 eV
 Conduction min (unshifted grid) = .449381 eV
 Middle energy  (unshifted grid) = -.577607 eV
 Fermi  energy  (unshifted grid) = -.577607 eV

 Reading header of WFNq
 Highest occupied band (shifted grid) = 91

 Calculation parameters:
 - Cutoff of the dielectric matrix (Ry): .50
 - Total number of bands in the calculation: 181
 - Number of fully occupied valence bands: 91
 - Number of partially occ. conduction bands: 0
 - Monkhorst-Pack q-grid for epsilon(q): 3 3 1
 
 Running with 12 valence pools
 Number of conduction bands per processor: 5
 Number of valence bands per processor: 8

 Memory available: 3218.0 MB per PE
 Memory required for execution: 57.3 MB per PE
 Memory required for vcoul: .0 MB per PE

 Number of electrons per unit cell (from ifmax) = 182.000000
 Number of electrons per unit cell (from occupations) = 182.000000
 Plasma Frequency = .949462 Ry

WARNING: Selected number of bands breaks degenerate subspace. Run degeneracy_check.x for allowable numbers.
 

 WARNING: The number of cpus does not divide evenly in the optimal number of pools.
 8cpus are doing no work

 
 Started reading wavefunctions (WFN) with 1629 state(s) at 13:28:20.
 [ 13:28:20 |   0% ] state    1 / 1629.
 [ 13:28:20 |   0% ] state    3 / 1629, remaining: 15 s.
 [ 13:28:20 |  10% ] state  163 / 1629, remaining: 1 s.
 [ 13:28:20 |  20% ] state  326 / 1629, remaining: 1 s.
 [ 13:28:20 |  30% ] state  489 / 1629, remaining: 1 s.
 [ 13:28:20 |  40% ] state  652 / 1629, remaining: 0 s.
 [ 13:28:20 |  50% ] state  815 / 1629, remaining: 0 s.
 [ 13:28:20 |  60% ] state  978 / 1629, remaining: 0 s.
 [ 13:28:20 |  70% ] state 1141 / 1629, remaining: 0 s.
 [ 13:28:20 |  80% ] state 1304 / 1629, remaining: 0 s.
 [ 13:28:20 |  90% ] state 1467 / 1629, remaining: 0 s.
 Finished reading wavefunctions (WFN) at 13:28:20.
 Elapsed time: 1 s.
 
 Initializing chi0mat.h5
 Initializing chimat.h5
 - Screened Coulomb cutoff: .500 Ry
 - Total number of bands: 181
 - Number of q-points: 9

 Scissors parameters:
 - Valence:    es =   0.0000 eV, e0 =   0.0000 eV, edel =   0.0000
 - Conduction: es =   0.0000 eV, e0 =   0.0000 eV, edel =   0.0000

 Q0 and |Q0| =  0.001000  0.000000  0.000000  0.000461
 Q  and |Q|  =  0.000000  0.333333  0.000000  0.153557
 Q  and |Q|  =  0.000000  0.666667  0.000000  0.307114
 Q  and |Q|  =  0.333333  0.000000  0.000000  0.153557
 Q  and |Q|  =  0.333333  0.333333  0.000000  0.153557
 Q  and |Q|  =  0.333333  0.666667  0.000000  0.265968
 Q  and |Q|  =  0.666667  0.000000  0.000000  0.307114
 Q  and |Q|  =  0.666667  0.333333  0.000000  0.265968
 Q  and |Q|  =  0.666667  0.666667  0.000000  0.307114

 GPU acceleration is : DISABLED
 
 Algorithms used:
 - mtxel         : CPU_ALGO
 - chi_summation : CPU_ALGO
 
 You have a slightly shifted q0 vector and a semiconductor.
 So, reading from WFNq.
 Reading header of WFNq
 Highest occupied band (shifted grid) = 91
 
 Started reading wavefunctions (WFNq) with 819 state(s) at 13:28:20.
 [ 13:28:20 |   0% ] state   1 / 819.
 [ 13:28:20 |   0% ] state   3 / 819, remaining: 1 s.
 [ 13:28:20 |  10% ] state  82 / 819, remaining: 1 s.
 [ 13:28:20 |  20% ] state 164 / 819, remaining: 1 s.
 [ 13:28:21 |  30% ] state 246 / 819, remaining: 1 s.
 [ 13:28:21 |  40% ] state 328 / 819, remaining: 1 s.
 [ 13:28:21 |  50% ] state 410 / 819, remaining: 0 s.
 [ 13:28:21 |  60% ] state 492 / 819, remaining: 0 s.
 [ 13:28:21 |  70% ] state 574 / 819, remaining: 0 s.
 [ 13:28:21 |  80% ] state 656 / 819, remaining: 0 s.
 [ 13:28:21 |  90% ] state 738 / 819, remaining: 0 s.
 Finished reading wavefunctions (WFNq) at 13:28:21.
 Elapsed time: 1 s.
 
 Summary of the WFN files:
 - Number of k-points in WFN: 9
 - Number of k-points in WFNq: 9
 - Number of k-points in the full BZ of WFN: 9

================================================================================
 13:28:21   Dealing with q =  0.001000  0.000000  0.000000                 1 / 9
================================================================================

 This is the special q->0 point.
 Rank of the polarizability matrix (nmtx): 65
 
 BLACS processor grid:  14 x  16; BLOCKSIZE =    4
 
 Number of k-points in the irreducible BZ(q) (nrk): 9
 
 Started calculation of matrix elements with 72 transition(s) at 13:28:21.
 [ 13:28:21 |   0% ] transition  1 / 72.
 [ 13:28:21 |   3% ] transition  3 / 72, remaining: 0 s.
 [ 13:28:21 |  10% ] transition  8 / 72, remaining: 0 s.
 [ 13:28:21 |  19% ] transition 15 / 72, remaining: 0 s.
 [ 13:28:21 |  29% ] transition 22 / 72, remaining: 0 s.
 [ 13:28:21 |  39% ] transition 29 / 72, remaining: 0 s.
 [ 13:28:21 |  50% ] transition 37 / 72, remaining: 0 s.
 [ 13:28:21 |  60% ] transition 44 / 72, remaining: 0 s.
 [ 13:28:21 |  69% ] transition 51 / 72, remaining: 0 s.
 [ 13:28:21 |  79% ] transition 58 / 72, remaining: 0 s.
 [ 13:28:21 |  89% ] transition 65 / 72, remaining: 0 s.
 Finished calculation of matrix elements at 13:28:21.
 Elapsed time: 1 s.
 
 Preparing simple convergence tests with 90 unoccupied bands.
 
 Started building polarizability matrix with 224 processor(s) at 13:28:21.
 [ 13:28:21 |   0% ] processor   1 / 224.
 [ 13:28:21 |   1% ] processor   3 / 224, remaining: 1 s.
 [ 13:28:21 |  10% ] processor  23 / 224, remaining: 0 s.
 [ 13:28:21 |  20% ] processor  45 / 224, remaining: 0 s.
 [ 13:28:21 |  30% ] processor  68 / 224, remaining: 0 s.
 [ 13:28:21 |  40% ] processor  90 / 224, remaining: 0 s.
 [ 13:28:21 |  50% ] processor 112 / 224, remaining: 0 s.
 [ 13:28:22 |  60% ] processor 135 / 224, remaining: 0 s.
 [ 13:28:22 |  70% ] processor 157 / 224, remaining: 0 s.
 [ 13:28:22 |  80% ] processor 180 / 224, remaining: 0 s.
 [ 13:28:22 |  90% ] processor 202 / 224, remaining: 0 s.
 [ 13:28:22 | 100% ] processor 224 / 224, remaining: 0 s.
 Finished building polarizability matrix at 13:28:22.
 Elapsed time: 0 s.
 

 Writing polarizability matrix to file
 Ok

================================================================================
 13:28:22   Dealing with q =  0.000000  0.333333  0.000000                 2 / 9
================================================================================

 This is a regular non-zero q-point.
 Rank of the polarizability matrix (nmtx): 63
 
 BLACS processor grid:  14 x  16; BLOCKSIZE =    3
 
 Number of k-points in the irreducible BZ(q) (nrk): 9
 
 Started calculation of matrix elements with 72 transition(s) at 13:28:22.
 [ 13:28:22 |   0% ] transition  1 / 72.
 [ 13:28:22 |   3% ] transition  3 / 72, remaining: 1 s.
 [ 13:28:22 |  10% ] transition  8 / 72, remaining: 0 s.
 [ 13:28:22 |  19% ] transition 15 / 72, remaining: 1 s.
 [ 13:28:22 |  29% ] transition 22 / 72, remaining: 0 s.
 [ 13:28:22 |  39% ] transition 29 / 72, remaining: 0 s.
 [ 13:28:22 |  50% ] transition 37 / 72, remaining: 0 s.
 [ 13:28:22 |  60% ] transition 44 / 72, remaining: 0 s.
 [ 13:28:22 |  69% ] transition 51 / 72, remaining: 0 s.
 [ 13:28:22 |  79% ] transition 58 / 72, remaining: 0 s.
 [ 13:28:22 |  89% ] transition 65 / 72, remaining: 0 s.
 Finished calculation of matrix elements at 13:28:22.
 Elapsed time: 1 s.
 
 Preparing simple convergence tests with 90 unoccupied bands.
 
 Started building polarizability matrix with 224 processor(s) at 13:28:22.
 [ 13:28:22 |   0% ] processor   1 / 224.
 [ 13:28:22 |   1% ] processor   3 / 224, remaining: 0 s.
 [ 13:28:22 |  10% ] processor  23 / 224, remaining: 0 s.
 [ 13:28:22 |  20% ] processor  45 / 224, remaining: 0 s.
 [ 13:28:22 |  30% ] processor  68 / 224, remaining: 0 s.
 [ 13:28:22 |  40% ] processor  90 / 224, remaining: 0 s.
 [ 13:28:22 |  50% ] processor 112 / 224, remaining: 0 s.
 [ 13:28:22 |  60% ] processor 135 / 224, remaining: 0 s.
 [ 13:28:22 |  70% ] processor 157 / 224, remaining: 0 s.
 [ 13:28:22 |  80% ] processor 180 / 224, remaining: 0 s.
 [ 13:28:22 |  90% ] processor 202 / 224, remaining: 0 s.
 [ 13:28:22 | 100% ] processor 224 / 224, remaining: 0 s.
 Finished building polarizability matrix at 13:28:22.
 Elapsed time: 0 s.
 

 Writing polarizability matrix to file
 Ok

================================================================================
 13:28:22   Dealing with q =  0.000000  0.666667  0.000000                 3 / 9
================================================================================

 This is a regular non-zero q-point.
 Rank of the polarizability matrix (nmtx): 63
 
 BLACS processor grid:  14 x  16; BLOCKSIZE =    3
 
 Number of k-points in the irreducible BZ(q) (nrk): 9
 
 Started calculation of matrix elements with 72 transition(s) at 13:28:23.
 [ 13:28:23 |   0% ] transition  1 / 72.
 [ 13:28:23 |   3% ] transition  3 / 72, remaining: 1 s.
 [ 13:28:23 |  10% ] transition  8 / 72, remaining: 0 s.
 [ 13:28:23 |  19% ] transition 15 / 72, remaining: 1 s.
 [ 13:28:23 |  29% ] transition 22 / 72, remaining: 0 s.
 [ 13:28:23 |  39% ] transition 29 / 72, remaining: 0 s.
 [ 13:28:23 |  50% ] transition 37 / 72, remaining: 0 s.
 [ 13:28:23 |  60% ] transition 44 / 72, remaining: 0 s.
 [ 13:28:23 |  69% ] transition 51 / 72, remaining: 0 s.
 [ 13:28:23 |  79% ] transition 58 / 72, remaining: 0 s.
 [ 13:28:23 |  89% ] transition 65 / 72, remaining: 0 s.
 Finished calculation of matrix elements at 13:28:23.
 Elapsed time: 1 s.
 
 Preparing simple convergence tests with 90 unoccupied bands.
 
 Started building polarizability matrix with 224 processor(s) at 13:28:23.
 [ 13:28:23 |   0% ] processor   1 / 224.
 [ 13:28:23 |   1% ] processor   3 / 224, remaining: 0 s.
 [ 13:28:23 |  10% ] processor  23 / 224, remaining: 0 s.
 [ 13:28:23 |  20% ] processor  45 / 224, remaining: 0 s.
 [ 13:28:23 |  30% ] processor  68 / 224, remaining: 0 s.
 [ 13:28:23 |  40% ] processor  90 / 224, remaining: 0 s.
 [ 13:28:23 |  50% ] processor 112 / 224, remaining: 0 s.
 [ 13:28:23 |  60% ] processor 135 / 224, remaining: 0 s.
 [ 13:28:23 |  70% ] processor 157 / 224, remaining: 0 s.
 [ 13:28:23 |  80% ] processor 180 / 224, remaining: 0 s.
 [ 13:28:23 |  90% ] processor 202 / 224, remaining: 0 s.
 [ 13:28:23 | 100% ] processor 224 / 224, remaining: 0 s.
 Finished building polarizability matrix at 13:28:23.
 Elapsed time: 0 s.
 

 Writing polarizability matrix to file
 Ok

================================================================================
 13:28:23   Dealing with q =  0.333333  0.000000  0.000000                 4 / 9
================================================================================

 This is a regular non-zero q-point.
 Rank of the polarizability matrix (nmtx): 63
 
 BLACS processor grid:  14 x  16; BLOCKSIZE =    3
 
 Number of k-points in the irreducible BZ(q) (nrk): 9
 
 Started calculation of matrix elements with 72 transition(s) at 13:28:23.
 [ 13:28:23 |   0% ] transition  1 / 72.
 [ 13:28:23 |   3% ] transition  3 / 72, remaining: 1 s.
 [ 13:28:23 |  10% ] transition  8 / 72, remaining: 0 s.
 [ 13:28:24 |  19% ] transition 15 / 72, remaining: 1 s.
 [ 13:28:24 |  29% ] transition 22 / 72, remaining: 0 s.
 [ 13:28:24 |  39% ] transition 29 / 72, remaining: 0 s.
 [ 13:28:24 |  50% ] transition 37 / 72, remaining: 0 s.
 [ 13:28:24 |  60% ] transition 44 / 72, remaining: 0 s.
 [ 13:28:24 |  69% ] transition 51 / 72, remaining: 0 s.
 [ 13:28:24 |  79% ] transition 58 / 72, remaining: 0 s.
 [ 13:28:24 |  89% ] transition 65 / 72, remaining: 0 s.
 Finished calculation of matrix elements at 13:28:24.
 Elapsed time: 1 s.
 
 Preparing simple convergence tests with 90 unoccupied bands.
 
 Started building polarizability matrix with 224 processor(s) at 13:28:24.
 [ 13:28:24 |   0% ] processor   1 / 224.
 [ 13:28:24 |   1% ] processor   3 / 224, remaining: 0 s.
 [ 13:28:24 |  10% ] processor  23 / 224, remaining: 0 s.
 [ 13:28:24 |  20% ] processor  45 / 224, remaining: 0 s.
 [ 13:28:24 |  30% ] processor  68 / 224, remaining: 0 s.
 [ 13:28:24 |  40% ] processor  90 / 224, remaining: 0 s.
 [ 13:28:24 |  50% ] processor 112 / 224, remaining: 0 s.
 [ 13:28:24 |  60% ] processor 135 / 224, remaining: 0 s.
 [ 13:28:24 |  70% ] processor 157 / 224, remaining: 0 s.
 [ 13:28:24 |  80% ] processor 180 / 224, remaining: 0 s.
 [ 13:28:24 |  90% ] processor 202 / 224, remaining: 0 s.
 [ 13:28:24 | 100% ] processor 224 / 224, remaining: 0 s.
 Finished building polarizability matrix at 13:28:24.
 Elapsed time: 0 s.
 

 Writing polarizability matrix to file
 Ok

================================================================================
 13:28:24   Dealing with q =  0.333333  0.333333  0.000000                 5 / 9
================================================================================

 This is a regular non-zero q-point.
 Rank of the polarizability matrix (nmtx): 63
 
 BLACS processor grid:  14 x  16; BLOCKSIZE =    3
 
 Number of k-points in the irreducible BZ(q) (nrk): 9
 
 Started calculation of matrix elements with 72 transition(s) at 13:28:24.
 [ 13:28:24 |   0% ] transition  1 / 72.
 [ 13:28:24 |   3% ] transition  3 / 72, remaining: 1 s.
 [ 13:28:24 |  10% ] transition  8 / 72, remaining: 1 s.
 [ 13:28:24 |  19% ] transition 15 / 72, remaining: 1 s.
 [ 13:28:24 |  29% ] transition 22 / 72, remaining: 0 s.
 [ 13:28:25 |  39% ] transition 29 / 72, remaining: 0 s.
 [ 13:28:25 |  50% ] transition 37 / 72, remaining: 0 s.
 [ 13:28:25 |  60% ] transition 44 / 72, remaining: 0 s.
 [ 13:28:25 |  69% ] transition 51 / 72, remaining: 0 s.
 [ 13:28:25 |  79% ] transition 58 / 72, remaining: 0 s.
 [ 13:28:25 |  89% ] transition 65 / 72, remaining: 0 s.
 Finished calculation of matrix elements at 13:28:25.
 Elapsed time: 1 s.
 
 Preparing simple convergence tests with 90 unoccupied bands.
 
 Started building polarizability matrix with 224 processor(s) at 13:28:25.
 [ 13:28:25 |   0% ] processor   1 / 224.
 [ 13:28:25 |   1% ] processor   3 / 224, remaining: 0 s.
 [ 13:28:25 |  10% ] processor  23 / 224, remaining: 0 s.
 [ 13:28:25 |  20% ] processor  45 / 224, remaining: 0 s.
 [ 13:28:25 |  30% ] processor  68 / 224, remaining: 0 s.
 [ 13:28:25 |  40% ] processor  90 / 224, remaining: 0 s.
 [ 13:28:25 |  50% ] processor 112 / 224, remaining: 0 s.
 [ 13:28:25 |  60% ] processor 135 / 224, remaining: 0 s.
 [ 13:28:25 |  70% ] processor 157 / 224, remaining: 0 s.
 [ 13:28:25 |  80% ] processor 180 / 224, remaining: 0 s.
 [ 13:28:25 |  90% ] processor 202 / 224, remaining: 0 s.
 [ 13:28:25 | 100% ] processor 224 / 224, remaining: 0 s.
 Finished building polarizability matrix at 13:28:25.
 Elapsed time: 0 s.
 

 Writing polarizability matrix to file
 Ok

================================================================================
 13:28:25   Dealing with q =  0.333333  0.666667  0.000000                 6 / 9
================================================================================

 This is a regular non-zero q-point.
 Rank of the polarizability matrix (nmtx): 54
 
 BLACS processor grid:  14 x  16; BLOCKSIZE =    3
 
 Number of k-points in the irreducible BZ(q) (nrk): 9
 
 Started calculation of matrix elements with 72 transition(s) at 13:28:25.
 [ 13:28:25 |   0% ] transition  1 / 72.
 [ 13:28:25 |   3% ] transition  3 / 72, remaining: 0 s.
 [ 13:28:25 |  10% ] transition  8 / 72, remaining: 0 s.
 [ 13:28:25 |  19% ] transition 15 / 72, remaining: 1 s.
 [ 13:28:25 |  29% ] transition 22 / 72, remaining: 0 s.
 [ 13:28:25 |  39% ] transition 29 / 72, remaining: 0 s.
 [ 13:28:25 |  50% ] transition 37 / 72, remaining: 0 s.
 [ 13:28:26 |  60% ] transition 44 / 72, remaining: 0 s.
 [ 13:28:26 |  69% ] transition 51 / 72, remaining: 0 s.
 [ 13:28:26 |  79% ] transition 58 / 72, remaining: 0 s.
 [ 13:28:26 |  89% ] transition 65 / 72, remaining: 0 s.
 Finished calculation of matrix elements at 13:28:26.
 Elapsed time: 1 s.
 
 Preparing simple convergence tests with 90 unoccupied bands.
 
 Started building polarizability matrix with 224 processor(s) at 13:28:26.
 [ 13:28:26 |   0% ] processor   1 / 224.
 [ 13:28:26 |   1% ] processor   3 / 224, remaining: 0 s.
 [ 13:28:26 |  10% ] processor  23 / 224, remaining: 0 s.
 [ 13:28:26 |  20% ] processor  45 / 224, remaining: 0 s.
 [ 13:28:26 |  30% ] processor  68 / 224, remaining: 0 s.
 [ 13:28:26 |  40% ] processor  90 / 224, remaining: 0 s.
 [ 13:28:26 |  50% ] processor 112 / 224, remaining: 0 s.
 [ 13:28:26 |  60% ] processor 135 / 224, remaining: 0 s.
 [ 13:28:26 |  70% ] processor 157 / 224, remaining: 0 s.
 [ 13:28:26 |  80% ] processor 180 / 224, remaining: 0 s.
 [ 13:28:26 |  90% ] processor 202 / 224, remaining: 0 s.
 [ 13:28:26 | 100% ] processor 224 / 224, remaining: 0 s.
 Finished building polarizability matrix at 13:28:26.
 Elapsed time: 0 s.
 

 Writing polarizability matrix to file
 Ok

================================================================================
 13:28:26   Dealing with q =  0.666667  0.000000  0.000000                 7 / 9
================================================================================

 This is a regular non-zero q-point.
 Rank of the polarizability matrix (nmtx): 63
 
 BLACS processor grid:  14 x  16; BLOCKSIZE =    3
 
 Number of k-points in the irreducible BZ(q) (nrk): 9
 
 Started calculation of matrix elements with 72 transition(s) at 13:28:26.
 [ 13:28:26 |   0% ] transition  1 / 72.
 [ 13:28:26 |   3% ] transition  3 / 72, remaining: 1 s.
 [ 13:28:26 |  10% ] transition  8 / 72, remaining: 0 s.
 [ 13:28:26 |  19% ] transition 15 / 72, remaining: 1 s.
 [ 13:28:26 |  29% ] transition 22 / 72, remaining: 0 s.
 [ 13:28:26 |  39% ] transition 29 / 72, remaining: 0 s.
 [ 13:28:26 |  50% ] transition 37 / 72, remaining: 0 s.
 [ 13:28:26 |  60% ] transition 44 / 72, remaining: 0 s.
 [ 13:28:26 |  69% ] transition 51 / 72, remaining: 0 s.
 [ 13:28:27 |  79% ] transition 58 / 72, remaining: 0 s.
 [ 13:28:27 |  89% ] transition 65 / 72, remaining: 0 s.
 Finished calculation of matrix elements at 13:28:27.
 Elapsed time: 1 s.
 
 Preparing simple convergence tests with 90 unoccupied bands.
 
 Started building polarizability matrix with 224 processor(s) at 13:28:27.
 [ 13:28:27 |   0% ] processor   1 / 224.
 [ 13:28:27 |   1% ] processor   3 / 224, remaining: 0 s.
 [ 13:28:27 |  10% ] processor  23 / 224, remaining: 0 s.
 [ 13:28:27 |  20% ] processor  45 / 224, remaining: 0 s.
 [ 13:28:27 |  30% ] processor  68 / 224, remaining: 0 s.
 [ 13:28:27 |  40% ] processor  90 / 224, remaining: 0 s.
 [ 13:28:27 |  50% ] processor 112 / 224, remaining: 0 s.
 [ 13:28:27 |  60% ] processor 135 / 224, remaining: 0 s.
 [ 13:28:27 |  70% ] processor 157 / 224, remaining: 0 s.
 [ 13:28:27 |  80% ] processor 180 / 224, remaining: 0 s.
 [ 13:28:27 |  90% ] processor 202 / 224, remaining: 0 s.
 [ 13:28:27 | 100% ] processor 224 / 224, remaining: 0 s.
 Finished building polarizability matrix at 13:28:27.
 Elapsed time: 0 s.
 

 Writing polarizability matrix to file
 Ok

================================================================================
 13:28:27   Dealing with q =  0.666667  0.333333  0.000000                 8 / 9
================================================================================

 This is a regular non-zero q-point.
 Rank of the polarizability matrix (nmtx): 54
 
 BLACS processor grid:  14 x  16; BLOCKSIZE =    3
 
 Number of k-points in the irreducible BZ(q) (nrk): 9
 
 Started calculation of matrix elements with 72 transition(s) at 13:28:27.
 [ 13:28:27 |   0% ] transition  1 / 72.
 [ 13:28:27 |   3% ] transition  3 / 72, remaining: 0 s.
 [ 13:28:27 |  10% ] transition  8 / 72, remaining: 0 s.
 [ 13:28:27 |  19% ] transition 15 / 72, remaining: 1 s.
 [ 13:28:27 |  29% ] transition 22 / 72, remaining: 0 s.
 [ 13:28:27 |  39% ] transition 29 / 72, remaining: 0 s.
 [ 13:28:27 |  50% ] transition 37 / 72, remaining: 0 s.
 [ 13:28:27 |  60% ] transition 44 / 72, remaining: 0 s.
 [ 13:28:27 |  69% ] transition 51 / 72, remaining: 0 s.
 [ 13:28:27 |  79% ] transition 58 / 72, remaining: 0 s.
 [ 13:28:27 |  89% ] transition 65 / 72, remaining: 0 s.
 Finished calculation of matrix elements at 13:28:28.
 Elapsed time: 1 s.
 
 Preparing simple convergence tests with 90 unoccupied bands.
 
 Started building polarizability matrix with 224 processor(s) at 13:28:28.
 [ 13:28:28 |   0% ] processor   1 / 224.
 [ 13:28:28 |   1% ] processor   3 / 224, remaining: 0 s.
 [ 13:28:28 |  10% ] processor  23 / 224, remaining: 0 s.
 [ 13:28:28 |  20% ] processor  45 / 224, remaining: 0 s.
 [ 13:28:28 |  30% ] processor  68 / 224, remaining: 0 s.
 [ 13:28:28 |  40% ] processor  90 / 224, remaining: 0 s.
 [ 13:28:28 |  50% ] processor 112 / 224, remaining: 0 s.
 [ 13:28:28 |  60% ] processor 135 / 224, remaining: 0 s.
 [ 13:28:28 |  70% ] processor 157 / 224, remaining: 0 s.
 [ 13:28:28 |  80% ] processor 180 / 224, remaining: 0 s.
 [ 13:28:28 |  90% ] processor 202 / 224, remaining: 0 s.
 [ 13:28:28 | 100% ] processor 224 / 224, remaining: 0 s.
 Finished building polarizability matrix at 13:28:28.
 Elapsed time: 0 s.
 

 Writing polarizability matrix to file
 Ok

================================================================================
 13:28:28   Dealing with q =  0.666667  0.666667  0.000000                 9 / 9
================================================================================

 This is a regular non-zero q-point.
 Rank of the polarizability matrix (nmtx): 63
 
 BLACS processor grid:  14 x  16; BLOCKSIZE =    3
 
 Number of k-points in the irreducible BZ(q) (nrk): 9
 
 Started calculation of matrix elements with 72 transition(s) at 13:28:28.
 [ 13:28:28 |   0% ] transition  1 / 72.
 [ 13:28:28 |   3% ] transition  3 / 72, remaining: 1 s.
 [ 13:28:28 |  10% ] transition  8 / 72, remaining: 1 s.
 [ 13:28:28 |  19% ] transition 15 / 72, remaining: 1 s.
 [ 13:28:28 |  29% ] transition 22 / 72, remaining: 0 s.
 [ 13:28:28 |  39% ] transition 29 / 72, remaining: 0 s.
 [ 13:28:28 |  50% ] transition 37 / 72, remaining: 0 s.
 [ 13:28:28 |  60% ] transition 44 / 72, remaining: 0 s.
 [ 13:28:28 |  69% ] transition 51 / 72, remaining: 0 s.
 [ 13:28:28 |  79% ] transition 58 / 72, remaining: 0 s.
 [ 13:28:28 |  89% ] transition 65 / 72, remaining: 0 s.
 Finished calculation of matrix elements at 13:28:28.
 Elapsed time: 1 s.
 
 Preparing simple convergence tests with 90 unoccupied bands.
 
 Started building polarizability matrix with 224 processor(s) at 13:28:28.
 [ 13:28:28 |   0% ] processor   1 / 224.
 [ 13:28:28 |   1% ] processor   3 / 224, remaining: 0 s.
 [ 13:28:28 |  10% ] processor  23 / 224, remaining: 0 s.
 [ 13:28:28 |  20% ] processor  45 / 224, remaining: 0 s.
 [ 13:28:28 |  30% ] processor  68 / 224, remaining: 0 s.
 [ 13:28:28 |  40% ] processor  90 / 224, remaining: 0 s.
 [ 13:28:28 |  50% ] processor 112 / 224, remaining: 0 s.
 [ 13:28:28 |  60% ] processor 135 / 224, remaining: 0 s.
 [ 13:28:28 |  70% ] processor 157 / 224, remaining: 0 s.
 [ 13:28:28 |  80% ] processor 180 / 224, remaining: 0 s.
 [ 13:28:28 |  90% ] processor 202 / 224, remaining: 0 s.
 [ 13:28:28 | 100% ] processor 224 / 224, remaining: 0 s.
 Finished building polarizability matrix at 13:28:28.
 Elapsed time: 0 s.
 

 Writing polarizability matrix to file
 Ok


********************************************************************************
*                                                                              *
* Your calculation employed methods and algorithms published in peer-reviewed  *
* papers. Please, cite the following references to give proper credit to their *
*          authors and help support future development of BerkeleyGW.          *
*                                                                              *
********************************************************************************

 J. Deslippe, G. Samsonidze, D. A. Strubbe, M. Jain, M. L. Cohen, and S. G.
 Louie, BerkeleyGW: A Massively Parallel Computer Package for the Calculation
 of the Quasiparticle and Optical Properties of Materials and Nanostructures,
 Computer Physics Communications 183, 1269 (2012).

 M. S. Hybertsen and S. G. Louie, Electron Correlation in Semiconductors and
 Insulators: Band Gaps and Quasiparticle Energies, Phys. Rev. B 34, 5390
 (1986).

 S. Ismail-Beigi, Truncation of Periodic Image Interactions for Confined
 Systems, Phys. Rev. B 73, 233103 (2006).

********************************************************************************

 
 Timing information
 
                                CPU time (s)          WALL time (s)       Number
 Routine                       min        max        min        max     of calls
 -------------------------  ---------  ---------  ---------  ---------  --------
 - Eps (I/O) Comm                0.19       0.37       0.32       0.59         9
 - Eps (I/O) IO                  0.18       0.47       0.28       0.53         9
 - Input I/O                     0.04       0.35       0.03       0.55      3296
 - Input Comm                    0.40       0.99       0.41       1.00      3296
 - FFT Zero                      0.00       0.25       0.00       0.29      3888
 - FFT Put                       0.00       1.24       0.00       1.27      3888
 - FFT Plan                      0.00       0.21       0.00       0.24      7128
 - FFT Exec                      0.00       2.49       0.00       2.54      7128
 - FFT Mltply                    0.00       0.40       0.00       0.42      3240
 - FFT Conjg                     0.00       0.03       0.00       0.04       648
 - FFT Get                       0.00       0.02       0.00       0.03      3240
 - I/O TOTAL                     1.62       2.32       2.35       2.61        16
 - INPUT                         0.69       1.13       1.13       1.14         1
 - INPUT_Q                       0.37       0.54       0.53       0.54         1
 - FULLBZ                        0.00       0.01       0.00       0.01         1
 - GVEC                          0.05       0.08       0.06       0.09         9
 - SUBGRP                        0.00       0.00       0.00       0.00         9
 - IRRBZ                         0.00       0.00       0.00       0.17         9
 - GENWF                         0.00       1.42       0.00       1.45       648
 - MTXEL                         0.00       4.77       0.00       4.78       648
 - RQSTAR                        0.00       0.00       0.00       0.00        81
 - GMAP                          0.02       0.04       0.01       0.04        81
 - CHI SUM (COMM)                0.05       0.16       0.05       0.21      2016
 - CHI SUM (TOTAL)               0.30       0.49       0.30       0.49         9
 - GENWF (VAL)                   0.00       0.82       0.00       0.84       648
 - GENWF (COND)                  0.00       0.60       0.00       0.61        81
 - EPSINV (VCOUL)                0.01       0.01       0.00       0.01         9
 - JOB SETUP                     0.01       0.02       0.01       0.02         1
 - Q LOOP SETUP                  0.06       0.08       0.06       0.09         9
 - INIT CUTOFF                   0.00       0.00       0.00       0.00         9
 - INIT SCALAPACK                0.04       0.16       0.04       0.16         9
 - INIT ARRAYS                   0.00       0.03       0.01       0.19         9
 - CONVERGE TESTS                0.03       6.15       0.03       6.16         9
 - MTXEL (DENOM)                 0.00       0.01       0.00       0.02      3240
 - MTXEL (FFT)                   0.00       4.76       0.00       4.77       648
 - GENWF (Ekin)                  0.00       0.07       0.00       0.08       162
 - GENWF (Sort)                  0.00       1.04       0.00       1.04       162
 - CHI SUM (zGEMM)               0.02       0.04       0.01       0.06      2016
 - CHI SUM (PREP)                0.03       0.07       0.01       0.11      2016
 - CHI SUM (ARRAY ALLOC)         0.02       0.05       0.01       0.04      2016
 - CHI SUM (BAR)                 0.00       0.17       0.00       0.17         9
 - FFT MLTPLY                    0.00       0.01       0.00       0.02      3240
 - TOTAL                         8.48       9.47       9.54       9.55         1
 
 Job Done
 
TACC:  Shutdown complete. Exiting. 
