
 BerkeleyGW version 3.0+git 62970aa-dirty by Woochang Kim <wkim94@login01.chn> at 2023-04-28 13:53:23 -0700
 Epsilon code, Complex version, run on 19-May-2023 at 14:27:23 -0700

 Running MPI version (parallel)
 Running with 128 MPI task(s)
 Computing the static inverse dielectric matrix

 We are using matrix communication scheme

 We are communicating via MPI

 We are using a truncated Coulomb interaction: cell slab
 Highest occupied band (unshifted grid) = 91
 Valence max    (unshifted grid) = -1.604594 eV
 Conduction min (unshifted grid) = .449381 eV
 Middle energy  (unshifted grid) = -.577607 eV
 Fermi  energy  (unshifted grid) = -.577607 eV

 Running with 16 valence pools
 Number of conduction bands per processor: 4
 Number of valence bands per processor: 6

 Memory available: 3796.1 MB per PE
 Memory required for execution: 35.0 MB per PE
 Memory required for vcoul: .0 MB per PE

 Cell Volume = 0.101481386E+05

 Number of electrons per unit cell (from ifmax) = 182.000000
 Number of electrons per unit cell (from occupations) = 182.000000
 Plasma Frequency = .949462 Ry

 - Screened Coulomb cutoff: 2.000 Ry
 - Total number of bands: 119
 - Number of q-points: 1

 Scissors parameters:
 - Valence:    es =   0.0000 eV, e0 =   0.0000 eV, edel =   0.0000
 - Conduction: es =   0.0000 eV, e0 =   0.0000 eV, edel =   0.0000


     q= 0.6667 0.0000 0.0000  nmtx=     478  nrk=  9

           independent matrix elements of chi       spin index= 1 1

          g          g**2          gp          gp**2          chi(g, gp)
   -1    0    0   0.02358        -1    0    0   0.02358       -0.0021895674   0.0000000000
   -1    0   -1   0.04127        -1    0   -1   0.04127       -0.0027755049   0.0000000000
   -1    0    1   0.04127        -1    0    1   0.04127       -0.0027754994   0.0000000000
    0    0    0   0.09432        -1    0    0   0.02358        0.0000000025  -0.0000000025
    0    0    0   0.09432        -1    0   -1   0.04127       -0.0000000024   0.0000000013
    0    0    0   0.09432        -1    0    1   0.04127       -0.0000000029   0.0000000012
    0    0    0   0.09432         0    0    0   0.09432       -0.0058079794   0.0000000000
    0    0    0   0.09432        -1    0   -2   0.09433        0.0000000029   0.0000000020
    0    0    0   0.09432        -1    0    2   0.09433        0.0000000036   0.0000000021
    0    0    0   0.09432         0    0   -1   0.11201        0.0054731605  -0.0000144309
    0    0    0   0.09432         0    0    1   0.11201        0.0054731750  -0.0000145292
    0    0    0   0.09432        -1   -1    0   0.16506        0.0000000042  -0.0000000034
    0    0    0   0.09432         0    1    0   0.16506        0.0000000057  -0.0000000114
    0    0    0   0.09432         0    0   -2   0.16507       -0.0045774928   0.0000514316
    0    0    0   0.09432         0    0    2   0.16507       -0.0045775179   0.0000516063
    0    0    0   0.09432        -1   -1   -1   0.18275       -0.0000000038   0.0000000030
    0    0    0   0.09432        -1   -1    1   0.18275       -0.0000000040   0.0000000030
    0    0    0   0.09432         0    1   -1   0.18275       -0.0000000059   0.0000000113
    0    0    0   0.09432         0    1    1   0.18275       -0.0000000055   0.0000000110
    0    0    0   0.09432        -1    0   -3   0.18277       -0.0000000043  -0.0000000064
    0    0    0   0.09432        -1    0    3   0.18277       -0.0000000050  -0.0000000065
    0    0    0   0.09432        -1   -1   -2   0.23581        0.0000000031  -0.0000000019
    0    0    0   0.09432        -1   -1    2   0.23581        0.0000000033  -0.0000000019
    0    0    0   0.09432         0    1   -2   0.23581        0.0000000061  -0.0000000109
    0    0    0   0.09432         0    1    2   0.23581        0.0000000054  -0.0000000104
    0    0    0   0.09432         0    0   -3   0.25351        0.0033952227  -0.0000950828
    0    0    0   0.09432         0    0    3   0.25351        0.0033952518  -0.0000952946
    0    0    0   0.09432        -1    1    0   0.30654        0.0000000003   0.0000000013
    0    0    0   0.09432        -2   -1    0   0.30654       -0.0000000025  -0.0000000044
    0    0    0   0.09432        -1    0   -4   0.30659        0.0000000064   0.0000000108
    0    0    0   0.09432        -1    0    4   0.30659        0.0000000068   0.0000000110
    0    0    0   0.09432        -1    1   -1   0.32422       -0.0000000013  -0.0000000013
    0    0    0   0.09432        -3    1   -2   1.93355       -0.0000000021  -0.0000000326
    0    0    0   0.09432        -3    1    2   1.93355       -0.0000000014  -0.0000000327
    0    0    0   0.09432        -4   -1   -2   1.93355       -0.0000000027   0.0000000015
    0    0    0   0.09432        -4   -1    2   1.93355       -0.0000000033   0.0000000014
    0    0    0   0.09432        -1   -1  -10   1.93387        0.0000000016  -0.0000000030
    0    0    0   0.09432        -1   -1   10   1.93387        0.0000000014  -0.0000000028
    0    0    0   0.09432         0    1  -10   1.93387        0.0000000013  -0.0000000075
    0    0    0   0.09432         0    1   10   1.93387        0.0000000015  -0.0000000071
    0    0    0   0.09432        -2    2   -3   1.95125       -0.0000000034   0.0000000133
    0    0    0   0.09432        -2    2    3   1.95125       -0.0000000033   0.0000000129
    0    0    0   0.09432        -4   -2   -3   1.95125        0.0000000007  -0.0000000021
    0    0    0   0.09432        -4   -2    3   1.95125        0.0000000009  -0.0000000021
    0    0    0   0.09432         2    0   -5   1.95131        0.0000000027   0.0000000009
    0    0    0   0.09432         2    0    5   1.95131        0.0000000026   0.0000000007
   -1    0   -2   0.09433        -1    0   -2   0.09433       -0.0042097530   0.0000000000
   -1    0    2   0.09433        -1    0    2   0.09433       -0.0042097443   0.0000000000
    0    0   -1   0.11201         0    0   -1   0.11201       -0.0059291616   0.0000000000
    0    0    1   0.11201         0    0    1   0.11201       -0.0059291899   0.0000000000
   -1   -1    0   0.16506        -1   -1    0   0.16506       -0.0072662228   0.0000000000
    0    1    0   0.16506         0    1    0   0.16506       -0.0071907702   0.0000000000
    0    0   -2   0.16507         0    0   -2   0.16507       -0.0062299871   0.0000000000
    0    0    2   0.16507         0    0    2   0.16507       -0.0062300315   0.0000000000
   -1   -1   -1   0.18275        -1   -1   -1   0.18275       -0.0071828580   0.0000000000
   -1   -1    1   0.18275        -1   -1    1   0.18275       -0.0071828904   0.0000000000
    0    1   -1   0.18275         0    1   -1   0.18275       -0.0071134366   0.0000000000
    0    1    1   0.18275         0    1    1   0.18275       -0.0071133566   0.0000000000
   -1    0   -3   0.18277        -1    0   -3   0.18277       -0.0057672567   0.0000000000
   -1    0    3   0.18277        -1    0    3   0.18277       -0.0057672481   0.0000000000
   -1   -1   -2   0.23581        -1   -1   -2   0.23581       -0.0069785737   0.0000000000
   -1   -1    2   0.23581        -1   -1    2   0.23581       -0.0069786247   0.0000000000
    0    1   -2   0.23581         0    1   -2   0.23581       -0.0069222906   0.0000000000
    0    1    2   0.23581         0    1    2   0.23581       -0.0069221650   0.0000000000
    0    0   -3   0.25351         0    0   -3   0.25351       -0.0065567419   0.0000000000
    0    0    3   0.25351         0    0    3   0.25351       -0.0065567852   0.0000000000
   -1    1    0   0.30654        -1    1    0   0.30654       -0.0075976235   0.0000000000
   -2   -1    0   0.30654        -2   -1    0   0.30654       -0.0078392447   0.0000000000
   -1    0   -4   0.30659        -1    0   -4   0.30659       -0.0068131535   0.0000000000
   -1    0    4   0.30659        -1    0    4   0.30659       -0.0068131477   0.0000000000
   -1    1   -1   0.32422        -1    1   -1   0.32422       -0.0074165593   0.0000000000
    1   -1    2   1.22616        -3    1   -2   1.93355        0.0000000060  -0.0000000073
    2    1   -2   1.22616        -3    1    2   1.93355        0.0000000017  -0.0000000016
    2    1    2   1.22616        -4   -1   -2   1.93355        0.0007959915   0.0004446307
    1    0   -6   1.22627        -4   -1    2   1.93355        0.0000000046  -0.0000000019
    1    0    6   1.22627        -1   -1  -10   1.93387        0.0000000182   0.0000000144
    0    0   -8   1.22636        -1   -1   10   1.93387        0.0000000038  -0.0000000038
    0    0    8   1.22636         0    1  -10   1.93387        0.0000000021  -0.0000000085
    0   -2   -1   1.24383         0    1   10   1.93387       -0.0000000019   0.0000000038
    0   -2    1   1.24383        -2    2   -3   1.95125        0.0007909441  -0.0004026938
    2    2   -1   1.24383        -2    2    3   1.95125       -0.0000000005   0.0000000010
    2    2    1   1.24383        -4   -2   -3   1.95125        0.0000000134   0.0000000164
   -2    0   -7   1.24399        -4   -2    3   1.95125       -0.0000000048   0.0000000028
   -2    0    7   1.24399         2    0   -5   1.95131        0.0000000016  -0.0000000093
    0   -2   -2   1.29690         2    0    5   1.95131        0.0000000027  -0.0000000031
