
 BerkeleyGW version 3.0+git 62970aa-dirty by Woochang Kim <wkim94@login01.chn> at 2023-04-28 13:53:23 -0700
 Epsilon code, Complex version, run on 28-May-2023 at 14:49:57 -0700

 Running MPI version (parallel)
 Running with 128 MPI task(s)
 Computing the static inverse dielectric matrix

 We are using matrix communication scheme

 We are communicating via MPI

 We are using a truncated Coulomb interaction: cell slab
 Highest occupied band (unshifted grid) = 91
 Valence max    (unshifted grid) = -1.604594 eV
 Conduction min (unshifted grid) = .449381 eV
 Middle energy  (unshifted grid) = -.577607 eV
 Fermi  energy  (unshifted grid) = -.577607 eV

 Highest occupied band (shifted grid) = 91
 Running with 16 valence pools
 Number of conduction bands per processor: 4
 Number of valence bands per processor: 6

 Memory available: 3804.1 MB per PE
 Memory required for execution: 47.0 MB per PE
 Memory required for vcoul: .0 MB per PE

 Cell Volume = 0.101481386E+05

 Number of electrons per unit cell (from ifmax) = 182.000000
 Number of electrons per unit cell (from occupations) = 182.000000
 Plasma Frequency = .949462 Ry

 - Screened Coulomb cutoff: 1.500 Ry
 - Total number of bands: 119
 - Number of q-points: 9

 Scissors parameters:
 - Valence:    es =   0.0000 eV, e0 =   0.0000 eV, edel =   0.0000
 - Conduction: es =   0.0000 eV, e0 =   0.0000 eV, edel =   0.0000
 Highest occupied band (shifted grid) = 91


     q= 0.0010 0.0000 0.0000  nmtx=     289  nrk=  9

           independent matrix elements of chi       spin index= 1 1

          g          g**2          gp          gp**2          chi(g, gp)
    0    0    0   0.00000         0    0    0   0.00000       -0.0000000234   0.0000000000
    0    0    0   0.00000         0    0   -1   0.01769        0.0000000221   0.0000002628
    0    0    0   0.00000         0    0    1   0.01769        0.0000000221  -0.0000002628
    0    0    0   0.00000         0    0   -2   0.07075       -0.0000000187  -0.0000004594
    0    0    0   0.00000         0    0    2   0.07075       -0.0000000187   0.0000004594
    0    0    0   0.00000         0    0   -3   0.15919        0.0000000141   0.0000005460
    0    0    0   0.00000         0    0    3   0.15919        0.0000000141  -0.0000005460
    0    0    0   0.00000        -1    0    0   0.21222        0.0000000093  -0.0000000223
    0    0    0   0.00000         1    0    0   0.21222        0.0000000093   0.0000000221
    0    0    0   0.00000         0   -1    0   0.21222       -0.0000000057  -0.0000000091
    0    0    0   0.00000         0    1    0   0.21222       -0.0000000057   0.0000000091
    0    0    0   0.00000        -1   -1    0   0.21222       -0.0000000003   0.0000000259
    0    0    0   0.00000         1    1    0   0.21222       -0.0000000003  -0.0000000259
    0    0    0   0.00000        -1    0   -1   0.22991       -0.0000000087   0.0000000217
    0    0    0   0.00000        -1    0    1   0.22991       -0.0000000091   0.0000000214
    0    0    0   0.00000         1    0   -1   0.22991       -0.0000000091  -0.0000000213
    0    0    0   0.00000         1    0    1   0.22991       -0.0000000087  -0.0000000216
    0    0    0   0.00000         0   -1   -1   0.22991        0.0000000053   0.0000000090
    0    0    0   0.00000         2    2    6   1.48564        0.0000000051   0.0000000007
    0    0   -1   0.01769         0    0   -1   0.01769       -0.0008513951   0.0000000000
    0    0    1   0.01769         0    0    1   0.01769       -0.0008513951   0.0000000000
    0    0   -2   0.07075         0    0   -2   0.07075       -0.0029307826   0.0000000000
    0    0    2   0.07075         0    0    2   0.07075       -0.0029307825   0.0000000000
    0    0   -3   0.15919         0    0   -3   0.15919       -0.0051862211   0.0000000000
    0    0    3   0.15919         0    0    3   0.15919       -0.0051862210   0.0000000000
   -1    0    0   0.21222        -1    0    0   0.21222       -0.0076454191   0.0000000000
    1    0    0   0.21222         1    0    0   0.21222       -0.0076498757   0.0000000000
    0   -1    0   0.21222         0   -1    0   0.21222       -0.0076484285   0.0000000000
    0    1    0   0.21222         0    1    0   0.21222       -0.0076468795   0.0000000000
   -1   -1    0   0.21222        -1   -1    0   0.21222       -0.0076462012   0.0000000000
    1    1    0   0.21222         1    1    0   0.21222       -0.0076491084   0.0000000000
   -1    0   -1   0.22991        -1    0   -1   0.22991       -0.0074990638   0.0000000000
   -1    0    1   0.22991        -1    0    1   0.22991       -0.0074991391   0.0000000000
    1    0   -1   0.22991         1    0   -1   0.22991       -0.0075027693   0.0000000000
    1    0    1   0.22991         1    0    1   0.22991       -0.0075026939   0.0000000000
    0   -1   -1   0.22991         0   -1   -1   0.22991       -0.0075014773   0.0000000000
    0   -2    1   0.86656         2    2    6   1.48564       -0.0000000081  -0.0000000078


     q= 0.0000 0.3333 0.0000  nmtx=     307  nrk=  9

           independent matrix elements of chi       spin index= 1 1

          g          g**2          gp          gp**2          chi(g, gp)
    0    0    0   0.02358         0    0    0   0.02358       -0.0021895674   0.0000000000
    0    0    0   0.02358         0    0   -1   0.04127        0.0020627858  -0.0000025867
    0    0    0   0.02358         0    0    1   0.04127        0.0020627886  -0.0000026249
    0    0    0   0.02358         0   -1    0   0.09432        0.0000000003  -0.0000000011
    0    0    0   0.02358         0    0   -2   0.09433       -0.0017243502   0.0000091935
    0    0    0   0.02358         0    0    2   0.09433       -0.0017243549   0.0000092607
    0    0    0   0.02358         0   -1   -1   0.11201       -0.0000000004   0.0000000008
    0    0    0   0.02358         0   -1    1   0.11201       -0.0000000004   0.0000000007
    0    0    0   0.02358        -1   -1    0   0.16506        0.0000000010   0.0000000005
    0    0    0   0.02358         1    0    0   0.16506       -0.0000000003  -0.0000000087
    0    0    0   0.02358         0   -1   -2   0.16507        0.0000000007   0.0000000002
    0    0    0   0.02358         0   -1    2   0.16507        0.0000000009   0.0000000004
    0    0    0   0.02358        -1   -1   -1   0.18275       -0.0000000011  -0.0000000004
    0    0    0   0.02358        -1   -1    1   0.18275       -0.0000000011  -0.0000000004
    0    0    0   0.02358         1    0   -1   0.18275        0.0000000003   0.0000000086
    0    0    0   0.02358         1    0    1   0.18275        0.0000000004   0.0000000085
    0    0    0   0.02358         0    0   -3   0.18277        0.0012793520  -0.0000167912
    0    0    0   0.02358         0    0    3   0.18277        0.0012793574  -0.0000168714
    0    0    0   0.02358        -1   -1   -2   0.23581        0.0000000017   0.0000000003
    0    0    0   0.02358         0   -2    7   1.45621        0.0000000070  -0.0000000057
    0    0    0   0.02358         0    0   -9   1.45632        0.0003505675  -0.0000011461
    0    0    0   0.02358         0    0    9   1.45632        0.0003505660  -0.0000011012
    0    0   -1   0.04127         0    0   -1   0.04127       -0.0027754995   0.0000000000
    0    0    1   0.04127         0    0    1   0.04127       -0.0027755048   0.0000000000
    0   -1    0   0.09432         0   -1    0   0.09432       -0.0058079793   0.0000000000
    0    0   -2   0.09433         0    0   -2   0.09433       -0.0042097444   0.0000000000
    0    0    2   0.09433         0    0    2   0.09433       -0.0042097529   0.0000000000
    0   -1   -1   0.11201         0   -1   -1   0.11201       -0.0059291897   0.0000000000
    0   -1    1   0.11201         0   -1    1   0.11201       -0.0059291614   0.0000000000
   -1   -1    0   0.16506        -1   -1    0   0.16506       -0.0072662227   0.0000000000
    1    0    0   0.16506         1    0    0   0.16506       -0.0071907703   0.0000000000
    0   -1   -2   0.16507         0   -1   -2   0.16507       -0.0062300314   0.0000000000
    0   -1    2   0.16507         0   -1    2   0.16507       -0.0062299869   0.0000000000
   -1   -1   -1   0.18275        -1   -1   -1   0.18275       -0.0071828906   0.0000000000
   -1   -1    1   0.18275        -1   -1    1   0.18275       -0.0071828577   0.0000000000
    1    0   -1   0.18275         1    0   -1   0.18275       -0.0071133566   0.0000000000
    1    0    1   0.18275         1    0    1   0.18275       -0.0071134368   0.0000000000
    0    0   -3   0.18277         0    0   -3   0.18277       -0.0057672483   0.0000000000
    0    0    3   0.18277         0    0    3   0.18277       -0.0057672566   0.0000000000
   -1   -1   -2   0.23581        -1   -1   -2   0.23581       -0.0069786249   0.0000000000
   -1    1   -2   0.94320         0   -2    7   1.45621        0.0000000103   0.0000000040
   -1    1    2   0.94320         0    0   -9   1.45632       -0.0000000025  -0.0000000021
    1    2   -2   0.94320         0    0    9   1.45632        0.0000000005   0.0000000018


     q= 0.0000 0.6667 0.0000  nmtx=     307  nrk=  9

           independent matrix elements of chi       spin index= 1 1

          g          g**2          gp          gp**2          chi(g, gp)
    0   -1    0   0.02358         0   -1    0   0.02358       -0.0021895674   0.0000000000
    0   -1   -1   0.04127         0   -1   -1   0.04127       -0.0027755049   0.0000000000
    0   -1    1   0.04127         0   -1    1   0.04127       -0.0027754995   0.0000000000
    0    0    0   0.09432         0   -1    0   0.02358        0.0000000003  -0.0000000011
    0    0    0   0.09432         0   -1   -1   0.04127       -0.0000000001   0.0000000007
    0    0    0   0.09432         0   -1    1   0.04127       -0.0000000005   0.0000000004
    0    0    0   0.09432         0    0    0   0.09432       -0.0058079792   0.0000000000
    0    0    0   0.09432         0   -1   -2   0.09433        0.0000000000   0.0000000007
    0    0    0   0.09432         0   -1    2   0.09433        0.0000000007   0.0000000012
    0    0    0   0.09432         0    0   -1   0.11201        0.0054731603  -0.0000144309
    0    0    0   0.09432         0    0    1   0.11201        0.0054731748  -0.0000145291
    0    0    0   0.09432        -1   -1    0   0.16506        0.0000000048  -0.0000000020
    0    0    0   0.09432         1    0    0   0.16506        0.0000000097  -0.0000000304
    0    0    0   0.09432         0    0   -2   0.16507       -0.0045774926   0.0000514314
    0    0    0   0.09432         0    0    2   0.16507       -0.0045775177   0.0000516062
    0    0    0   0.09432        -1   -1   -1   0.18275       -0.0000000046   0.0000000019
    0    0    0   0.09432        -1   -1    1   0.18275       -0.0000000047   0.0000000019
    0    0    0   0.09432         1    0   -1   0.18275       -0.0000000096   0.0000000293
    0    0    0   0.09432         1    0    1   0.18275       -0.0000000094   0.0000000291
    0    0    0   0.09432         0   -1   -3   0.18277       -0.0000000005  -0.0000000027
    0    0    0   0.09432         0   -1    3   0.18277       -0.0000000013  -0.0000000034
    0    0    0   0.09432        -1   -1   -2   0.23581        0.0000000043  -0.0000000017
    0    0    0   0.09432         0    1    7   1.45621        0.0000000056   0.0000000050
    0    0    0   0.09432         0   -1   -9   1.45632       -0.0000000017  -0.0000000055
    0    0    0   0.09432         0   -1    9   1.45632       -0.0000000015  -0.0000000059
    0   -1   -2   0.09433         0   -1   -2   0.09433       -0.0042097529   0.0000000000
    0   -1    2   0.09433         0   -1    2   0.09433       -0.0042097444   0.0000000000
    0    0   -1   0.11201         0    0   -1   0.11201       -0.0059291614   0.0000000000
    0    0    1   0.11201         0    0    1   0.11201       -0.0059291896   0.0000000000
   -1   -1    0   0.16506        -1   -1    0   0.16506       -0.0071907698   0.0000000000
    1    0    0   0.16506         1    0    0   0.16506       -0.0072662231   0.0000000000
    0    0   -2   0.16507         0    0   -2   0.16507       -0.0062299868   0.0000000000
    0    0    2   0.16507         0    0    2   0.16507       -0.0062300312   0.0000000000
   -1   -1   -1   0.18275        -1   -1   -1   0.18275       -0.0071134364   0.0000000000
   -1   -1    1   0.18275        -1   -1    1   0.18275       -0.0071133561   0.0000000000
    1    0   -1   0.18275         1    0   -1   0.18275       -0.0071828582   0.0000000000
    1    0    1   0.18275         1    0    1   0.18275       -0.0071828910   0.0000000000
    0   -1   -3   0.18277         0   -1   -3   0.18277       -0.0057672566   0.0000000000
    0   -1    3   0.18277         0   -1    3   0.18277       -0.0057672483   0.0000000000
   -1   -1   -2   0.23581        -1   -1   -2   0.23581       -0.0069222905   0.0000000000
    1   -2   -2   0.94320         0    1    7   1.45621        0.0000000107  -0.0000000040
    1   -2    2   0.94320         0   -1   -9   1.45632       -0.0000000023   0.0000000025
   -1   -3   -2   0.94320         0   -1    9   1.45632        0.0000000005  -0.0000000020


     q= 0.3333 0.0000 0.0000  nmtx=     307  nrk=  9

           independent matrix elements of chi       spin index= 1 1

          g          g**2          gp          gp**2          chi(g, gp)
    0    0    0   0.02358         0    0    0   0.02358       -0.0021895675   0.0000000000
    0    0    0   0.02358         0    0   -1   0.04127        0.0020627859  -0.0000025868
    0    0    0   0.02358         0    0    1   0.04127        0.0020627887  -0.0000026249
    0    0    0   0.02358        -1    0    0   0.09432        0.0000000025  -0.0000000025
    0    0    0   0.02358         0    0   -2   0.09433       -0.0017243502   0.0000091936
    0    0    0   0.02358         0    0    2   0.09433       -0.0017243550   0.0000092608
    0    0    0   0.02358        -1    0   -1   0.11201       -0.0000000027   0.0000000017
    0    0    0   0.02358        -1    0    1   0.11201       -0.0000000028   0.0000000017
    0    0    0   0.02358        -1   -1    0   0.16506        0.0000000002  -0.0000000006
    0    0    0   0.02358         0    1    0   0.16506        0.0000000033  -0.0000000023
    0    0    0   0.02358        -1    0   -2   0.16507        0.0000000035   0.0000000004
    0    0    0   0.02358        -1    0    2   0.16507        0.0000000037   0.0000000005
    0    0    0   0.02358        -1   -1   -1   0.18275       -0.0000000001   0.0000000005
    0    0    0   0.02358        -1   -1    1   0.18275       -0.0000000001   0.0000000005
    0    0    0   0.02358         0    1   -1   0.18275       -0.0000000036   0.0000000025
    0    0    0   0.02358         0    1    1   0.18275       -0.0000000035   0.0000000024
    0    0    0   0.02358         0    0   -3   0.18277        0.0012793521  -0.0000167913
    0    0    0   0.02358         0    0    3   0.18277        0.0012793575  -0.0000168716
    0    0    0   0.02358        -1   -1   -2   0.23581       -0.0000000001  -0.0000000001
    0    0    0   0.02358        -2    0    7   1.45621        0.0000000014  -0.0000000021
    0    0    0   0.02358         0    0   -9   1.45632        0.0003505675  -0.0000011462
    0    0    0   0.02358         0    0    9   1.45632        0.0003505660  -0.0000011013
    0    0   -1   0.04127         0    0   -1   0.04127       -0.0027754995   0.0000000000
    0    0    1   0.04127         0    0    1   0.04127       -0.0027755049   0.0000000000
   -1    0    0   0.09432        -1    0    0   0.09432       -0.0058079792   0.0000000000
    0    0   -2   0.09433         0    0   -2   0.09433       -0.0042097444   0.0000000000
    0    0    2   0.09433         0    0    2   0.09433       -0.0042097531   0.0000000000
   -1    0   -1   0.11201        -1    0   -1   0.11201       -0.0059291896   0.0000000000
   -1    0    1   0.11201        -1    0    1   0.11201       -0.0059291613   0.0000000000
   -1   -1    0   0.16506        -1   -1    0   0.16506       -0.0071907698   0.0000000000
    0    1    0   0.16506         0    1    0   0.16506       -0.0072662230   0.0000000000
   -1    0   -2   0.16507        -1    0   -2   0.16507       -0.0062300312   0.0000000000
   -1    0    2   0.16507        -1    0    2   0.16507       -0.0062299867   0.0000000000
   -1   -1   -1   0.18275        -1   -1   -1   0.18275       -0.0071133562   0.0000000000
   -1   -1    1   0.18275        -1   -1    1   0.18275       -0.0071134361   0.0000000000
    0    1   -1   0.18275         0    1   -1   0.18275       -0.0071828906   0.0000000000
    0    1    1   0.18275         0    1    1   0.18275       -0.0071828581   0.0000000000
    0    0   -3   0.18277         0    0   -3   0.18277       -0.0057672483   0.0000000000
    0    0    3   0.18277         0    0    3   0.18277       -0.0057672568   0.0000000000
   -1   -1   -2   0.23581        -1   -1   -2   0.23581       -0.0069221647   0.0000000000
    1   -1   -2   0.94320        -2    0    7   1.45621       -0.0000000015   0.0000000281
    1   -1    2   0.94320         0    0   -9   1.45632       -0.0000000024   0.0000000031
    2    1   -2   0.94320         0    0    9   1.45632       -0.0000000059  -0.0000000077


     q= 0.3333 0.3333 0.0000  nmtx=     307  nrk=  9

           independent matrix elements of chi       spin index= 1 1

          g          g**2          gp          gp**2          chi(g, gp)
    0    0    0   0.02358         0    0    0   0.02358       -0.0021895675   0.0000000000
    0    0    0   0.02358         0    0   -1   0.04127        0.0020627887   0.0000026249
    0    0    0   0.02358         0    0    1   0.04127        0.0020627858   0.0000025867
    0    0    0   0.02358        -1   -1    0   0.09432       -0.0000000014   0.0000000017
    0    0    0   0.02358         0    0   -2   0.09433       -0.0017243550  -0.0000092608
    0    0    0   0.02358         0    0    2   0.09433       -0.0017243502  -0.0000091935
    0    0    0   0.02358        -1   -1   -1   0.11201        0.0000000012  -0.0000000015
    0    0    0   0.02358        -1   -1    1   0.11201        0.0000000012  -0.0000000015
    0    0    0   0.02358        -1    0    0   0.16506        0.0000000095   0.0000000037
    0    0    0   0.02358         0   -1    0   0.16506       -0.0000000012   0.0000000034
    0    0    0   0.02358        -1   -1   -2   0.16507       -0.0000000006   0.0000000012
    0    0    0   0.02358        -1   -1    2   0.16507       -0.0000000006   0.0000000010
    0    0    0   0.02358        -1    0   -1   0.18275       -0.0000000098  -0.0000000039
    0    0    0   0.02358        -1    0    1   0.18275       -0.0000000099  -0.0000000039
    0    0    0   0.02358         0   -1   -1   0.18275        0.0000000013  -0.0000000032
    0    0    0   0.02358         0   -1    1   0.18275        0.0000000012  -0.0000000033
    0    0    0   0.02358         0    0   -3   0.18277        0.0012793576   0.0000168716
    0    0    0   0.02358         0    0    3   0.18277        0.0012793520   0.0000167912
    0    0    0   0.02358        -1    0   -2   0.23581        0.0000000109   0.0000000045
    0    0    0   0.02358        -2   -2    7   1.45621        0.0000000037   0.0000000024
    0    0    0   0.02358         0    0   -9   1.45632        0.0003505659   0.0000011012
    0    0    0   0.02358         0    0    9   1.45632        0.0003505676   0.0000011460
    0    0   -1   0.04127         0    0   -1   0.04127       -0.0027755050   0.0000000000
    0    0    1   0.04127         0    0    1   0.04127       -0.0027754995   0.0000000000
   -1   -1    0   0.09432        -1   -1    0   0.09432       -0.0058079791   0.0000000000
    0    0   -2   0.09433         0    0   -2   0.09433       -0.0042097531   0.0000000000
    0    0    2   0.09433         0    0    2   0.09433       -0.0042097444   0.0000000000
   -1   -1   -1   0.11201        -1   -1   -1   0.11201       -0.0059291613   0.0000000000
   -1   -1    1   0.11201        -1   -1    1   0.11201       -0.0059291894   0.0000000000
   -1    0    0   0.16506        -1    0    0   0.16506       -0.0072662227   0.0000000000
    0   -1    0   0.16506         0   -1    0   0.16506       -0.0071907704   0.0000000000
   -1   -1   -2   0.16507        -1   -1   -2   0.16507       -0.0062299868   0.0000000000
   -1   -1    2   0.16507        -1   -1    2   0.16507       -0.0062300310   0.0000000000
   -1    0   -1   0.18275        -1    0   -1   0.18275       -0.0071828578   0.0000000000
   -1    0    1   0.18275        -1    0    1   0.18275       -0.0071828905   0.0000000000
    0   -1   -1   0.18275         0   -1   -1   0.18275       -0.0071134369   0.0000000000
    0   -1    1   0.18275         0   -1    1   0.18275       -0.0071133566   0.0000000000
    0    0   -3   0.18277         0    0   -3   0.18277       -0.0057672568   0.0000000000
    0    0    3   0.18277         0    0    3   0.18277       -0.0057672482   0.0000000000
   -1    0   -2   0.23581        -1    0   -2   0.23581       -0.0069785734   0.0000000000
    2    1   -2   0.94320        -2   -2    7   1.45621       -0.0000000035  -0.0000000046
    2    1    2   0.94320         0    0   -9   1.45632       -0.0000000061  -0.0000000077
    1    2   -2   0.94320         0    0    9   1.45632        0.0000000005   0.0000000015


     q= 0.3333 0.6667 0.0000  nmtx=     315  nrk=  9

           independent matrix elements of chi       spin index= 1 1

          g          g**2          gp          gp**2          chi(g, gp)
    0   -1    0   0.07074         0   -1    0   0.07074       -0.0049358452   0.0000000000
   -1   -1    0   0.07074        -1   -1    0   0.07074       -0.0049358450   0.0000000000
    0    0    0   0.07074         0   -1    0   0.07074        0.0000000017   0.0000000033
    0    0    0   0.07074        -1   -1    0   0.07074        0.0000000005   0.0000000005
    0    0    0   0.07074         0    0    0   0.07074       -0.0049358450   0.0000000000
    0    0    0   0.07074         0   -1   -1   0.08843       -0.0000000015  -0.0000000033
    0    0    0   0.07074         0   -1    1   0.08843       -0.0000000018  -0.0000000035
    0    0    0   0.07074        -1   -1   -1   0.08843       -0.0000000006  -0.0000000003
    0    0    0   0.07074        -1   -1    1   0.08843       -0.0000000006  -0.0000000003
    0    0    0   0.07074         0    0   -1   0.08843        0.0046503620   0.0000165415
    0    0    0   0.07074         0    0    1   0.08843        0.0046503451   0.0000164572
    0    0    0   0.07074         0   -1   -2   0.14149        0.0000000014   0.0000000035
    0    0    0   0.07074         0   -1    2   0.14149        0.0000000018   0.0000000039
    0    0    0   0.07074        -1   -1   -2   0.14149        0.0000000009  -0.0000000001
    0    0    0   0.07074        -1   -1    2   0.14149        0.0000000009  -0.0000000002
    0    0    0   0.07074         0    0   -2   0.14149       -0.0038872201  -0.0000586563
    0    0    0   0.07074         0    0    2   0.14149       -0.0038871908  -0.0000585067
    0    0    0   0.07074         0   -1   -3   0.22993       -0.0000000016  -0.0000000040
    0    0    0   0.07074         0   -1    3   0.22993       -0.0000000021  -0.0000000045
    0    0    0   0.07074        -1   -1   -3   0.22993       -0.0000000015   0.0000000006
    0    0    0   0.07074        -1   -1    3   0.22993       -0.0000000015   0.0000000007
    0    0    0   0.07074         1   -2    4   1.41484        0.0009234211  -0.0008987120
    0    0    0   0.07074        -3   -2   -4   1.41484       -0.0000000051  -0.0000000035
    0    0    0   0.07074        -3   -2    4   1.41484       -0.0000000051  -0.0000000039
    0    0    0   0.07074         1    2   -4   1.41484       -0.0000000016   0.0000000010
    0    0    0   0.07074         1    2    4   1.41484       -0.0000000017   0.0000000008
    0    0    0   0.07074         1    0   -8   1.41500       -0.0000000038  -0.0000000224
    0    0    0   0.07074         1    0    8   1.41500       -0.0000000035  -0.0000000227
    0    0    0   0.07074        -1   -2   -8   1.41500        0.0000000036  -0.0000000024
    0    0    0   0.07074        -1   -2    8   1.41500        0.0000000038  -0.0000000023
    0    0    0   0.07074        -1    0   -8   1.41500        0.0000000159   0.0000000113
    0    0    0   0.07074        -1    0    8   1.41500        0.0000000155   0.0000000118
    0   -1   -1   0.08843         0   -1   -1   0.08843       -0.0051724520   0.0000000000
    0   -1    1   0.08843         0   -1    1   0.08843       -0.0051724189   0.0000000000
   -1   -1   -1   0.08843        -1   -1   -1   0.08843       -0.0051724517   0.0000000000
   -1   -1    1   0.08843        -1   -1    1   0.08843       -0.0051724186   0.0000000000
    0    0   -1   0.08843         0    0   -1   0.08843       -0.0051724518   0.0000000000
    0    0    1   0.08843         0    0    1   0.08843       -0.0051724188   0.0000000000
    0   -1   -2   0.14149         0   -1   -2   0.14149       -0.0057556216   0.0000000000
    0   -1    2   0.14149         0   -1    2   0.14149       -0.0057555695   0.0000000000
   -1   -1   -2   0.14149        -1   -1   -2   0.14149       -0.0057556214   0.0000000000
   -1   -1    2   0.14149        -1   -1    2   0.14149       -0.0057555692   0.0000000000
    0    0   -2   0.14149         0    0   -2   0.14149       -0.0057556214   0.0000000000
    0    0    2   0.14149         0    0    2   0.14149       -0.0057555694   0.0000000000
    0   -1   -3   0.22993         0   -1   -3   0.22993       -0.0063905301   0.0000000000
    0   -1    3   0.22993         0   -1    3   0.22993       -0.0063904790   0.0000000000
   -1   -1   -3   0.22993        -1   -1   -3   0.22993       -0.0063905299   0.0000000000
   -1   -1    3   0.22993        -1   -1    3   0.22993       -0.0063904786   0.0000000000
    0   -2   -5   0.93738         1   -2    4   1.41484       -0.0000000088   0.0000000124
    0   -2    5   0.93738        -3   -2   -4   1.41484       -0.0000000131  -0.0000000037
   -2   -2   -5   0.93738        -3   -2    4   1.41484        0.0000000045  -0.0000000116
   -2   -2    5   0.93738         1    2   -4   1.41484        0.0000000054  -0.0000000028
    1    1   -5   0.93738         1    2    4   1.41484       -0.0000000025   0.0000000063
    1    1    5   0.93738         1    0   -8   1.41500       -0.0000000051  -0.0000000113
   -2   -1   -5   0.93738         1    0    8   1.41500       -0.0014426863  -0.0005444379
   -2   -1    5   0.93738        -1   -2   -8   1.41500       -0.0000000069  -0.0000000061
    0    1   -5   0.93738        -1   -2    8   1.41500        0.0000000361  -0.0000000070
    0    1    5   0.93738        -1    0   -8   1.41500       -0.0000000044   0.0000000062
    0   -1   -7   0.93746        -1    0    8   1.41500       -0.0000000093   0.0000000005


     q= 0.6667 0.0000 0.0000  nmtx=     307  nrk=  9

           independent matrix elements of chi       spin index= 1 1

          g          g**2          gp          gp**2          chi(g, gp)
   -1    0    0   0.02358        -1    0    0   0.02358       -0.0021895674   0.0000000000
   -1    0   -1   0.04127        -1    0   -1   0.04127       -0.0027755049   0.0000000000
   -1    0    1   0.04127        -1    0    1   0.04127       -0.0027754994   0.0000000000
    0    0    0   0.09432        -1    0    0   0.02358        0.0000000025  -0.0000000025
    0    0    0   0.09432        -1    0   -1   0.04127       -0.0000000024   0.0000000013
    0    0    0   0.09432        -1    0    1   0.04127       -0.0000000029   0.0000000012
    0    0    0   0.09432         0    0    0   0.09432       -0.0058079794   0.0000000000
    0    0    0   0.09432        -1    0   -2   0.09433        0.0000000029   0.0000000020
    0    0    0   0.09432        -1    0    2   0.09433        0.0000000036   0.0000000021
    0    0    0   0.09432         0    0   -1   0.11201        0.0054731605  -0.0000144309
    0    0    0   0.09432         0    0    1   0.11201        0.0054731750  -0.0000145292
    0    0    0   0.09432        -1   -1    0   0.16506        0.0000000042  -0.0000000034
    0    0    0   0.09432         0    1    0   0.16506        0.0000000057  -0.0000000114
    0    0    0   0.09432         0    0   -2   0.16507       -0.0045774928   0.0000514316
    0    0    0   0.09432         0    0    2   0.16507       -0.0045775179   0.0000516063
    0    0    0   0.09432        -1   -1   -1   0.18275       -0.0000000038   0.0000000030
    0    0    0   0.09432        -1   -1    1   0.18275       -0.0000000040   0.0000000030
    0    0    0   0.09432         0    1   -1   0.18275       -0.0000000059   0.0000000113
    0    0    0   0.09432         0    1    1   0.18275       -0.0000000055   0.0000000110
    0    0    0   0.09432        -1    0   -3   0.18277       -0.0000000043  -0.0000000064
    0    0    0   0.09432        -1    0    3   0.18277       -0.0000000050  -0.0000000065
    0    0    0   0.09432        -1   -1   -2   0.23581        0.0000000031  -0.0000000019
    0    0    0   0.09432         1    0    7   1.45621        0.0000000103   0.0000000139
    0    0    0   0.09432        -1    0   -9   1.45632       -0.0000000076  -0.0000000129
    0    0    0   0.09432        -1    0    9   1.45632       -0.0000000065  -0.0000000136
   -1    0   -2   0.09433        -1    0   -2   0.09433       -0.0042097530   0.0000000000
   -1    0    2   0.09433        -1    0    2   0.09433       -0.0042097443   0.0000000000
    0    0   -1   0.11201         0    0   -1   0.11201       -0.0059291616   0.0000000000
    0    0    1   0.11201         0    0    1   0.11201       -0.0059291899   0.0000000000
   -1   -1    0   0.16506        -1   -1    0   0.16506       -0.0072662228   0.0000000000
    0    1    0   0.16506         0    1    0   0.16506       -0.0071907702   0.0000000000
    0    0   -2   0.16507         0    0   -2   0.16507       -0.0062299871   0.0000000000
    0    0    2   0.16507         0    0    2   0.16507       -0.0062300315   0.0000000000
   -1   -1   -1   0.18275        -1   -1   -1   0.18275       -0.0071828580   0.0000000000
   -1   -1    1   0.18275        -1   -1    1   0.18275       -0.0071828904   0.0000000000
    0    1   -1   0.18275         0    1   -1   0.18275       -0.0071134366   0.0000000000
    0    1    1   0.18275         0    1    1   0.18275       -0.0071133566   0.0000000000
   -1    0   -3   0.18277        -1    0   -3   0.18277       -0.0057672567   0.0000000000
   -1    0    3   0.18277        -1    0    3   0.18277       -0.0057672481   0.0000000000
   -1   -1   -2   0.23581        -1   -1   -2   0.23581       -0.0069785737   0.0000000000
   -2    1   -2   0.94320         1    0    7   1.45621       -0.0000000021  -0.0000000283
   -2    1    2   0.94320        -1    0   -9   1.45632       -0.0000000026  -0.0000000027
   -3   -1   -2   0.94320        -1    0    9   1.45632       -0.0000000062   0.0000000064


     q= 0.6667 0.3333 0.0000  nmtx=     315  nrk=  9

           independent matrix elements of chi       spin index= 1 1

          g          g**2          gp          gp**2          chi(g, gp)
   -1    0    0   0.07074        -1    0    0   0.07074       -0.0049358449   0.0000000000
   -1   -1    0   0.07074        -1   -1    0   0.07074       -0.0049358449   0.0000000000
    0    0    0   0.07074        -1    0    0   0.07074        0.0000000071   0.0000000071
    0    0    0   0.07074        -1   -1    0   0.07074        0.0000000005   0.0000000005
    0    0    0   0.07074         0    0    0   0.07074       -0.0049358451   0.0000000000
    0    0    0   0.07074        -1    0   -1   0.08843       -0.0000000070  -0.0000000076
    0    0    0   0.07074        -1    0    1   0.08843       -0.0000000073  -0.0000000076
    0    0    0   0.07074        -1   -1   -1   0.08843       -0.0000000004  -0.0000000006
    0    0    0   0.07074        -1   -1    1   0.08843       -0.0000000005  -0.0000000005
    0    0    0   0.07074         0    0   -1   0.08843        0.0046503451  -0.0000164572
    0    0    0   0.07074         0    0    1   0.08843        0.0046503621  -0.0000165415
    0    0    0   0.07074        -1    0   -2   0.14149        0.0000000072   0.0000000090
    0    0    0   0.07074        -1    0    2   0.14149        0.0000000077   0.0000000090
    0    0    0   0.07074        -1   -1   -2   0.14149        0.0000000005   0.0000000007
    0    0    0   0.07074        -1   -1    2   0.14149        0.0000000006   0.0000000006
    0    0    0   0.07074         0    0   -2   0.14149       -0.0038871909   0.0000585066
    0    0    0   0.07074         0    0    2   0.14149       -0.0038872202   0.0000586563
    0    0    0   0.07074        -1    0   -3   0.22993       -0.0000000081  -0.0000000109
    0    0    0   0.07074        -1    0    3   0.22993       -0.0000000086  -0.0000000110
    0    0    0   0.07074        -1   -1   -3   0.22993       -0.0000000009  -0.0000000007
    0    0    0   0.07074        -1   -1    3   0.22993       -0.0000000011  -0.0000000006
    0    0    0   0.07074        -2    1    4   1.41484       -0.0000000017  -0.0000000007
    0    0    0   0.07074         2    1   -4   1.41484        0.0000000007  -0.0000000128
    0    0    0   0.07074         2    1    4   1.41484        0.0000000000  -0.0000000127
    0    0    0   0.07074        -2   -3   -4   1.41484        0.0009234211   0.0008987118
    0    0    0   0.07074        -2   -3    4   1.41484        0.0009233394   0.0008986678
    0    0    0   0.07074        -2   -1   -8   1.41500        0.0000000163  -0.0000000083
    0    0    0   0.07074        -2   -1    8   1.41500        0.0000000161  -0.0000000075
    0    0    0   0.07074         0    1   -8   1.41500        0.0000000048  -0.0000000052
    0    0    0   0.07074         0    1    8   1.41500        0.0000000050  -0.0000000049
    0    0    0   0.07074         0   -1   -8   1.41500       -0.0000000042   0.0000000099
    0    0    0   0.07074         0   -1    8   1.41500       -0.0000000044   0.0000000097
   -1    0   -1   0.08843        -1    0   -1   0.08843       -0.0051724187   0.0000000000
   -1    0    1   0.08843        -1    0    1   0.08843       -0.0051724516   0.0000000000
   -1   -1   -1   0.08843        -1   -1   -1   0.08843       -0.0051724187   0.0000000000
   -1   -1    1   0.08843        -1   -1    1   0.08843       -0.0051724516   0.0000000000
    0    0   -1   0.08843         0    0   -1   0.08843       -0.0051724188   0.0000000000
    0    0    1   0.08843         0    0    1   0.08843       -0.0051724519   0.0000000000
   -1    0   -2   0.14149        -1    0   -2   0.14149       -0.0057555693   0.0000000000
   -1    0    2   0.14149        -1    0    2   0.14149       -0.0057556213   0.0000000000
   -1   -1   -2   0.14149        -1   -1   -2   0.14149       -0.0057555693   0.0000000000
   -1   -1    2   0.14149        -1   -1    2   0.14149       -0.0057556213   0.0000000000
    0    0   -2   0.14149         0    0   -2   0.14149       -0.0057555695   0.0000000000
    0    0    2   0.14149         0    0    2   0.14149       -0.0057556216   0.0000000000
   -1    0   -3   0.22993        -1    0   -3   0.22993       -0.0063904789   0.0000000000
   -1    0    3   0.22993        -1    0    3   0.22993       -0.0063905298   0.0000000000
   -1   -1   -3   0.22993        -1   -1   -3   0.22993       -0.0063904789   0.0000000000
   -1   -1    3   0.22993        -1   -1    3   0.22993       -0.0063905298   0.0000000000
   -1    1   -5   0.93738        -2    1    4   1.41484       -0.0000000079  -0.0000000126
   -1    1    5   0.93738         2    1   -4   1.41484       -0.0000000131   0.0000000040
    1    1   -5   0.93738         2    1    4   1.41484        0.0000000035   0.0000000112
    1    1    5   0.93738        -2   -3   -4   1.41484        0.0000000056   0.0000000026
   -2   -2   -5   0.93738        -2   -3    4   1.41484       -0.0000000023  -0.0000000064
   -2   -2    5   0.93738        -2   -1   -8   1.41500       -0.0000000044   0.0000000108
    1    0   -5   0.93738        -2   -1    8   1.41500       -0.0014426022   0.0005442808
    1    0    5   0.93738         0    1   -8   1.41500       -0.0000000062   0.0000000060
   -1   -2   -5   0.93738         0    1    8   1.41500        0.0000000361   0.0000000075
   -1   -2    5   0.93738         0   -1   -8   1.41500       -0.0000000042  -0.0000000057
   -1    0   -7   0.93746         0   -1    8   1.41500       -0.0000000082  -0.0000000003


     q= 0.6667 0.6667 0.0000  nmtx=     307  nrk=  9

           independent matrix elements of chi       spin index= 1 1

          g          g**2          gp          gp**2          chi(g, gp)
   -1   -1    0   0.02358        -1   -1    0   0.02358       -0.0021895674   0.0000000000
   -1   -1   -1   0.04127        -1   -1   -1   0.04127       -0.0027754994   0.0000000000
   -1   -1    1   0.04127        -1   -1    1   0.04127       -0.0027755049   0.0000000000
    0    0    0   0.09432        -1   -1    0   0.02358       -0.0000000014   0.0000000016
    0    0    0   0.09432        -1   -1   -1   0.04127        0.0000000013  -0.0000000015
    0    0    0   0.09432        -1   -1    1   0.04127        0.0000000013  -0.0000000014
    0    0    0   0.09432         0    0    0   0.09432       -0.0058079795   0.0000000000
    0    0    0   0.09432        -1   -1   -2   0.09433       -0.0000000009   0.0000000010
    0    0    0   0.09432        -1   -1    2   0.09433       -0.0000000008   0.0000000008
    0    0    0   0.09432         0    0   -1   0.11201        0.0054731750   0.0000145292
    0    0    0   0.09432         0    0    1   0.11201        0.0054731605   0.0000144309
    0    0    0   0.09432        -1    0    0   0.16506        0.0000000175   0.0000000233
    0    0    0   0.09432         0   -1    0   0.16506        0.0000000019   0.0000000137
    0    0    0   0.09432         0    0   -2   0.16507       -0.0045775179  -0.0000516064
    0    0    0   0.09432         0    0    2   0.16507       -0.0045774929  -0.0000514315
    0    0    0   0.09432        -1    0   -1   0.18275       -0.0000000173  -0.0000000228
    0    0    0   0.09432        -1    0    1   0.18275       -0.0000000176  -0.0000000228
    0    0    0   0.09432         0   -1   -1   0.18275       -0.0000000016  -0.0000000129
    0    0    0   0.09432         0   -1    1   0.18275       -0.0000000019  -0.0000000131
    0    0    0   0.09432        -1   -1   -3   0.18277       -0.0000000000  -0.0000000002
    0    0    0   0.09432        -1   -1    3   0.18277       -0.0000000001  -0.0000000001
    0    0    0   0.09432        -1    0   -2   0.23581        0.0000000172   0.0000000215
    0    0    0   0.09432         1    1    7   1.45621        0.0000000005  -0.0000000033
    0    0    0   0.09432        -1   -1   -9   1.45632       -0.0000000015   0.0000000002
    0    0    0   0.09432        -1   -1    9   1.45632       -0.0000000015  -0.0000000002
   -1   -1   -2   0.09433        -1   -1   -2   0.09433       -0.0042097443   0.0000000000
   -1   -1    2   0.09433        -1   -1    2   0.09433       -0.0042097530   0.0000000000
    0    0   -1   0.11201         0    0   -1   0.11201       -0.0059291898   0.0000000000
    0    0    1   0.11201         0    0    1   0.11201       -0.0059291616   0.0000000000
   -1    0    0   0.16506        -1    0    0   0.16506       -0.0071907699   0.0000000000
    0   -1    0   0.16506         0   -1    0   0.16506       -0.0072662233   0.0000000000
    0    0   -2   0.16507         0    0   -2   0.16507       -0.0062300314   0.0000000000
    0    0    2   0.16507         0    0    2   0.16507       -0.0062299871   0.0000000000
   -1    0   -1   0.18275        -1    0   -1   0.18275       -0.0071133562   0.0000000000
   -1    0    1   0.18275        -1    0    1   0.18275       -0.0071134364   0.0000000000
    0   -1   -1   0.18275         0   -1   -1   0.18275       -0.0071828910   0.0000000000
    0   -1    1   0.18275         0   -1    1   0.18275       -0.0071828583   0.0000000000
   -1   -1   -3   0.18277        -1   -1   -3   0.18277       -0.0057672481   0.0000000000
   -1   -1    3   0.18277        -1   -1    3   0.18277       -0.0057672567   0.0000000000
   -1    0   -2   0.23581        -1    0   -2   0.23581       -0.0069221646   0.0000000000
   -3   -2   -2   0.94320         1    1    7   1.45621       -0.0000000031   0.0000000048
   -3   -2    2   0.94320        -1   -1   -9   1.45632       -0.0000000058   0.0000000090
   -2   -3   -2   0.94320        -1   -1    9   1.45632        0.0000000005  -0.0000000017
