
 BerkeleyGW version 3.0+git 62970aa-dirty by Woochang Kim <wkim94@login01.chn> at 2023-04-28 13:53:23 -0700
 Epsilon code, Complex version, run on 19-May-2023 at 14:28:10 -0700

 Running MPI version (parallel)
 Running with 128 MPI task(s)
 Computing the static inverse dielectric matrix

 We are using matrix communication scheme

 We are communicating via MPI

 We are using a truncated Coulomb interaction: cell slab
 Highest occupied band (unshifted grid) = 91
 Valence max    (unshifted grid) = -1.604594 eV
 Conduction min (unshifted grid) = .449381 eV
 Middle energy  (unshifted grid) = -.577607 eV
 Fermi  energy  (unshifted grid) = -.577607 eV

 Running with 16 valence pools
 Number of conduction bands per processor: 4
 Number of valence bands per processor: 6

 Memory available: 3796.3 MB per PE
 Memory required for execution: 35.0 MB per PE
 Memory required for vcoul: .0 MB per PE

 Cell Volume = 0.101481386E+05

 Number of electrons per unit cell (from ifmax) = 182.000000
 Number of electrons per unit cell (from occupations) = 182.000000
 Plasma Frequency = .949462 Ry

 - Screened Coulomb cutoff: 2.000 Ry
 - Total number of bands: 119
 - Number of q-points: 1

 Scissors parameters:
 - Valence:    es =   0.0000 eV, e0 =   0.0000 eV, edel =   0.0000
 - Conduction: es =   0.0000 eV, e0 =   0.0000 eV, edel =   0.0000


     q= 0.6667 0.6667 0.0000  nmtx=     478  nrk=  9

           independent matrix elements of chi       spin index= 1 1

          g          g**2          gp          gp**2          chi(g, gp)
   -1   -1    0   0.02358        -1   -1    0   0.02358       -0.0021895674   0.0000000000
   -1   -1   -1   0.04127        -1   -1   -1   0.04127       -0.0027754994   0.0000000000
   -1   -1    1   0.04127        -1   -1    1   0.04127       -0.0027755049   0.0000000000
    0    0    0   0.09432        -1   -1    0   0.02358       -0.0000000014   0.0000000016
    0    0    0   0.09432        -1   -1   -1   0.04127        0.0000000013  -0.0000000015
    0    0    0   0.09432        -1   -1    1   0.04127        0.0000000013  -0.0000000014
    0    0    0   0.09432         0    0    0   0.09432       -0.0058079795   0.0000000000
    0    0    0   0.09432        -1   -1   -2   0.09433       -0.0000000009   0.0000000010
    0    0    0   0.09432        -1   -1    2   0.09433       -0.0000000008   0.0000000008
    0    0    0   0.09432         0    0   -1   0.11201        0.0054731750   0.0000145292
    0    0    0   0.09432         0    0    1   0.11201        0.0054731605   0.0000144309
    0    0    0   0.09432        -1    0    0   0.16506        0.0000000175   0.0000000233
    0    0    0   0.09432         0   -1    0   0.16506        0.0000000019   0.0000000137
    0    0    0   0.09432         0    0   -2   0.16507       -0.0045775179  -0.0000516064
    0    0    0   0.09432         0    0    2   0.16507       -0.0045774929  -0.0000514315
    0    0    0   0.09432        -1    0   -1   0.18275       -0.0000000173  -0.0000000228
    0    0    0   0.09432        -1    0    1   0.18275       -0.0000000176  -0.0000000228
    0    0    0   0.09432         0   -1   -1   0.18275       -0.0000000016  -0.0000000129
    0    0    0   0.09432         0   -1    1   0.18275       -0.0000000019  -0.0000000131
    0    0    0   0.09432        -1   -1   -3   0.18277       -0.0000000000  -0.0000000002
    0    0    0   0.09432        -1   -1    3   0.18277       -0.0000000001  -0.0000000001
    0    0    0   0.09432        -1    0   -2   0.23581        0.0000000172   0.0000000215
    0    0    0   0.09432        -1    0    2   0.23581        0.0000000176   0.0000000215
    0    0    0   0.09432         0   -1   -2   0.23581        0.0000000012   0.0000000112
    0    0    0   0.09432         0   -1    2   0.23581        0.0000000017   0.0000000115
    0    0    0   0.09432         0    0   -3   0.25351        0.0033952518   0.0000952945
    0    0    0   0.09432         0    0    3   0.25351        0.0033952228   0.0000950827
    0    0    0   0.09432        -2   -1    0   0.30654        0.0000000063  -0.0000000039
    0    0    0   0.09432        -1   -2    0   0.30654       -0.0000000018  -0.0000000023
    0    0    0   0.09432        -1   -1   -4   0.30659        0.0000000013  -0.0000000004
    0    0    0   0.09432        -1   -1    4   0.30659        0.0000000012  -0.0000000005
    0    0    0   0.09432        -2   -1   -1   0.32422       -0.0000000077   0.0000000039
    0    0    0   0.09432        -4   -3   -2   1.93355        0.0000000033   0.0000000066
    0    0    0   0.09432        -4   -3    2   1.93355        0.0000000034   0.0000000067
    0    0    0   0.09432        -3   -4   -2   1.93355        0.0000000002   0.0000000009
    0    0    0   0.09432        -3   -4    2   1.93355        0.0000000005   0.0000000010
    0    0    0   0.09432        -1    0  -10   1.93387        0.0000000092   0.0000000165
    0    0    0   0.09432        -1    0   10   1.93387        0.0000000085   0.0000000172
    0    0    0   0.09432         0   -1  -10   1.93387       -0.0000000002   0.0000000099
    0    0    0   0.09432         0   -1   10   1.93387       -0.0000000005   0.0000000099
    0    0    0   0.09432        -4   -2   -3   1.95125        0.0000000001  -0.0000000019
    0    0    0   0.09432        -4   -2    3   1.95125        0.0000000003  -0.0000000020
    0    0    0   0.09432        -2   -4   -3   1.95125       -0.0000000018   0.0000000064
    0    0    0   0.09432        -2   -4    3   1.95125       -0.0000000017   0.0000000063
    0    0    0   0.09432         2    2   -5   1.95131        0.0000000053   0.0000000036
    0    0    0   0.09432         2    2    5   1.95131        0.0000000055   0.0000000038
   -1   -1   -2   0.09433        -1   -1   -2   0.09433       -0.0042097443   0.0000000000
   -1   -1    2   0.09433        -1   -1    2   0.09433       -0.0042097530   0.0000000000
    0    0   -1   0.11201         0    0   -1   0.11201       -0.0059291898   0.0000000000
    0    0    1   0.11201         0    0    1   0.11201       -0.0059291616   0.0000000000
   -1    0    0   0.16506        -1    0    0   0.16506       -0.0071907699   0.0000000000
    0   -1    0   0.16506         0   -1    0   0.16506       -0.0072662233   0.0000000000
    0    0   -2   0.16507         0    0   -2   0.16507       -0.0062300314   0.0000000000
    0    0    2   0.16507         0    0    2   0.16507       -0.0062299871   0.0000000000
   -1    0   -1   0.18275        -1    0   -1   0.18275       -0.0071133562   0.0000000000
   -1    0    1   0.18275        -1    0    1   0.18275       -0.0071134364   0.0000000000
    0   -1   -1   0.18275         0   -1   -1   0.18275       -0.0071828910   0.0000000000
    0   -1    1   0.18275         0   -1    1   0.18275       -0.0071828583   0.0000000000
   -1   -1   -3   0.18277        -1   -1   -3   0.18277       -0.0057672481   0.0000000000
   -1   -1    3   0.18277        -1   -1    3   0.18277       -0.0057672567   0.0000000000
   -1    0   -2   0.23581        -1    0   -2   0.23581       -0.0069221646   0.0000000000
   -1    0    2   0.23581        -1    0    2   0.23581       -0.0069222904   0.0000000000
    0   -1   -2   0.23581         0   -1   -2   0.23581       -0.0069786253   0.0000000000
    0   -1    2   0.23581         0   -1    2   0.23581       -0.0069785739   0.0000000000
    0    0   -3   0.25351         0    0   -3   0.25351       -0.0065567851   0.0000000000
    0    0    3   0.25351         0    0    3   0.25351       -0.0065567421   0.0000000000
   -2   -1    0   0.30654        -2   -1    0   0.30654       -0.0075976231   0.0000000000
   -1   -2    0   0.30654        -1   -2    0   0.30654       -0.0078392451   0.0000000000
   -1   -1   -4   0.30659        -1   -1   -4   0.30659       -0.0068131477   0.0000000000
   -1   -1    4   0.30659        -1   -1    4   0.30659       -0.0068131534   0.0000000000
   -2   -1   -1   0.32422        -2   -1   -1   0.32422       -0.0074166501   0.0000000000
    2    1    2   1.22616        -4   -3   -2   1.93355        0.0000000132   0.0000000151
    1    2   -2   1.22616        -4   -3    2   1.93355       -0.0000000014   0.0000000050
    1    2    2   1.22616        -3   -4   -2   1.93355        0.0007959450  -0.0004445685
    1    1   -6   1.22627        -3   -4    2   1.93355        0.0000000073   0.0000000026
    1    1    6   1.22627        -1    0  -10   1.93387        0.0000000129   0.0000000119
    0    0   -8   1.22636        -1    0   10   1.93387        0.0000000061   0.0000000176
    0    0    8   1.22636         0   -1  -10   1.93387        0.0000000025   0.0000000093
    2    0   -1   1.24383         0   -1   10   1.93387       -0.0000000062  -0.0000000065
    2    0    1   1.24383        -4   -2   -3   1.95125        0.0007909861   0.0004027529
    0    2   -1   1.24383        -4   -2    3   1.95125        0.0000000017  -0.0000000041
    0    2    1   1.24383        -2   -4   -3   1.95125        0.0000000054  -0.0000000017
   -2   -2   -7   1.24399        -2   -4    3   1.95125       -0.0000000106  -0.0000000070
   -2   -2    7   1.24399         2    2   -5   1.95131        0.0000000031   0.0000000184
    2    0   -2   1.29690         2    2    5   1.95131        0.0000000060   0.0000000052
