
 BerkeleyGW version 3.0+git 62970aa-dirty by Woochang Kim <wkim94@login01.chn> at 2023-04-28 13:53:23 -0700
 Epsilon code, Complex version, run on 28-May-2023 at 14:47:34 -0700

 Running MPI version (parallel)
 Running with 128 MPI task(s)
 Computing the static inverse dielectric matrix

 We are using matrix communication scheme

 We are communicating via MPI

 We are using a truncated Coulomb interaction: cell slab
 Highest occupied band (unshifted grid) = 13
 Valence max    (unshifted grid) = -1.599740 eV
 Conduction min (unshifted grid) = .452664 eV
 Middle energy  (unshifted grid) = -.573538 eV
 Fermi  energy  (unshifted grid) = -.573538 eV

 Highest occupied band (shifted grid) = 13
 Running with 13 valence pools
 Number of conduction bands per processor: 1
 Number of valence bands per processor: 1

 Memory available: 3812.0 MB per PE
 Memory required for execution: 8.2 MB per PE
 Memory required for vcoul: .0 MB per PE

 Cell Volume = 0.144973408E+04

 Number of electrons per unit cell (from ifmax) = 26.000000
 Number of electrons per unit cell (from occupations) = 26.000000
 Plasma Frequency = .949462 Ry

 - Screened Coulomb cutoff: 1.500 Ry
 - Total number of bands: 17
 - Number of q-points: 63

 Scissors parameters:
 - Valence:    es =   0.0000 eV, e0 =   0.0000 eV, edel =   0.0000
 - Conduction: es =   0.0000 eV, e0 =   0.0000 eV, edel =   0.0000
 Highest occupied band (shifted grid) = 13


     q= 0.0004 0.0003 0.0000  nmtx=      25  nrk= 63

           independent matrix elements of chi       spin index= 1 1

          g          g**2          gp          gp**2          chi(g, gp)
    0    0    0   0.00000         0    0    0   0.00000       -0.0000000233   0.0000000000
    0    0    0   0.00000         0    0    8   1.13204       -0.0000000033  -0.0000000000
    0    0    4   0.28301         0    0    8   1.13204       -0.0028751112   0.0000016717


     q= 0.7143 0.1429 0.0000  nmtx=      44  nrk= 63

           independent matrix elements of chi       spin index= 1 1

          g          g**2          gp          gp**2          chi(g, gp)
   -1    0    0   0.21222        -1    0    0   0.21222       -0.0076457571   0.0000000000
   -1    0   -1   0.22991        -1    0   -1   0.22991       -0.0074987073   0.0000000000
    0    0   -3   0.79585        -1    0    7   1.07894        0.0010474917   0.0018805200
    0    0    3   0.79585        -1   -1   -4   1.13188       -0.0003952672   0.0023148416


     q= 0.4286 0.2857 0.0000  nmtx=      44  nrk= 63

           independent matrix elements of chi       spin index= 1 1

          g          g**2          gp          gp**2          chi(g, gp)
    0    0    0   0.21222         0    0    0   0.21222       -0.0076457567   0.0000000000
    0    0    0   0.21222         0    0   -1   0.22991        0.0072137418  -0.0000286009
    0    0    0   0.21222         0    0    7   1.07894        0.0008537874  -0.0002331097
    0    0    0   0.21222        -1    0   -4   1.13188        0.0014379166   0.0020248056
    0    0   -1   0.22991         0    0   -1   0.22991       -0.0074987067   0.0000000000
   -1   -1   -3   0.79585         0    0    7   1.07894        0.0010474921   0.0018805199
   -1   -1    3   0.79585        -1    0   -4   1.13188       -0.0003952675   0.0023148409


     q= 0.1429 0.4286 0.0000  nmtx=      44  nrk= 63

           independent matrix elements of chi       spin index= 1 1

          g          g**2          gp          gp**2          chi(g, gp)
    0    0    0   0.21222         0    0    0   0.21222       -0.0076457565   0.0000000000
    0    0    0   0.21222         0    0   -1   0.22991        0.0072140774   0.0000302534
    0    0    0   0.21222         0    0    7   1.07894        0.0008537330   0.0002332643
    0    0    0   0.21222        -1   -1   -4   1.13188        0.0014354635  -0.0020235350
    0    0   -1   0.22991         0    0   -1   0.22991       -0.0074993542   0.0000000000
    0   -1   -3   0.79585         0    0    7   1.07894        0.0010475636  -0.0018786688
    0   -1    3   0.79585        -1   -1   -4   1.13188       -0.0003971306  -0.0023162193


     q= 0.8571 0.5714 0.0000  nmtx=      44  nrk= 63

           independent matrix elements of chi       spin index= 1 1

          g          g**2          gp          gp**2          chi(g, gp)
   -1   -1    0   0.21222        -1   -1    0   0.21222       -0.0076457574   0.0000000000
   -1   -1   -1   0.22991        -1   -1   -1   0.22991       -0.0074987077   0.0000000000
   -1    0   -3   0.79585        -1   -1    7   1.07894        0.0010474919   0.0018805202
   -1    0    3   0.79585         0    0   -4   1.13188       -0.0003952674   0.0023148409


     q= 0.5714 0.7143 0.0000  nmtx=      44  nrk= 63

           independent matrix elements of chi       spin index= 1 1

          g          g**2          gp          gp**2          chi(g, gp)
   -1   -1    0   0.21222        -1   -1    0   0.21222       -0.0076457565   0.0000000000
   -1   -1   -1   0.22991        -1   -1   -1   0.22991       -0.0074993544   0.0000000000
    0    0   -3   0.79585        -1   -1    7   1.07894        0.0010475634  -0.0018786687
    0    0    3   0.79585         0   -1   -4   1.13188       -0.0003971303  -0.0023162188


     q= 0.2857 0.8571 0.0000  nmtx=      44  nrk= 63

           independent matrix elements of chi       spin index= 1 1

          g          g**2          gp          gp**2          chi(g, gp)
    0   -1    0   0.21222         0   -1    0   0.21222       -0.0076457562   0.0000000000
    0   -1   -1   0.22991         0   -1   -1   0.22991       -0.0074993538   0.0000000000
   -1   -1   -3   0.79585         0   -1    7   1.07894        0.0010475636  -0.0018786689
   -1   -1    3   0.79585         0    0   -4   1.13188       -0.0003971306  -0.0023162185


     q= 0.9048 0.0476 0.0000  nmtx=      38  nrk= 63

           independent matrix elements of chi       spin index= 1 1

          g          g**2          gp          gp**2          chi(g, gp)
   -1    0    0   0.02358        -1    0    0   0.02358       -0.0021889665   0.0000000000
   -1    0   -1   0.04127        -1    0   -1   0.04127       -0.0027747580   0.0000000000
   -1    0   -8   1.15562         0    0   -4   1.43842        0.0007360432  -0.0011691188
   -1    0    8   1.15562         0    0    4   1.43842        0.0007343589  -0.0011684545


     q= 0.6190 0.1905 0.0000  nmtx=      43  nrk= 63

           independent matrix elements of chi       spin index= 1 1

          g          g**2          gp          gp**2          chi(g, gp)
   -1    0    0   0.37728        -1    0    0   0.37728       -0.0075775432   0.0000000000
   -1    0   -1   0.39496        -1    0   -1   0.39496       -0.0073842398   0.0000000000
   -1   -1    0   0.73097        -1    0    6   1.01405        0.0005336753  -0.0029392219
    0    0   -4   0.73103         0    0   -6   1.08479       -0.0040319968  -0.0000924547


     q= 0.3333 0.3333 0.0000  nmtx=      48  nrk= 63

           independent matrix elements of chi       spin index= 1 1

          g          g**2          gp          gp**2          chi(g, gp)
    0    0    0   0.16506         0    0    0   0.16506       -0.0071889820   0.0000000000
    0    0    0   0.16506         0    0   -1   0.18275        0.0067785630  -0.0000447657
    0    0    0   0.16506         0    0    1   0.18275        0.0067791373  -0.0000463413
    0    0   -1   0.18275         0    0   -1   0.18275       -0.0071110517   0.0000000000
    0    0    1   0.18275         0    0    1   0.18275       -0.0071121632   0.0000000000


     q= 0.0476 0.4762 0.0000  nmtx=      50  nrk= 63

           independent matrix elements of chi       spin index= 1 1

          g          g**2          gp          gp**2          chi(g, gp)
    0    0    0   0.30654         0    0    0   0.30654       -0.0075959906   0.0000000000
    0    0    0   0.30654         0    0   -1   0.32422        0.0071716379   0.0000658016
    0    0    0   0.30654         0    0    1   0.32422        0.0071709831   0.0000643149
    0    0    0   0.30654        -1   -1   -5   1.45613       -0.0011027792   0.0021486723
    0    0    0   0.30654        -1   -1    5   1.45613       -0.0011049329   0.0021496222
    0    0   -1   0.32422         0    0   -1   0.32422       -0.0074156002   0.0000000000
    0    0    1   0.32422         0    0    1   0.32422       -0.0074143431   0.0000000000
   -1   -1    0   1.01393        -1   -1   -5   1.45613        0.0010920388   0.0000747030
   -1   -1   -1   1.03162        -1   -1    5   1.45613       -0.0005743494  -0.0000687744


     q= 0.7619 0.6190 0.0000  nmtx=      41  nrk= 63

           independent matrix elements of chi       spin index= 1 1

          g          g**2          gp          gp**2          chi(g, gp)
   -1   -1    0   0.16506        -1   -1    0   0.16506       -0.0072643230   0.0000000000
   -1   -1   -1   0.18275        -1   -1   -1   0.18275       -0.0071812049   0.0000000000
   -1   -1   -6   0.80183        -1    0    4   1.15546        0.0009727585  -0.0016354121
   -1   -1    6   0.80183         0    0   -5   1.17318       -0.0013617175  -0.0010688210


     q= 0.4762 0.7619 0.0000  nmtx=      45  nrk= 63

           independent matrix elements of chi       spin index= 1 1

          g          g**2          gp          gp**2          chi(g, gp)
   -1   -1    0   0.30654        -1   -1    0   0.30654       -0.0078372662   0.0000000000
   -1   -1   -1   0.32422        -1   -1   -1   0.32422       -0.0076394481   0.0000000000
    0    0    1   0.67792         0   -1    5   1.03170        0.0007903399   0.0022477525
    0    0   -2   0.73099         0    0   -5   1.10244        0.0031486152  -0.0002100755


     q= 0.1905 0.9048 0.0000  nmtx=      42  nrk= 63

           independent matrix elements of chi       spin index= 1 1

          g          g**2          gp          gp**2          chi(g, gp)
    0   -1    0   0.09432         0   -1    0   0.09432       -0.0058063949   0.0000000000
    0   -1   -1   0.11201         0   -1   -1   0.11201       -0.0059277646   0.0000000000
   -1   -1   -2   0.94320         0   -1    8   1.22636        0.0006260500  -0.0018008863
   -1   -1    2   0.94320         0    0   -4   1.29694        0.0003157204   0.0017035638


     q= 0.8095 0.0952 0.0000  nmtx=      42  nrk= 63

           independent matrix elements of chi       spin index= 1 1

          g          g**2          gp          gp**2          chi(g, gp)
   -1    0    0   0.09432        -1    0    0   0.09432       -0.0058063953   0.0000000000
   -1    0   -1   0.11201        -1    0   -1   0.11201       -0.0059273735   0.0000000000
    0    0   -2   0.94320        -1    0    8   1.22636        0.0006258187   0.0018019608
    0    0    2   0.94320        -1   -1   -4   1.29694        0.0003140295  -0.0017016654


     q= 0.5238 0.2381 0.0000  nmtx=      45  nrk= 63

           independent matrix elements of chi       spin index= 1 1

          g          g**2          gp          gp**2          chi(g, gp)
    0    0    0   0.30654         0    0    0   0.30654       -0.0078372661   0.0000000000
    0    0    0   0.30654         0    0   -1   0.32422        0.0074015707   0.0000110637
    0    0    0   0.30654        -1    0    5   1.03170       -0.0011557535  -0.0027857092
    0    0    0   0.30654        -1   -1   -5   1.10244       -0.0011762661   0.0026575763
    0    0   -1   0.32422         0    0   -1   0.32422       -0.0076396310   0.0000000000
   -1   -1    1   0.67792        -1    0    5   1.03170        0.0007932281  -0.0022488385
   -1   -1   -2   0.73099        -1   -1   -5   1.10244        0.0031489852   0.0002123863


     q= 0.2381 0.3810 0.0000  nmtx=      41  nrk= 63

           independent matrix elements of chi       spin index= 1 1

          g          g**2          gp          gp**2          chi(g, gp)
    0    0    0   0.16506         0    0    0   0.16506       -0.0072643222   0.0000000000
    0    0    0   0.16506         0    0   -1   0.18275        0.0068505571  -0.0000180581
    0    0    0   0.16506         0   -1    4   1.15546        0.0013496224   0.0017896021
    0    0    0   0.16506        -1   -1   -5   1.17318       -0.0011283253   0.0020088999
    0    0   -1   0.18275         0    0   -1   0.18275       -0.0071807502   0.0000000000
    0    0   -6   0.80183         0   -1    4   1.15546        0.0009727920   0.0016372317
    0    0    6   0.80183        -1   -1   -5   1.17318       -0.0013624448   0.0010715185


     q= 0.9524 0.5238 0.0000  nmtx=      50  nrk= 63

           independent matrix elements of chi       spin index= 1 1

          g          g**2          gp          gp**2          chi(g, gp)
   -1   -1    0   0.30654        -1   -1    0   0.30654       -0.0075959913   0.0000000000
   -1   -1   -1   0.32422        -1   -1   -1   0.32422       -0.0074143442   0.0000000000
   -1   -1    1   0.32422        -1   -1    1   0.32422       -0.0074156007   0.0000000000
    0    0    0   1.01393        -1   -1    0   0.30654        0.0021506812  -0.0010480854
    0    0    0   1.01393        -1   -1   -1   0.32422       -0.0020323540   0.0011745461
    0    0    0   1.01393        -1   -1    1   0.32422       -0.0020337685   0.0011751755
    0    0    0   1.01393         0    0   -5   1.45613        0.0010918872  -0.0000728236
    0    0    0   1.01393         0    0    5   1.45613        0.0010920385  -0.0000747037
    0    0   -1   1.03162         0    0    5   1.45613       -0.0005745043   0.0000700060


     q= 0.6667 0.6667 0.0000  nmtx=      48  nrk= 63

           independent matrix elements of chi       spin index= 1 1

          g          g**2          gp          gp**2          chi(g, gp)
   -1   -1    0   0.16506        -1   -1    0   0.16506       -0.0071889822   0.0000000000
   -1   -1   -1   0.18275        -1   -1   -1   0.18275       -0.0071121633   0.0000000000
   -1   -1    1   0.18275        -1   -1    1   0.18275       -0.0071110521   0.0000000000


     q= 0.3810 0.8095 0.0000  nmtx=      43  nrk= 63

           independent matrix elements of chi       spin index= 1 1

          g          g**2          gp          gp**2          chi(g, gp)
    0   -1    0   0.37728         0   -1    0   0.37728       -0.0075775426   0.0000000000
    0   -1   -1   0.39496         0   -1   -1   0.39496       -0.0073848383   0.0000000000
    0    0    0   0.73097         0   -1    0   0.37728        0.0024263078   0.0014993978
    0    0    0   0.73097         0   -1   -1   0.39496       -0.0023078342  -0.0016213125
    0    0    0   0.73097         0   -1    6   1.01405        0.0005309807   0.0029388016
    0    0    0   0.73097        -1   -1   -6   1.08479        0.0004608496  -0.0027835459
   -1   -1   -4   0.73103        -1   -1   -6   1.08479       -0.0040319618   0.0000907855


     q= 0.0952 0.9524 0.0000  nmtx=      38  nrk= 63

           independent matrix elements of chi       spin index= 1 1

          g          g**2          gp          gp**2          chi(g, gp)
    0   -1    0   0.02358         0   -1    0   0.02358       -0.0021889664   0.0000000000
    0   -1   -1   0.04127         0   -1   -1   0.04127       -0.0027748335   0.0000000000
    0   -1   -8   1.15562        -1   -1   -4   1.43842        0.0007343591   0.0011684545
    0   -1    8   1.15562        -1   -1    4   1.43842        0.0007360432   0.0011691186


     q= 0.1429 0.0952 0.0000  nmtx=      38  nrk= 63

           independent matrix elements of chi       spin index= 1 1

          g          g**2          gp          gp**2          chi(g, gp)
    0    0    0   0.02358         0    0    0   0.02358       -0.0021889664   0.0000000000
    0    0    0   0.02358         0    0   -1   0.04127        0.0020622162  -0.0000023409
    0    0    0   0.02358        -1   -1   -4   1.43842        0.0005273227  -0.0001982220
    0    0    0   0.02358        -1   -1    4   1.43842        0.0005274890  -0.0001984598
    0    0   -1   0.04127         0    0   -1   0.04127       -0.0027747581   0.0000000000
    0    0   -8   1.15562        -1   -1   -4   1.43842        0.0007360434  -0.0011691186
    0    0    8   1.15562        -1   -1    4   1.43842        0.0007343591  -0.0011684548


     q= 0.8571 0.2381 0.0000  nmtx=      41  nrk= 63

           independent matrix elements of chi       spin index= 1 1

          g          g**2          gp          gp**2          chi(g, gp)
   -1    0    0   0.16506        -1    0    0   0.16506       -0.0072643226   0.0000000000
   -1    0   -1   0.18275        -1    0   -1   0.18275       -0.0071812044   0.0000000000
   -1    0   -6   0.80183         0    0    4   1.15546        0.0009727583  -0.0016354115
   -1    0    6   0.80183        -1   -1   -5   1.17318       -0.0013617180  -0.0010688215


     q= 0.5714 0.3810 0.0000  nmtx=      43  nrk= 63

           independent matrix elements of chi       spin index= 1 1

          g          g**2          gp          gp**2          chi(g, gp)
    0    0    0   0.37728         0    0    0   0.37728       -0.0075775427   0.0000000000
    0    0    0   0.37728         0    0   -1   0.39496        0.0071588370  -0.0000367823
    0    0    0   0.37728         0    0    6   1.01405       -0.0010179363   0.0004215916
    0    0    0   0.37728        -1   -1   -6   1.08479        0.0008337367  -0.0030868639
    0    0   -1   0.39496         0    0   -1   0.39496       -0.0073842391   0.0000000000
   -1    0    0   0.73097         0    0    6   1.01405        0.0005336751  -0.0029392223
   -1   -1   -4   0.73103        -1   -1   -6   1.08479       -0.0040319978  -0.0000924547


     q= 0.2857 0.5238 0.0000  nmtx=      45  nrk= 63

           independent matrix elements of chi       spin index= 1 1

          g          g**2          gp          gp**2          chi(g, gp)
    0    0    0   0.30654         0    0    0   0.30654       -0.0078372661   0.0000000000
    0    0    0   0.30654         0    0   -1   0.32422        0.0074014749  -0.0000094254
    0    0    0   0.30654        -1   -1    5   1.03170       -0.0011587502   0.0027867610
    0    0    0   0.30654         0   -1   -5   1.10244       -0.0011791456  -0.0026586039
    0    0   -1   0.32422         0    0   -1   0.32422       -0.0076394475   0.0000000000
    0   -1    1   0.67792        -1   -1    5   1.03170        0.0007903395   0.0022477530
    0   -1   -2   0.73099         0   -1   -5   1.10244        0.0031486156  -0.0002100750


     q= 0.0000 0.6667 0.0000  nmtx=      48  nrk= 63

           independent matrix elements of chi       spin index= 1 1

          g          g**2          gp          gp**2          chi(g, gp)
    0   -1    0   0.16506         0   -1    0   0.16506       -0.0071889821   0.0000000000
    0   -1   -1   0.18275         0   -1   -1   0.18275       -0.0071110520   0.0000000000
    0   -1    1   0.18275         0   -1    1   0.18275       -0.0071121632   0.0000000000


     q= 0.7143 0.8095 0.0000  nmtx=      42  nrk= 63

           independent matrix elements of chi       spin index= 1 1

          g          g**2          gp          gp**2          chi(g, gp)
   -1   -1    0   0.09432        -1   -1    0   0.09432       -0.0058063951   0.0000000000
   -1   -1   -1   0.11201        -1   -1   -1   0.11201       -0.0059277648   0.0000000000
    0    0   -2   0.94320        -1   -1    8   1.22636        0.0006260501  -0.0018008861
    0    0    2   0.94320         0   -1   -4   1.29694        0.0003157199   0.0017035640


     q= 0.4286 0.9524 0.0000  nmtx=      50  nrk= 63

           independent matrix elements of chi       spin index= 1 1

          g          g**2          gp          gp**2          chi(g, gp)
    0   -1    0   0.30654         0   -1    0   0.30654       -0.0075959906   0.0000000000
    0   -1   -1   0.32422         0   -1   -1   0.32422       -0.0074155999   0.0000000000
    0   -1    1   0.32422         0   -1    1   0.32422       -0.0074143435   0.0000000000
    0    0    0   1.01393         0   -1    0   0.30654        0.0021506817   0.0010480854
    0    0    0   1.01393         0   -1   -1   0.32422       -0.0020337688  -0.0011751753
    0    0    0   1.01393         0   -1    1   0.32422       -0.0020323547  -0.0011745461
    0    0    0   1.01393         0    0   -5   1.45613        0.0010920384   0.0000747030
    0    0    0   1.01393         0    0    5   1.45613        0.0010918869   0.0000728237
    0    0   -1   1.03162         0    0    5   1.45613       -0.0005743493  -0.0000687745


     q= 0.3333 0.0000 0.0000  nmtx=      48  nrk= 63

           independent matrix elements of chi       spin index= 1 1

          g          g**2          gp          gp**2          chi(g, gp)
    0    0    0   0.16506         0    0    0   0.16506       -0.0071889818   0.0000000000
    0    0    0   0.16506         0    0   -1   0.18275        0.0067791370   0.0000463413
    0    0    0   0.16506         0    0    1   0.18275        0.0067785630   0.0000447657
    0    0   -1   0.18275         0    0   -1   0.18275       -0.0071121628   0.0000000000
    0    0    1   0.18275         0    0    1   0.18275       -0.0071110517   0.0000000000


     q= 0.0476 0.1429 0.0000  nmtx=      38  nrk= 63

           independent matrix elements of chi       spin index= 1 1

          g          g**2          gp          gp**2          chi(g, gp)
    0    0    0   0.02358         0    0    0   0.02358       -0.0021889665   0.0000000000
    0    0    0   0.02358         0    0   -1   0.04127        0.0020622550   0.0000028664
    0    0    0   0.02358         0   -1   -4   1.43842        0.0005274890   0.0001984595
    0    0    0   0.02358         0   -1    4   1.43842        0.0005273227   0.0001982218
    0    0   -1   0.04127         0    0   -1   0.04127       -0.0027748335   0.0000000000
    0    0   -8   1.15562         0   -1   -4   1.43842        0.0007343591   0.0011684549
    0    0    8   1.15562         0   -1    4   1.43842        0.0007360434   0.0011691187


     q= 0.7619 0.2857 0.0000  nmtx=      45  nrk= 63

           independent matrix elements of chi       spin index= 1 1

          g          g**2          gp          gp**2          chi(g, gp)
   -1    0    0   0.30654        -1    0    0   0.30654       -0.0078372663   0.0000000000
   -1    0   -1   0.32422        -1    0   -1   0.32422       -0.0076396313   0.0000000000
    0    0    1   0.67792        -1   -1    5   1.03170        0.0007932285  -0.0022488384
    0    0   -2   0.73099         0    0   -5   1.10244        0.0031489842   0.0002123863


     q= 0.4762 0.4286 0.0000  nmtx=      50  nrk= 63

           independent matrix elements of chi       spin index= 1 1

          g          g**2          gp          gp**2          chi(g, gp)
    0    0    0   0.30654         0    0    0   0.30654       -0.0075959906   0.0000000000
    0    0    0   0.30654         0    0   -1   0.32422        0.0071709831  -0.0000643147
    0    0    0   0.30654         0    0    1   0.32422        0.0071716380  -0.0000658017
    0    0    0   0.30654        -1    0   -5   1.45613       -0.0011049324  -0.0021496224
    0    0    0   0.30654        -1    0    5   1.45613       -0.0011027799  -0.0021486717
    0    0   -1   0.32422         0    0   -1   0.32422       -0.0074143431   0.0000000000
    0    0    1   0.32422         0    0    1   0.32422       -0.0074156004   0.0000000000
   -1    0    0   1.01393        -1    0   -5   1.45613        0.0010918869  -0.0000728234
   -1    0   -1   1.03162        -1    0    5   1.45613       -0.0005745044   0.0000700056


     q= 0.1905 0.5714 0.0000  nmtx=      43  nrk= 63

           independent matrix elements of chi       spin index= 1 1

          g          g**2          gp          gp**2          chi(g, gp)
    0    0    0   0.37728         0    0    0   0.37728       -0.0075775426   0.0000000000
    0    0    0   0.37728         0    0   -1   0.39496        0.0071591515   0.0000383008
    0    0    0   0.37728         0    0    6   1.01405       -0.0010174164  -0.0004202087
    0    0    0   0.37728         0   -1   -6   1.08479        0.0008364596   0.0030875991
    0    0   -1   0.39496         0    0   -1   0.39496       -0.0073848385   0.0000000000
   -1   -1    0   0.73097         0    0    6   1.01405        0.0005309806   0.0029388018
    0   -1   -4   0.73103         0   -1   -6   1.08479       -0.0040319615   0.0000907855


     q= 0.9048 0.7143 0.0000  nmtx=      42  nrk= 63

           independent matrix elements of chi       spin index= 1 1

          g          g**2          gp          gp**2          chi(g, gp)
   -1   -1    0   0.09432        -1   -1    0   0.09432       -0.0058063954   0.0000000000
   -1   -1   -1   0.11201        -1   -1   -1   0.11201       -0.0059273737   0.0000000000
   -1    0   -2   0.94320        -1   -1    8   1.22636        0.0006258189   0.0018019609
   -1    0    2   0.94320         0    0   -4   1.29694        0.0003140300  -0.0017016651


     q= 0.6190 0.8571 0.0000  nmtx=      41  nrk= 63

           independent matrix elements of chi       spin index= 1 1

          g          g**2          gp          gp**2          chi(g, gp)
   -1   -1    0   0.16506        -1   -1    0   0.16506       -0.0072643225   0.0000000000
   -1   -1   -1   0.18275        -1   -1   -1   0.18275       -0.0071807508   0.0000000000
   -1   -1   -6   0.80183         0    0    4   1.15546        0.0009727921   0.0016372319
   -1   -1    6   0.80183         0   -1   -5   1.17318       -0.0013624452   0.0010715187


     q= 0.2381 0.0476 0.0000  nmtx=      42  nrk= 63

           independent matrix elements of chi       spin index= 1 1

          g          g**2          gp          gp**2          chi(g, gp)
    0    0    0   0.07074         0    0    0   0.07074       -0.0049344867   0.0000000000
    0    0    0   0.07074         0    0   -1   0.08843        0.0046492185   0.0000170677
    0    0    0   0.07074        -1   -1    3   1.29102       -0.0009419179   0.0007986922
    0    0    0   0.07074         0    1    0   1.34405        0.0008916056  -0.0003604971
    0    0   -1   0.08843         0    0   -1   0.08843       -0.0051712660   0.0000000000
    0    0   -7   0.93746        -1   -1    3   1.29102        0.0006998479  -0.0015570728
    0    0    7   0.93746         0    1    0   1.34405       -0.0003081164   0.0022249456


     q= 0.9524 0.1905 0.0000  nmtx=      42  nrk= 63

           independent matrix elements of chi       spin index= 1 1

          g          g**2          gp          gp**2          chi(g, gp)
   -1    0    0   0.07074        -1    0    0   0.07074       -0.0049344870   0.0000000000
   -1    0   -1   0.08843        -1    0   -1   0.08843       -0.0051712662   0.0000000000
   -1    0   -7   0.93746         0    0    3   1.29102        0.0006998475  -0.0015570724
   -1    0    7   0.93746        -2   -1    0   1.34405       -0.0003081164   0.0022249460


     q= 0.6667 0.3333 0.0000  nmtx=      45  nrk= 63

           independent matrix elements of chi       spin index= 1 1

          g          g**2          gp          gp**2          chi(g, gp)
    0    0    0   0.49517         0    0    0   0.49517       -0.0071905836   0.0000000000
    0    0    0   0.49517        -1   -1    0   0.49517        0.0024872949  -0.0017875755
    0    0    0   0.49517        -1    0    5   0.93738       -0.0009818213  -0.0030130225
    0    0    0   0.49517         0    0   -6   1.13195       -0.0009526261  -0.0000006317
   -1   -1    0   0.49517        -1   -1    0   0.49517       -0.0071905848   0.0000000000
    0    0    3   0.65437        -1    0    5   0.93738        0.0013994892   0.0016464240
   -1   -1   -3   0.65437         0    0   -6   1.13195       -0.0011106660  -0.0018340266


     q= 0.3810 0.4762 0.0000  nmtx=      48  nrk= 63

           independent matrix elements of chi       spin index= 1 1

          g          g**2          gp          gp**2          chi(g, gp)
    0    0    0   0.28296         0    0    0   0.28296       -0.0076927482   0.0000000000
    0    0    0   0.28296         0    0   -1   0.30065        0.0072617568  -0.0000536582
    0    0    0   0.28296         0    0    1   0.30065        0.0072623167  -0.0000552129
    0    0   -1   0.30065         0    0   -1   0.30065       -0.0075112202   0.0000000000
    0    0    1   0.30065         0    0    1   0.30065       -0.0075122964   0.0000000000


     q= 0.0952 0.6190 0.0000  nmtx=      48  nrk= 63

           independent matrix elements of chi       spin index= 1 1

          g          g**2          gp          gp**2          chi(g, gp)
    0   -1    0   0.28296         0   -1    0   0.28296       -0.0076927482   0.0000000000
    0   -1   -1   0.30065         0   -1   -1   0.30065       -0.0075112207   0.0000000000
    0   -1    1   0.30065         0   -1    1   0.30065       -0.0075122962   0.0000000000


     q= 0.8095 0.7619 0.0000  nmtx=      42  nrk= 63

           independent matrix elements of chi       spin index= 1 1

          g          g**2          gp          gp**2          chi(g, gp)
   -1   -1    0   0.07074        -1   -1    0   0.07074       -0.0049344870   0.0000000000
   -1   -1   -1   0.08843        -1   -1   -1   0.08843       -0.0051712661   0.0000000000
   -1   -1   -7   0.93746        -1    0    3   1.29102        0.0006998479  -0.0015570729
   -1   -1    7   0.93746         0   -1    0   1.34405       -0.0003081166   0.0022249456


     q= 0.5238 0.9048 0.0000  nmtx=      48  nrk= 63

           independent matrix elements of chi       spin index= 1 1

          g          g**2          gp          gp**2          chi(g, gp)
   -1   -1    0   0.28296        -1   -1    0   0.28296       -0.0076927488   0.0000000000
   -1   -1   -1   0.30065        -1   -1   -1   0.30065       -0.0075112215   0.0000000000
   -1   -1    1   0.30065        -1   -1    1   0.30065       -0.0075122965   0.0000000000


     q= 0.5714 0.0476 0.0000  nmtx=      50  nrk= 63

           independent matrix elements of chi       spin index= 1 1

          g          g**2          gp          gp**2          chi(g, gp)
   -1    0    0   0.30654        -1    0    0   0.30654       -0.0075959916   0.0000000000
   -1    0   -1   0.32422        -1    0   -1   0.32422       -0.0074143444   0.0000000000
   -1    0    1   0.32422        -1    0    1   0.32422       -0.0074156009   0.0000000000
   -1   -1    0   1.01393        -1   -1   -5   1.45613        0.0010918875  -0.0000728240
   -1   -1   -1   1.03162        -1   -1    5   1.45613       -0.0005745044   0.0000700054


     q= 0.2857 0.1905 0.0000  nmtx=      42  nrk= 63

           independent matrix elements of chi       spin index= 1 1

          g          g**2          gp          gp**2          chi(g, gp)
    0    0    0   0.09432         0    0    0   0.09432       -0.0058063950   0.0000000000
    0    0    0   0.09432         0    0   -1   0.11201        0.0054716031  -0.0000137955
    0    0    0   0.09432         0    0    8   1.22636       -0.0007535779   0.0000534532
    0    0    0   0.09432        -1    0   -4   1.29694        0.0010873996   0.0011629298
    0    0   -1   0.11201         0    0   -1   0.11201       -0.0059273733   0.0000000000
   -1   -1   -2   0.94320         0    0    8   1.22636        0.0006258186   0.0018019607
   -1   -1    2   0.94320        -1    0   -4   1.29694        0.0003140301  -0.0017016647


     q= 0.0000 0.3333 0.0000  nmtx=      48  nrk= 63

           independent matrix elements of chi       spin index= 1 1

          g          g**2          gp          gp**2          chi(g, gp)
    0    0    0   0.16506         0    0    0   0.16506       -0.0071889820   0.0000000000
    0    0    0   0.16506         0    0   -1   0.18275        0.0067791373   0.0000463411
    0    0    0   0.16506         0    0    1   0.18275        0.0067785631   0.0000447659
    0    0   -1   0.18275         0    0   -1   0.18275       -0.0071121632   0.0000000000
    0    0    1   0.18275         0    0    1   0.18275       -0.0071110517   0.0000000000


     q= 0.7143 0.4762 0.0000  nmtx=      45  nrk= 63

           independent matrix elements of chi       spin index= 1 1

          g          g**2          gp          gp**2          chi(g, gp)
   -1   -1    0   0.30654        -1   -1    0   0.30654       -0.0078372671   0.0000000000
   -1   -1   -1   0.32422        -1   -1   -1   0.32422       -0.0076396325   0.0000000000
   -1    0    1   0.67792         0    0    5   1.03170        0.0007932283  -0.0022488383
   -1    0   -2   0.73099        -1    0   -5   1.10244        0.0031489845   0.0002123862


     q= 0.4286 0.6190 0.0000  nmtx=      43  nrk= 63

           independent matrix elements of chi       spin index= 1 1

          g          g**2          gp          gp**2          chi(g, gp)
   -1   -1    0   0.37728        -1   -1    0   0.37728       -0.0075775427   0.0000000000
   -1   -1   -1   0.39496        -1   -1   -1   0.39496       -0.0073848388   0.0000000000
    0   -1    0   0.73097        -1   -1    6   1.01405        0.0005309809   0.0029388019
    0    0   -4   0.73103         0    0   -6   1.08479       -0.0040319611   0.0000907857


     q= 0.1429 0.7619 0.0000  nmtx=      41  nrk= 63

           independent matrix elements of chi       spin index= 1 1

          g          g**2          gp          gp**2          chi(g, gp)
    0   -1    0   0.16506         0   -1    0   0.16506       -0.0072643220   0.0000000000
    0   -1   -1   0.18275         0   -1   -1   0.18275       -0.0071807502   0.0000000000
    0   -1   -6   0.80183        -1   -1    4   1.15546        0.0009727918   0.0016372321
    0   -1    6   0.80183         0    0   -5   1.17318       -0.0013624453   0.0010715188


     q= 0.8571 0.9048 0.0000  nmtx=      38  nrk= 63

           independent matrix elements of chi       spin index= 1 1

          g          g**2          gp          gp**2          chi(g, gp)
   -1   -1    0   0.02358        -1   -1    0   0.02358       -0.0021889665   0.0000000000
   -1   -1   -1   0.04127        -1   -1   -1   0.04127       -0.0027748334   0.0000000000
   -1   -1   -8   1.15562         0    0   -4   1.43842        0.0007343587   0.0011684543
   -1   -1    8   1.15562         0    0    4   1.43842        0.0007360436   0.0011691184


     q= 0.4762 0.0952 0.0000  nmtx=      48  nrk= 63

           independent matrix elements of chi       spin index= 1 1

          g          g**2          gp          gp**2          chi(g, gp)
    0    0    0   0.28296         0    0    0   0.28296       -0.0076927482   0.0000000000
    0    0    0   0.28296         0    0   -1   0.30065        0.0072623165   0.0000552129
    0    0    0   0.28296         0    0    1   0.30065        0.0072617570   0.0000536582
    0    0   -1   0.30065         0    0   -1   0.30065       -0.0075122959   0.0000000000
    0    0    1   0.30065         0    0    1   0.30065       -0.0075112208   0.0000000000


     q= 0.1905 0.2381 0.0000  nmtx=      42  nrk= 63

           independent matrix elements of chi       spin index= 1 1

          g          g**2          gp          gp**2          chi(g, gp)
    0    0    0   0.07074         0    0    0   0.07074       -0.0049344868   0.0000000000
    0    0    0   0.07074         0    0   -1   0.08843        0.0046489822  -0.0000159080
    0    0    0   0.07074         0   -1    3   1.29102       -0.0009408062  -0.0007980287
    0    0    0   0.07074        -1    0    0   1.34405        0.0008916055   0.0003604971
    0    0   -1   0.08843         0    0   -1   0.08843       -0.0051708062   0.0000000000
    0    0   -7   0.93746         0   -1    3   1.29102        0.0006996111   0.0015585934
    0    0    7   0.93746        -1    0    0   1.34405       -0.0003100847  -0.0022247736


     q= 0.9048 0.3810 0.0000  nmtx=      48  nrk= 63

           independent matrix elements of chi       spin index= 1 1

          g          g**2          gp          gp**2          chi(g, gp)
   -1    0    0   0.28296        -1    0    0   0.28296       -0.0076927481   0.0000000000
   -1    0   -1   0.30065        -1    0   -1   0.30065       -0.0075122962   0.0000000000
   -1    0    1   0.30065        -1    0    1   0.30065       -0.0075112204   0.0000000000


     q= 0.6190 0.5238 0.0000  nmtx=      48  nrk= 63

           independent matrix elements of chi       spin index= 1 1

          g          g**2          gp          gp**2          chi(g, gp)
   -1   -1    0   0.28296        -1   -1    0   0.28296       -0.0076927487   0.0000000000
   -1   -1   -1   0.30065        -1   -1   -1   0.30065       -0.0075122969   0.0000000000
   -1   -1    1   0.30065        -1   -1    1   0.30065       -0.0075112210   0.0000000000


     q= 0.3333 0.6667 0.0000  nmtx=      45  nrk= 63

           independent matrix elements of chi       spin index= 1 1

          g          g**2          gp          gp**2          chi(g, gp)
   -1   -1    0   0.49517        -1   -1    0   0.49517       -0.0071905840   0.0000000000
    0   -1    0   0.49517         0   -1    0   0.49517       -0.0071905841   0.0000000000
   -1   -1    3   0.65437         0    0    5   0.93738        0.0013995088   0.0016464469
    0   -1   -3   0.65437        -1   -1   -6   1.13195       -0.0011107566  -0.0018340866


     q= 0.0476 0.8095 0.0000  nmtx=      42  nrk= 63

           independent matrix elements of chi       spin index= 1 1

          g          g**2          gp          gp**2          chi(g, gp)
    0   -1    0   0.07074         0   -1    0   0.07074       -0.0049344869   0.0000000000
    0   -1   -1   0.08843         0   -1   -1   0.08843       -0.0051708063   0.0000000000
    0   -1   -7   0.93746        -1   -1    3   1.29102        0.0006996108   0.0015585938
    0   -1    7   0.93746         1    0    0   1.34405       -0.0003100852  -0.0022247732


     q= 0.7619 0.9524 0.0000  nmtx=      42  nrk= 63

           independent matrix elements of chi       spin index= 1 1

          g          g**2          gp          gp**2          chi(g, gp)
   -1   -1    0   0.07074        -1   -1    0   0.07074       -0.0049344870   0.0000000000
   -1   -1   -1   0.08843        -1   -1   -1   0.08843       -0.0051708063   0.0000000000
   -1   -1   -7   0.93746         0    0    3   1.29102        0.0006996111   0.0015585933
   -1   -1    7   0.93746        -1   -2    0   1.34405       -0.0003100848  -0.0022247739


     q= 0.6667 0.0000 0.0000  nmtx=      48  nrk= 63

           independent matrix elements of chi       spin index= 1 1

          g          g**2          gp          gp**2          chi(g, gp)
   -1    0    0   0.16506        -1    0    0   0.16506       -0.0071889825   0.0000000000
   -1    0   -1   0.18275        -1    0   -1   0.18275       -0.0071110525   0.0000000000
   -1    0    1   0.18275        -1    0    1   0.18275       -0.0071121636   0.0000000000


     q= 0.3810 0.1429 0.0000  nmtx=      41  nrk= 63

           independent matrix elements of chi       spin index= 1 1

          g          g**2          gp          gp**2          chi(g, gp)
    0    0    0   0.16506         0    0    0   0.16506       -0.0072643223   0.0000000000
    0    0    0   0.16506         0    0   -1   0.18275        0.0068507916   0.0000196816
    0    0    0   0.16506        -1   -1    4   1.15546        0.0013517896  -0.0017907419
    0    0    0   0.16506        -1    0   -5   1.17318       -0.0011303997  -0.0020097999
    0    0   -1   0.18275         0    0   -1   0.18275       -0.0071812041   0.0000000000
    0    0   -6   0.80183        -1   -1    4   1.15546        0.0009727590  -0.0016354117
    0    0    6   0.80183        -1    0   -5   1.17318       -0.0013617171  -0.0010688210


     q= 0.0952 0.2857 0.0000  nmtx=      42  nrk= 63

           independent matrix elements of chi       spin index= 1 1

          g          g**2          gp          gp**2          chi(g, gp)
    0    0    0   0.09432         0    0    0   0.09432       -0.0058063950   0.0000000000
    0    0    0   0.09432         0    0   -1   0.11201        0.0054718047   0.0000151461
    0    0    0   0.09432         0    0    8   1.22636       -0.0007536832  -0.0000545879
    0    0    0   0.09432        -1   -1   -4   1.29694        0.0010859857  -0.0011621297
    0    0   -1   0.11201         0    0   -1   0.11201       -0.0059277647   0.0000000000
    0   -1   -2   0.94320         0    0    8   1.22636        0.0006260501  -0.0018008865
    0   -1    2   0.94320        -1   -1   -4   1.29694        0.0003157202   0.0017035646


     q= 0.8095 0.4286 0.0000  nmtx=      43  nrk= 63

           independent matrix elements of chi       spin index= 1 1

          g          g**2          gp          gp**2          chi(g, gp)
   -1   -1    0   0.37728        -1   -1    0   0.37728       -0.0075775436   0.0000000000
   -1   -1   -1   0.39496        -1   -1   -1   0.39496       -0.0073842406   0.0000000000
    0    0    0   0.73097        -1   -1    0   0.37728        0.0024263072  -0.0014993982
    0    0    0   0.73097        -1   -1   -1   0.39496       -0.0023062297   0.0016206065
    0    0    0   0.73097        -1   -1    6   1.01405        0.0005336757  -0.0029392219
    0    0    0   0.73097        -1    0   -6   1.08479        0.0004633949   0.0027840064
   -1    0   -4   0.73103        -1    0   -6   1.08479       -0.0040319971  -0.0000924546


     q= 0.5238 0.5714 0.0000  nmtx=      50  nrk= 63

           independent matrix elements of chi       spin index= 1 1

          g          g**2          gp          gp**2          chi(g, gp)
   -1   -1    0   0.30654        -1   -1    0   0.30654       -0.0075959907   0.0000000000
   -1   -1   -1   0.32422        -1   -1   -1   0.32422       -0.0074156005   0.0000000000
   -1   -1    1   0.32422        -1   -1    1   0.32422       -0.0074143434   0.0000000000
    0   -1    0   1.01393         0   -1   -5   1.45613        0.0010920384   0.0000747034
    0   -1   -1   1.03162         0   -1    5   1.45613       -0.0005743493  -0.0000687739


     q= 0.2381 0.7143 0.0000  nmtx=      45  nrk= 63

           independent matrix elements of chi       spin index= 1 1

          g          g**2          gp          gp**2          chi(g, gp)
    0   -1    0   0.30654         0   -1    0   0.30654       -0.0078372658   0.0000000000
    0   -1   -1   0.32422         0   -1   -1   0.32422       -0.0076394475   0.0000000000
   -1   -1    1   0.67792         0    0    5   1.03170        0.0007903394   0.0022477528
   -1   -1   -2   0.73099        -1   -1   -5   1.10244        0.0031486159  -0.0002100753


     q= 0.9524 0.8571 0.0000  nmtx=      38  nrk= 63

           independent matrix elements of chi       spin index= 1 1

          g          g**2          gp          gp**2          chi(g, gp)
   -1   -1    0   0.02358        -1   -1    0   0.02358       -0.0021889665   0.0000000000
   -1   -1   -1   0.04127        -1   -1   -1   0.04127       -0.0027747581   0.0000000000
   -1   -1   -8   1.15562        -1    0   -4   1.43842        0.0007360434  -0.0011691185
   -1   -1    8   1.15562        -1    0    4   1.43842        0.0007343590  -0.0011684545
