
 BerkeleyGW version 3.0+git 62970aa-dirty by Woochang Kim <wkim94@login01.chn> at 2023-04-28 13:53:23 -0700
 Epsilon code, Complex version, run on 19-May-2023 at 14:25:57 -0700

 Running MPI version (parallel)
 Running with 128 MPI task(s)
 Computing the static inverse dielectric matrix

 We are using matrix communication scheme

 We are communicating via MPI

 We are using a truncated Coulomb interaction: cell slab
 Highest occupied band (unshifted grid) = 91
 Valence max    (unshifted grid) = -1.604594 eV
 Conduction min (unshifted grid) = .449381 eV
 Middle energy  (unshifted grid) = -.577607 eV
 Fermi  energy  (unshifted grid) = -.577607 eV

 Running with 16 valence pools
 Number of conduction bands per processor: 4
 Number of valence bands per processor: 6

 Memory available: 3791.6 MB per PE
 Memory required for execution: 35.0 MB per PE
 Memory required for vcoul: .0 MB per PE

 Cell Volume = 0.101481386E+05

 Number of electrons per unit cell (from ifmax) = 182.000000
 Number of electrons per unit cell (from occupations) = 182.000000
 Plasma Frequency = .949462 Ry

 - Screened Coulomb cutoff: 2.000 Ry
 - Total number of bands: 119
 - Number of q-points: 1

 Scissors parameters:
 - Valence:    es =   0.0000 eV, e0 =   0.0000 eV, edel =   0.0000
 - Conduction: es =   0.0000 eV, e0 =   0.0000 eV, edel =   0.0000


     q= 0.3333 0.3333 0.0000  nmtx=     478  nrk=  9

           independent matrix elements of chi       spin index= 1 1

          g          g**2          gp          gp**2          chi(g, gp)
    0    0    0   0.02358         0    0    0   0.02358       -0.0021895675   0.0000000000
    0    0    0   0.02358         0    0   -1   0.04127        0.0020627887   0.0000026249
    0    0    0   0.02358         0    0    1   0.04127        0.0020627858   0.0000025867
    0    0    0   0.02358        -1   -1    0   0.09432       -0.0000000014   0.0000000017
    0    0    0   0.02358         0    0   -2   0.09433       -0.0017243550  -0.0000092608
    0    0    0   0.02358         0    0    2   0.09433       -0.0017243502  -0.0000091935
    0    0    0   0.02358        -1   -1   -1   0.11201        0.0000000012  -0.0000000015
    0    0    0   0.02358        -1   -1    1   0.11201        0.0000000012  -0.0000000015
    0    0    0   0.02358        -1    0    0   0.16506        0.0000000095   0.0000000037
    0    0    0   0.02358         0   -1    0   0.16506       -0.0000000012   0.0000000034
    0    0    0   0.02358        -1   -1   -2   0.16507       -0.0000000006   0.0000000012
    0    0    0   0.02358        -1   -1    2   0.16507       -0.0000000006   0.0000000010
    0    0    0   0.02358        -1    0   -1   0.18275       -0.0000000098  -0.0000000039
    0    0    0   0.02358        -1    0    1   0.18275       -0.0000000099  -0.0000000039
    0    0    0   0.02358         0   -1   -1   0.18275        0.0000000013  -0.0000000032
    0    0    0   0.02358         0   -1    1   0.18275        0.0000000012  -0.0000000033
    0    0    0   0.02358         0    0   -3   0.18277        0.0012793576   0.0000168716
    0    0    0   0.02358         0    0    3   0.18277        0.0012793520   0.0000167912
    0    0    0   0.02358        -1    0   -2   0.23581        0.0000000109   0.0000000045
    0    0    0   0.02358        -1    0    2   0.23581        0.0000000110   0.0000000044
    0    0    0   0.02358         0   -1   -2   0.23581       -0.0000000015   0.0000000029
    0    0    0   0.02358         0   -1    2   0.23581       -0.0000000013   0.0000000030
    0    0    0   0.02358        -1   -1   -3   0.25351       -0.0000000003  -0.0000000007
    0    0    0   0.02358        -1   -1    3   0.25351       -0.0000000003  -0.0000000005
    0    0    0   0.02358         1    0    0   0.30654       -0.0000000040  -0.0000000141
    0    0    0   0.02358         0    1    0   0.30654        0.0000000030  -0.0000000059
    0    0    0   0.02358         0    0   -4   0.30659       -0.0008483133  -0.0000221899
    0    0    0   0.02358         0    0    4   0.30659       -0.0008483084  -0.0000221158
    0    0    0   0.02358         1    0   -1   0.32422        0.0000000049   0.0000000135
    0    0    0   0.02358         3    2   -2   1.93355        0.0000000015  -0.0000000012
    0    0    0   0.02358         3    2    2   1.93355        0.0000000015  -0.0000000013
    0    0    0   0.02358         2    3   -2   1.93355        0.0002254946  -0.0002457138
    0    0    0   0.02358         2    3    2   1.93355        0.0002255387  -0.0002457456
    0    0    0   0.02358        -1    0  -10   1.93387        0.0000000057   0.0000000049
    0    0    0   0.02358        -1    0   10   1.93387        0.0000000054   0.0000000053
    0    0    0   0.02358         0   -1  -10   1.93387       -0.0000000005   0.0000000040
    0    0    0   0.02358         0   -1   10   1.93387       -0.0000000007   0.0000000039
    0    0    0   0.02358         3    1   -3   1.95125       -0.0000280480  -0.0003916613
    0    0    0   0.02358         3    1    3   1.95125       -0.0000279936  -0.0003916343
    0    0    0   0.02358         1    3   -3   1.95125        0.0000000082  -0.0000000071
    0    0    0   0.02358         1    3    3   1.95125        0.0000000085  -0.0000000069
    0    0    0   0.02358        -3   -3   -5   1.95131        0.0000000035   0.0000000099
    0    0    0   0.02358        -3   -3    5   1.95131        0.0000000032   0.0000000098
    0    0   -1   0.04127         0    0   -1   0.04127       -0.0027755050   0.0000000000
    0    0    1   0.04127         0    0    1   0.04127       -0.0027754995   0.0000000000
   -1   -1    0   0.09432        -1   -1    0   0.09432       -0.0058079791   0.0000000000
    0    0   -2   0.09433         0    0   -2   0.09433       -0.0042097531   0.0000000000
    0    0    2   0.09433         0    0    2   0.09433       -0.0042097444   0.0000000000
   -1   -1   -1   0.11201        -1   -1   -1   0.11201       -0.0059291613   0.0000000000
   -1   -1    1   0.11201        -1   -1    1   0.11201       -0.0059291894   0.0000000000
   -1    0    0   0.16506        -1    0    0   0.16506       -0.0072662227   0.0000000000
    0   -1    0   0.16506         0   -1    0   0.16506       -0.0071907704   0.0000000000
   -1   -1   -2   0.16507        -1   -1   -2   0.16507       -0.0062299868   0.0000000000
   -1   -1    2   0.16507        -1   -1    2   0.16507       -0.0062300310   0.0000000000
   -1    0   -1   0.18275        -1    0   -1   0.18275       -0.0071828578   0.0000000000
   -1    0    1   0.18275        -1    0    1   0.18275       -0.0071828905   0.0000000000
    0   -1   -1   0.18275         0   -1   -1   0.18275       -0.0071134369   0.0000000000
    0   -1    1   0.18275         0   -1    1   0.18275       -0.0071133566   0.0000000000
    0    0   -3   0.18277         0    0   -3   0.18277       -0.0057672568   0.0000000000
    0    0    3   0.18277         0    0    3   0.18277       -0.0057672482   0.0000000000
   -1    0   -2   0.23581        -1    0   -2   0.23581       -0.0069785734   0.0000000000
   -1    0    2   0.23581        -1    0    2   0.23581       -0.0069786248   0.0000000000
    0   -1   -2   0.23581         0   -1   -2   0.23581       -0.0069222909   0.0000000000
    0   -1    2   0.23581         0   -1    2   0.23581       -0.0069221650   0.0000000000
   -1   -1   -3   0.25351        -1   -1   -3   0.25351       -0.0065567418   0.0000000000
   -1   -1    3   0.25351        -1   -1    3   0.25351       -0.0065567847   0.0000000000
    1    0    0   0.30654         1    0    0   0.30654       -0.0075976238   0.0000000000
    0    1    0   0.30654         0    1    0   0.30654       -0.0078392452   0.0000000000
    0    0   -4   0.30659         0    0   -4   0.30659       -0.0068131535   0.0000000000
    0    0    4   0.30659         0    0    4   0.30659       -0.0068131478   0.0000000000
    1    0   -1   0.32422         1    0   -1   0.32422       -0.0074165596   0.0000000000
   -3   -2    2   1.22616         3    2   -2   1.93355        0.0000000137  -0.0000000147
   -2   -3   -2   1.22616         3    2    2   1.93355       -0.0000000015  -0.0000000050
   -2   -3    2   1.22616         2    3   -2   1.93355        0.0007959913   0.0004446307
   -2   -2   -6   1.22627         2    3    2   1.93355        0.0000000070  -0.0000000028
   -2   -2    6   1.22627        -1    0  -10   1.93387        0.0000000029   0.0000000034
   -1   -1   -8   1.22636        -1    0   10   1.93387        0.0000000025  -0.0000000093
   -1   -1    8   1.22636         0   -1  -10   1.93387        0.0000000061  -0.0000000176
   -3   -1   -1   1.24383         0   -1   10   1.93387       -0.0000000078   0.0000000056
   -3   -1    1   1.24383         3    1   -3   1.95125        0.0007909439  -0.0004026939
   -1   -3   -1   1.24383         3    1    3   1.95125        0.0000000015   0.0000000045
   -1   -3    1   1.24383         1    3   -3   1.95125        0.0000000052   0.0000000017
    1    1   -7   1.24399         1    3    3   1.95125       -0.0000000104   0.0000000064
    1    1    7   1.24399        -3   -3   -5   1.95131        0.0000000030  -0.0000000186
   -3   -1   -2   1.29690        -3   -3    5   1.95131        0.0000000061  -0.0000000051
