
 BerkeleyGW version 3.0+git 62970aa-dirty by Woochang Kim <wkim94@login01.chn> at 2023-04-28 13:53:23 -0700
 Epsilon code, Complex version, run on 19-May-2023 at 14:25:31 -0700

 Running MPI version (parallel)
 Running with 128 MPI task(s)
 Computing the static inverse dielectric matrix

 We are using matrix communication scheme

 We are communicating via MPI

 We are using a truncated Coulomb interaction: cell slab
 Highest occupied band (unshifted grid) = 91
 Valence max    (unshifted grid) = -1.604594 eV
 Conduction min (unshifted grid) = .449381 eV
 Middle energy  (unshifted grid) = -.577607 eV
 Fermi  energy  (unshifted grid) = -.577607 eV

 Running with 16 valence pools
 Number of conduction bands per processor: 4
 Number of valence bands per processor: 6

 Memory available: 3799.3 MB per PE
 Memory required for execution: 35.0 MB per PE
 Memory required for vcoul: .0 MB per PE

 Cell Volume = 0.101481386E+05

 Number of electrons per unit cell (from ifmax) = 182.000000
 Number of electrons per unit cell (from occupations) = 182.000000
 Plasma Frequency = .949462 Ry

 - Screened Coulomb cutoff: 2.000 Ry
 - Total number of bands: 119
 - Number of q-points: 1

 Scissors parameters:
 - Valence:    es =   0.0000 eV, e0 =   0.0000 eV, edel =   0.0000
 - Conduction: es =   0.0000 eV, e0 =   0.0000 eV, edel =   0.0000


     q= 0.0000 0.6667 0.0000  nmtx=     478  nrk=  9

           independent matrix elements of chi       spin index= 1 1

          g          g**2          gp          gp**2          chi(g, gp)
    0   -1    0   0.02358         0   -1    0   0.02358       -0.0021895674   0.0000000000
    0   -1   -1   0.04127         0   -1   -1   0.04127       -0.0027755049   0.0000000000
    0   -1    1   0.04127         0   -1    1   0.04127       -0.0027754995   0.0000000000
    0    0    0   0.09432         0   -1    0   0.02358        0.0000000003  -0.0000000011
    0    0    0   0.09432         0   -1   -1   0.04127       -0.0000000001   0.0000000007
    0    0    0   0.09432         0   -1    1   0.04127       -0.0000000005   0.0000000004
    0    0    0   0.09432         0    0    0   0.09432       -0.0058079792   0.0000000000
    0    0    0   0.09432         0   -1   -2   0.09433        0.0000000000   0.0000000007
    0    0    0   0.09432         0   -1    2   0.09433        0.0000000007   0.0000000012
    0    0    0   0.09432         0    0   -1   0.11201        0.0054731603  -0.0000144309
    0    0    0   0.09432         0    0    1   0.11201        0.0054731748  -0.0000145291
    0    0    0   0.09432        -1   -1    0   0.16506        0.0000000048  -0.0000000020
    0    0    0   0.09432         1    0    0   0.16506        0.0000000097  -0.0000000304
    0    0    0   0.09432         0    0   -2   0.16507       -0.0045774926   0.0000514314
    0    0    0   0.09432         0    0    2   0.16507       -0.0045775177   0.0000516062
    0    0    0   0.09432        -1   -1   -1   0.18275       -0.0000000046   0.0000000019
    0    0    0   0.09432        -1   -1    1   0.18275       -0.0000000047   0.0000000019
    0    0    0   0.09432         1    0   -1   0.18275       -0.0000000096   0.0000000293
    0    0    0   0.09432         1    0    1   0.18275       -0.0000000094   0.0000000291
    0    0    0   0.09432         0   -1   -3   0.18277       -0.0000000005  -0.0000000027
    0    0    0   0.09432         0   -1    3   0.18277       -0.0000000013  -0.0000000034
    0    0    0   0.09432        -1   -1   -2   0.23581        0.0000000043  -0.0000000017
    0    0    0   0.09432        -1   -1    2   0.23581        0.0000000045  -0.0000000017
    0    0    0   0.09432         1    0   -2   0.23581        0.0000000093  -0.0000000264
    0    0    0   0.09432         1    0    2   0.23581        0.0000000089  -0.0000000262
    0    0    0   0.09432         0    0   -3   0.25351        0.0033952226  -0.0000950825
    0    0    0   0.09432         0    0    3   0.25351        0.0033952516  -0.0000952943
    0    0    0   0.09432         1   -1    0   0.30654       -0.0000000031  -0.0000000003
    0    0    0   0.09432        -1   -2    0   0.30654       -0.0000000012  -0.0000000025
    0    0    0   0.09432         0   -1   -4   0.30659        0.0000000014   0.0000000048
    0    0    0   0.09432         0   -1    4   0.30659        0.0000000021   0.0000000054
    0    0    0   0.09432         1   -1   -1   0.32422        0.0000000021   0.0000000006
    0    0    0   0.09432         1   -3   -2   1.93355       -0.0000000013  -0.0000000006
    0    0    0   0.09432         1   -3    2   1.93355       -0.0000000016  -0.0000000007
    0    0    0   0.09432        -1   -4   -2   1.93355       -0.0000000028  -0.0000000145
    0    0    0   0.09432        -1   -4    2   1.93355       -0.0000000026  -0.0000000145
    0    0    0   0.09432        -1   -1  -10   1.93387        0.0000000013  -0.0000000006
    0    0    0   0.09432        -1   -1   10   1.93387        0.0000000013  -0.0000000002
    0    0    0   0.09432         1    0  -10   1.93387        0.0000000041  -0.0000000218
    0    0    0   0.09432         1    0   10   1.93387        0.0000000045  -0.0000000216
    0    0    0   0.09432         2   -2   -3   1.95125       -0.0000000004  -0.0000000148
    0    0    0   0.09432         2   -2    3   1.95125       -0.0000000006  -0.0000000150
    0    0    0   0.09432        -2   -4   -3   1.95125       -0.0000000030   0.0000000053
    0    0    0   0.09432        -2   -4    3   1.95125       -0.0000000029   0.0000000052
    0    0    0   0.09432         0    2   -5   1.95131        0.0000000141  -0.0000000066
    0    0    0   0.09432         0    2    5   1.95131        0.0000000140  -0.0000000067
    0   -1   -2   0.09433         0   -1   -2   0.09433       -0.0042097529   0.0000000000
    0   -1    2   0.09433         0   -1    2   0.09433       -0.0042097444   0.0000000000
    0    0   -1   0.11201         0    0   -1   0.11201       -0.0059291614   0.0000000000
    0    0    1   0.11201         0    0    1   0.11201       -0.0059291896   0.0000000000
   -1   -1    0   0.16506        -1   -1    0   0.16506       -0.0071907698   0.0000000000
    1    0    0   0.16506         1    0    0   0.16506       -0.0072662231   0.0000000000
    0    0   -2   0.16507         0    0   -2   0.16507       -0.0062299868   0.0000000000
    0    0    2   0.16507         0    0    2   0.16507       -0.0062300312   0.0000000000
   -1   -1   -1   0.18275        -1   -1   -1   0.18275       -0.0071134364   0.0000000000
   -1   -1    1   0.18275        -1   -1    1   0.18275       -0.0071133561   0.0000000000
    1    0   -1   0.18275         1    0   -1   0.18275       -0.0071828582   0.0000000000
    1    0    1   0.18275         1    0    1   0.18275       -0.0071828910   0.0000000000
    0   -1   -3   0.18277         0   -1   -3   0.18277       -0.0057672566   0.0000000000
    0   -1    3   0.18277         0   -1    3   0.18277       -0.0057672483   0.0000000000
   -1   -1   -2   0.23581        -1   -1   -2   0.23581       -0.0069222905   0.0000000000
   -1   -1    2   0.23581        -1   -1    2   0.23581       -0.0069221644   0.0000000000
    1    0   -2   0.23581         1    0   -2   0.23581       -0.0069785737   0.0000000000
    1    0    2   0.23581         1    0    2   0.23581       -0.0069786253   0.0000000000
    0    0   -3   0.25351         0    0   -3   0.25351       -0.0065567418   0.0000000000
    0    0    3   0.25351         0    0    3   0.25351       -0.0065567849   0.0000000000
    1   -1    0   0.30654         1   -1    0   0.30654       -0.0078392453   0.0000000000
   -1   -2    0   0.30654        -1   -2    0   0.30654       -0.0075976232   0.0000000000
    0   -1   -4   0.30659         0   -1   -4   0.30659       -0.0068131534   0.0000000000
    0   -1    4   0.30659         0   -1    4   0.30659       -0.0068131479   0.0000000000
    1   -1   -1   0.32422         1   -1   -1   0.32422       -0.0076415152   0.0000000000
   -1    1    2   1.22616         1   -3   -2   1.93355        0.0007959915   0.0004446307
    1    2   -2   1.22616         1   -3    2   1.93355       -0.0000000020  -0.0000000158
    1    2    2   1.22616        -1   -4   -2   1.93355        0.0000000052  -0.0000000013
    0    1   -6   1.22627        -1   -4    2   1.93355       -0.0006274276  -0.0001985528
    0    1    6   1.22627        -1   -1  -10   1.93387        0.0000000011  -0.0000000029
    0    0   -8   1.22636        -1   -1   10   1.93387        0.0000000035  -0.0000000033
    0    0    8   1.22636         1    0  -10   1.93387        0.0000000067  -0.0000000186
   -2    0   -1   1.24383         1    0   10   1.93387       -0.0000000072   0.0000000063
   -2    0    1   1.24383         2   -2   -3   1.95125        0.0000000057   0.0000000080
    2    2   -1   1.24383         2   -2    3   1.95125        0.0000000003  -0.0000000012
    2    2    1   1.24383        -2   -4   -3   1.95125        0.0007909441  -0.0004026936
    0   -2   -7   1.24399        -2   -4    3   1.95125       -0.0000000038   0.0000000034
    0   -2    7   1.24399         0    2   -5   1.95131        0.0000000046  -0.0000000048
   -2    0   -2   1.29690         0    2    5   1.95131        0.0000000091  -0.0000000022
