
 Output from checkbz on 26-Apr-2023 at 00:20:47 -0700:

Missing point:     0.000000    0.125000    0.000000
Missing point:     0.000000    0.250000    0.000000
Missing point:     0.000000    0.375000    0.000000
Missing point:     0.000000    0.500000    0.000000
Missing point:     0.000000    0.625000    0.000000
Missing point:     0.000000    0.750000    0.000000
Missing point:     0.000000    0.875000    0.000000
Missing point:     0.125000    0.000000    0.000000
Missing point:     0.125000    0.125000    0.000000
Missing point:     0.125000    0.250000    0.000000
Missing point:     0.125000    0.375000    0.000000
Missing point:     0.125000    0.500000    0.000000
Missing point:     0.125000    0.625000    0.000000
Missing point:     0.125000    0.750000    0.000000
Missing point:     0.125000    0.875000    0.000000
Missing point:     0.250000    0.000000    0.000000
Missing point:     0.250000    0.125000    0.000000
Missing point:     0.250000    0.250000    0.000000
Missing point:     0.250000    0.375000    0.000000
Missing point:     0.250000    0.500000    0.000000
Missing point:     0.250000    0.625000    0.000000
Missing point:     0.250000    0.750000    0.000000
Missing point:     0.250000    0.875000    0.000000
Missing point:     0.375000    0.000000    0.000000
Missing point:     0.375000    0.125000    0.000000
Missing point:     0.375000    0.250000    0.000000
Missing point:     0.375000    0.375000    0.000000
Missing point:     0.375000    0.500000    0.000000
Missing point:     0.375000    0.625000    0.000000
Missing point:     0.375000    0.750000    0.000000
Missing point:     0.375000    0.875000    0.000000
Missing point:     0.500000    0.000000    0.000000
Missing point:     0.500000    0.125000    0.000000
Missing point:     0.500000    0.250000    0.000000
Missing point:     0.500000    0.375000    0.000000
Missing point:     0.500000    0.500000    0.000000
Missing point:     0.500000    0.625000    0.000000
Missing point:     0.500000    0.750000    0.000000
Missing point:     0.500000    0.875000    0.000000
Missing point:     0.625000    0.000000    0.000000
Missing point:     0.625000    0.125000    0.000000
Missing point:     0.625000    0.250000    0.000000
Missing point:     0.625000    0.375000    0.000000
Missing point:     0.625000    0.500000    0.000000
Missing point:     0.625000    0.625000    0.000000
Missing point:     0.625000    0.750000    0.000000
Missing point:     0.625000    0.875000    0.000000
Missing point:     0.750000    0.000000    0.000000
Missing point:     0.750000    0.125000    0.000000
Missing point:     0.750000    0.250000    0.000000
Missing point:     0.750000    0.375000    0.000000
Missing point:     0.750000    0.500000    0.000000
Missing point:     0.750000    0.625000    0.000000
Missing point:     0.750000    0.750000    0.000000
Missing point:     0.750000    0.875000    0.000000
Missing point:     0.875000    0.000000    0.000000
Missing point:     0.875000    0.125000    0.000000
Missing point:     0.875000    0.250000    0.000000
Missing point:     0.875000    0.375000    0.000000
Missing point:     0.875000    0.500000    0.000000
Missing point:     0.875000    0.625000    0.000000
Missing point:     0.875000    0.750000    0.000000
Missing point:     0.875000    0.875000    0.000000

--------------------------------------------------------------------------------

