
 BerkeleyGW version 3.0
 Epsilon code, Complex version, run on 26-Apr-2023 at 00:20:47 -0700

 Running MPI version (parallel)
 Running with 128 MPI task(s)
 Computing the static inverse dielectric matrix

 We are using matrix communication scheme

 We are communicating via MPI

 We are using a truncated Coulomb interaction: cell slab
 Highest occupied band (unshifted grid) = 13
 Valence max    (unshifted grid) = -1.599740 eV
 Conduction min (unshifted grid) = .452664 eV
 Middle energy  (unshifted grid) = -.573538 eV
 Fermi  energy  (unshifted grid) = -.573538 eV

 Highest occupied band (shifted grid) = 13
 Running with 13 valence pools
 Number of conduction bands per processor: 1
 Number of valence bands per processor: 1

 Memory available: 3773.6 MB per PE
 Memory required for execution: 8.2 MB per PE
 Memory required for vcoul: .0 MB per PE

 Cell Volume = 0.144973408E+04

 Number of electrons per unit cell (from ifmax) = 26.000000
 Number of electrons per unit cell (from occupations) = 26.000000
 Plasma Frequency = .949462 Ry

 - Screened Coulomb cutoff: .500 Ry
 - Total number of bands: 17
 - Number of q-points: 63

 Scissors parameters:
 - Valence:    es =   0.0000 eV, e0 =   0.0000 eV, edel =   0.0000
 - Conduction: es =   0.0000 eV, e0 =   0.0000 eV, edel =   0.0000
 Highest occupied band (shifted grid) = 13


     q= 0.0004 0.0003 0.0000  nmtx=      11  nrk= 63

           independent matrix elements of chi       spin index= 1 1

          g          g**2          gp          gp**2          chi(g,gp)
    0    0    0   0.00000         0    0    0   0.00000       -0.0000000233   0.0000000000


     q= 0.7143 0.1429 0.0000  nmtx=       9  nrk= 63

           independent matrix elements of chi       spin index= 1 1

          g          g**2          gp          gp**2          chi(g,gp)
   -1    0    0   0.21222        -1    0    0   0.21222       -0.0076457571   0.0000000000


     q= 0.4286 0.2857 0.0000  nmtx=       9  nrk= 63

           independent matrix elements of chi       spin index= 1 1

          g          g**2          gp          gp**2          chi(g,gp)
    0    0    0   0.21222         0    0    0   0.21222       -0.0076457567   0.0000000000


     q= 0.1429 0.4286 0.0000  nmtx=       9  nrk= 63

           independent matrix elements of chi       spin index= 1 1

          g          g**2          gp          gp**2          chi(g,gp)
    0    0    0   0.21222         0    0    0   0.21222       -0.0076457565   0.0000000000


     q= 0.8571 0.5714 0.0000  nmtx=       9  nrk= 63

           independent matrix elements of chi       spin index= 1 1

          g          g**2          gp          gp**2          chi(g,gp)
   -1   -1    0   0.21222        -1   -1    0   0.21222       -0.0076457574   0.0000000000


     q= 0.5714 0.7143 0.0000  nmtx=       9  nrk= 63

           independent matrix elements of chi       spin index= 1 1

          g          g**2          gp          gp**2          chi(g,gp)
   -1   -1    0   0.21222        -1   -1    0   0.21222       -0.0076457565   0.0000000000


     q= 0.2857 0.8571 0.0000  nmtx=       9  nrk= 63

           independent matrix elements of chi       spin index= 1 1

          g          g**2          gp          gp**2          chi(g,gp)
    0   -1    0   0.21222         0   -1    0   0.21222       -0.0076457562   0.0000000000


     q= 0.9048 0.0476 0.0000  nmtx=      11  nrk= 63

           independent matrix elements of chi       spin index= 1 1

          g          g**2          gp          gp**2          chi(g,gp)
   -1    0    0   0.02358        -1    0    0   0.02358       -0.0021889665   0.0000000000


     q= 0.6190 0.1905 0.0000  nmtx=       8  nrk= 63

           independent matrix elements of chi       spin index= 1 1

          g          g**2          gp          gp**2          chi(g,gp)
   -1    0    0   0.37728        -1    0    0   0.37728       -0.0075775432   0.0000000000


     q= 0.3333 0.3333 0.0000  nmtx=       9  nrk= 63

           independent matrix elements of chi       spin index= 1 1

          g          g**2          gp          gp**2          chi(g,gp)
    0    0    0   0.16506         0    0    0   0.16506       -0.0071889820   0.0000000000


     q= 0.0476 0.4762 0.0000  nmtx=      10  nrk= 63

           independent matrix elements of chi       spin index= 1 1

          g          g**2          gp          gp**2          chi(g,gp)
    0    0    0   0.30654         0    0    0   0.30654       -0.0075959906   0.0000000000


     q= 0.7619 0.6190 0.0000  nmtx=       9  nrk= 63

           independent matrix elements of chi       spin index= 1 1

          g          g**2          gp          gp**2          chi(g,gp)
   -1   -1    0   0.16506        -1   -1    0   0.16506       -0.0072643230   0.0000000000


     q= 0.4762 0.7619 0.0000  nmtx=       7  nrk= 63

           independent matrix elements of chi       spin index= 1 1

          g          g**2          gp          gp**2          chi(g,gp)
   -1   -1    0   0.30654        -1   -1    0   0.30654       -0.0078372662   0.0000000000


     q= 0.1905 0.9048 0.0000  nmtx=       9  nrk= 63

           independent matrix elements of chi       spin index= 1 1

          g          g**2          gp          gp**2          chi(g,gp)
    0   -1    0   0.09432         0   -1    0   0.09432       -0.0058063949   0.0000000000


     q= 0.8095 0.0952 0.0000  nmtx=       9  nrk= 63

           independent matrix elements of chi       spin index= 1 1

          g          g**2          gp          gp**2          chi(g,gp)
   -1    0    0   0.09432        -1    0    0   0.09432       -0.0058063953   0.0000000000


     q= 0.5238 0.2381 0.0000  nmtx=       7  nrk= 63

           independent matrix elements of chi       spin index= 1 1

          g          g**2          gp          gp**2          chi(g,gp)
    0    0    0   0.30654         0    0    0   0.30654       -0.0078372661   0.0000000000


     q= 0.2381 0.3810 0.0000  nmtx=       9  nrk= 63

           independent matrix elements of chi       spin index= 1 1

          g          g**2          gp          gp**2          chi(g,gp)
    0    0    0   0.16506         0    0    0   0.16506       -0.0072643222   0.0000000000


     q= 0.9524 0.5238 0.0000  nmtx=      10  nrk= 63

           independent matrix elements of chi       spin index= 1 1

          g          g**2          gp          gp**2          chi(g,gp)
   -1   -1    0   0.30654        -1   -1    0   0.30654       -0.0075959913   0.0000000000


     q= 0.6667 0.6667 0.0000  nmtx=       9  nrk= 63

           independent matrix elements of chi       spin index= 1 1

          g          g**2          gp          gp**2          chi(g,gp)
   -1   -1    0   0.16506        -1   -1    0   0.16506       -0.0071889822   0.0000000000


     q= 0.3810 0.8095 0.0000  nmtx=       8  nrk= 63

           independent matrix elements of chi       spin index= 1 1

          g          g**2          gp          gp**2          chi(g,gp)
    0   -1    0   0.37728         0   -1    0   0.37728       -0.0075775426   0.0000000000


     q= 0.0952 0.9524 0.0000  nmtx=      11  nrk= 63

           independent matrix elements of chi       spin index= 1 1

          g          g**2          gp          gp**2          chi(g,gp)
    0   -1    0   0.02358         0   -1    0   0.02358       -0.0021889664   0.0000000000


     q= 0.1429 0.0952 0.0000  nmtx=      11  nrk= 63

           independent matrix elements of chi       spin index= 1 1

          g          g**2          gp          gp**2          chi(g,gp)
    0    0    0   0.02358         0    0    0   0.02358       -0.0021889664   0.0000000000


     q= 0.8571 0.2381 0.0000  nmtx=       9  nrk= 63

           independent matrix elements of chi       spin index= 1 1

          g          g**2          gp          gp**2          chi(g,gp)
   -1    0    0   0.16506        -1    0    0   0.16506       -0.0072643226   0.0000000000


     q= 0.5714 0.3810 0.0000  nmtx=       8  nrk= 63

           independent matrix elements of chi       spin index= 1 1

          g          g**2          gp          gp**2          chi(g,gp)
    0    0    0   0.37728         0    0    0   0.37728       -0.0075775427   0.0000000000


     q= 0.2857 0.5238 0.0000  nmtx=       7  nrk= 63

           independent matrix elements of chi       spin index= 1 1

          g          g**2          gp          gp**2          chi(g,gp)
    0    0    0   0.30654         0    0    0   0.30654       -0.0078372661   0.0000000000


     q= 0.0000 0.6667 0.0000  nmtx=       9  nrk= 63

           independent matrix elements of chi       spin index= 1 1

          g          g**2          gp          gp**2          chi(g,gp)
    0   -1    0   0.16506         0   -1    0   0.16506       -0.0071889821   0.0000000000


     q= 0.7143 0.8095 0.0000  nmtx=       9  nrk= 63

           independent matrix elements of chi       spin index= 1 1

          g          g**2          gp          gp**2          chi(g,gp)
   -1   -1    0   0.09432        -1   -1    0   0.09432       -0.0058063951   0.0000000000


     q= 0.4286 0.9524 0.0000  nmtx=      10  nrk= 63

           independent matrix elements of chi       spin index= 1 1

          g          g**2          gp          gp**2          chi(g,gp)
    0   -1    0   0.30654         0   -1    0   0.30654       -0.0075959906   0.0000000000


     q= 0.3333 0.0000 0.0000  nmtx=       9  nrk= 63

           independent matrix elements of chi       spin index= 1 1

          g          g**2          gp          gp**2          chi(g,gp)
    0    0    0   0.16506         0    0    0   0.16506       -0.0071889818   0.0000000000


     q= 0.0476 0.1429 0.0000  nmtx=      11  nrk= 63

           independent matrix elements of chi       spin index= 1 1

          g          g**2          gp          gp**2          chi(g,gp)
    0    0    0   0.02358         0    0    0   0.02358       -0.0021889665   0.0000000000


     q= 0.7619 0.2857 0.0000  nmtx=       7  nrk= 63

           independent matrix elements of chi       spin index= 1 1

          g          g**2          gp          gp**2          chi(g,gp)
   -1    0    0   0.30654        -1    0    0   0.30654       -0.0078372663   0.0000000000


     q= 0.4762 0.4286 0.0000  nmtx=      10  nrk= 63

           independent matrix elements of chi       spin index= 1 1

          g          g**2          gp          gp**2          chi(g,gp)
    0    0    0   0.30654         0    0    0   0.30654       -0.0075959906   0.0000000000


     q= 0.1905 0.5714 0.0000  nmtx=       8  nrk= 63

           independent matrix elements of chi       spin index= 1 1

          g          g**2          gp          gp**2          chi(g,gp)
    0    0    0   0.37728         0    0    0   0.37728       -0.0075775426   0.0000000000


     q= 0.9048 0.7143 0.0000  nmtx=       9  nrk= 63

           independent matrix elements of chi       spin index= 1 1

          g          g**2          gp          gp**2          chi(g,gp)
   -1   -1    0   0.09432        -1   -1    0   0.09432       -0.0058063954   0.0000000000


     q= 0.6190 0.8571 0.0000  nmtx=       9  nrk= 63

           independent matrix elements of chi       spin index= 1 1

          g          g**2          gp          gp**2          chi(g,gp)
   -1   -1    0   0.16506        -1   -1    0   0.16506       -0.0072643225   0.0000000000


     q= 0.2381 0.0476 0.0000  nmtx=       9  nrk= 63

           independent matrix elements of chi       spin index= 1 1

          g          g**2          gp          gp**2          chi(g,gp)
    0    0    0   0.07074         0    0    0   0.07074       -0.0049344867   0.0000000000


     q= 0.9524 0.1905 0.0000  nmtx=       9  nrk= 63

           independent matrix elements of chi       spin index= 1 1

          g          g**2          gp          gp**2          chi(g,gp)
   -1    0    0   0.07074        -1    0    0   0.07074       -0.0049344870   0.0000000000


     q= 0.6667 0.3333 0.0000  nmtx=       3  nrk= 63

           independent matrix elements of chi       spin index= 1 1

          g          g**2          gp          gp**2          chi(g,gp)
    0    0    0   0.49517         0    0    0   0.49517       -0.0071905836   0.0000000000


     q= 0.3810 0.4762 0.0000  nmtx=       8  nrk= 63

           independent matrix elements of chi       spin index= 1 1

          g          g**2          gp          gp**2          chi(g,gp)
    0    0    0   0.28296         0    0    0   0.28296       -0.0076927482   0.0000000000


     q= 0.0952 0.6190 0.0000  nmtx=       8  nrk= 63

           independent matrix elements of chi       spin index= 1 1

          g          g**2          gp          gp**2          chi(g,gp)
    0   -1    0   0.28296         0   -1    0   0.28296       -0.0076927482   0.0000000000


     q= 0.8095 0.7619 0.0000  nmtx=       9  nrk= 63

           independent matrix elements of chi       spin index= 1 1

          g          g**2          gp          gp**2          chi(g,gp)
   -1   -1    0   0.07074        -1   -1    0   0.07074       -0.0049344870   0.0000000000


     q= 0.5238 0.9048 0.0000  nmtx=       8  nrk= 63

           independent matrix elements of chi       spin index= 1 1

          g          g**2          gp          gp**2          chi(g,gp)
   -1   -1    0   0.28296        -1   -1    0   0.28296       -0.0076927488   0.0000000000


     q= 0.5714 0.0476 0.0000  nmtx=      10  nrk= 63

           independent matrix elements of chi       spin index= 1 1

          g          g**2          gp          gp**2          chi(g,gp)
   -1    0    0   0.30654        -1    0    0   0.30654       -0.0075959916   0.0000000000


     q= 0.2857 0.1905 0.0000  nmtx=       9  nrk= 63

           independent matrix elements of chi       spin index= 1 1

          g          g**2          gp          gp**2          chi(g,gp)
    0    0    0   0.09432         0    0    0   0.09432       -0.0058063950   0.0000000000


     q= 0.0000 0.3333 0.0000  nmtx=       9  nrk= 63

           independent matrix elements of chi       spin index= 1 1

          g          g**2          gp          gp**2          chi(g,gp)
    0    0    0   0.16506         0    0    0   0.16506       -0.0071889820   0.0000000000


     q= 0.7143 0.4762 0.0000  nmtx=       7  nrk= 63

           independent matrix elements of chi       spin index= 1 1

          g          g**2          gp          gp**2          chi(g,gp)
   -1   -1    0   0.30654        -1   -1    0   0.30654       -0.0078372671   0.0000000000


     q= 0.4286 0.6190 0.0000  nmtx=       8  nrk= 63

           independent matrix elements of chi       spin index= 1 1

          g          g**2          gp          gp**2          chi(g,gp)
   -1   -1    0   0.37728        -1   -1    0   0.37728       -0.0075775427   0.0000000000


     q= 0.1429 0.7619 0.0000  nmtx=       9  nrk= 63

           independent matrix elements of chi       spin index= 1 1

          g          g**2          gp          gp**2          chi(g,gp)
    0   -1    0   0.16506         0   -1    0   0.16506       -0.0072643220   0.0000000000


     q= 0.8571 0.9048 0.0000  nmtx=      11  nrk= 63

           independent matrix elements of chi       spin index= 1 1

          g          g**2          gp          gp**2          chi(g,gp)
   -1   -1    0   0.02358        -1   -1    0   0.02358       -0.0021889665   0.0000000000


     q= 0.4762 0.0952 0.0000  nmtx=       8  nrk= 63

           independent matrix elements of chi       spin index= 1 1

          g          g**2          gp          gp**2          chi(g,gp)
    0    0    0   0.28296         0    0    0   0.28296       -0.0076927482   0.0000000000


     q= 0.1905 0.2381 0.0000  nmtx=       9  nrk= 63

           independent matrix elements of chi       spin index= 1 1

          g          g**2          gp          gp**2          chi(g,gp)
    0    0    0   0.07074         0    0    0   0.07074       -0.0049344868   0.0000000000


     q= 0.9048 0.3810 0.0000  nmtx=       8  nrk= 63

           independent matrix elements of chi       spin index= 1 1

          g          g**2          gp          gp**2          chi(g,gp)
   -1    0    0   0.28296        -1    0    0   0.28296       -0.0076927481   0.0000000000


     q= 0.6190 0.5238 0.0000  nmtx=       8  nrk= 63

           independent matrix elements of chi       spin index= 1 1

          g          g**2          gp          gp**2          chi(g,gp)
   -1   -1    0   0.28296        -1   -1    0   0.28296       -0.0076927487   0.0000000000


     q= 0.3333 0.6667 0.0000  nmtx=       3  nrk= 63

           independent matrix elements of chi       spin index= 1 1

          g          g**2          gp          gp**2          chi(g,gp)
   -1   -1    0   0.49517        -1   -1    0   0.49517       -0.0071905840   0.0000000000


     q= 0.0476 0.8095 0.0000  nmtx=       9  nrk= 63

           independent matrix elements of chi       spin index= 1 1

          g          g**2          gp          gp**2          chi(g,gp)
    0   -1    0   0.07074         0   -1    0   0.07074       -0.0049344869   0.0000000000


     q= 0.7619 0.9524 0.0000  nmtx=       9  nrk= 63

           independent matrix elements of chi       spin index= 1 1

          g          g**2          gp          gp**2          chi(g,gp)
   -1   -1    0   0.07074        -1   -1    0   0.07074       -0.0049344870   0.0000000000


     q= 0.6667 0.0000 0.0000  nmtx=       9  nrk= 63

           independent matrix elements of chi       spin index= 1 1

          g          g**2          gp          gp**2          chi(g,gp)
   -1    0    0   0.16506        -1    0    0   0.16506       -0.0071889825   0.0000000000


     q= 0.3810 0.1429 0.0000  nmtx=       9  nrk= 63

           independent matrix elements of chi       spin index= 1 1

          g          g**2          gp          gp**2          chi(g,gp)
    0    0    0   0.16506         0    0    0   0.16506       -0.0072643223   0.0000000000


     q= 0.0952 0.2857 0.0000  nmtx=       9  nrk= 63

           independent matrix elements of chi       spin index= 1 1

          g          g**2          gp          gp**2          chi(g,gp)
    0    0    0   0.09432         0    0    0   0.09432       -0.0058063950   0.0000000000


     q= 0.8095 0.4286 0.0000  nmtx=       8  nrk= 63

           independent matrix elements of chi       spin index= 1 1

          g          g**2          gp          gp**2          chi(g,gp)
   -1   -1    0   0.37728        -1   -1    0   0.37728       -0.0075775436   0.0000000000


     q= 0.5238 0.5714 0.0000  nmtx=      10  nrk= 63

           independent matrix elements of chi       spin index= 1 1

          g          g**2          gp          gp**2          chi(g,gp)
   -1   -1    0   0.30654        -1   -1    0   0.30654       -0.0075959907   0.0000000000


     q= 0.2381 0.7143 0.0000  nmtx=       7  nrk= 63

           independent matrix elements of chi       spin index= 1 1

          g          g**2          gp          gp**2          chi(g,gp)
    0   -1    0   0.30654         0   -1    0   0.30654       -0.0078372658   0.0000000000


     q= 0.9524 0.8571 0.0000  nmtx=      11  nrk= 63

           independent matrix elements of chi       spin index= 1 1

          g          g**2          gp          gp**2          chi(g,gp)
   -1   -1    0   0.02358        -1   -1    0   0.02358       -0.0021889665   0.0000000000
